b'[I]   MainThread: Input (product) data... in ../dataset/dataset_product_20_2.csv'
b'[I]   MainThread: Data (product) succesfully inputed'
b'[I]   MainThread: Input (customer) data... in ../dataset/dataset_customer_20_2.csv'
b'[I]   MainThread: Data (customer) succesfully inputed'
b'[I]   MainThread: product'
b"[I]   MainThread: 1 : {'ts_in': 256, 'ts_out': 273, 'value': [122, 231]}"
b"[I]   MainThread: 2 : {'ts_in': 73, 'ts_out': 116, 'value': [171, 231]}"
b"[I]   MainThread: 3 : {'ts_in': 129, 'ts_out': 177, 'value': [188, 118]}"
b"[I]   MainThread: 4 : {'ts_in': 65, 'ts_out': 74, 'value': [66, 192]}"
b"[I]   MainThread: 5 : {'ts_in': 21, 'ts_out': 22, 'value': [176, 67]}"
b"[I]   MainThread: 6 : {'ts_in': 181, 'ts_out': 208, 'value': [97, 31]}"
b"[I]   MainThread: 7 : {'ts_in': 148, 'ts_out': 223, 'value': [162, 78]}"
b"[I]   MainThread: 8 : {'ts_in': 183, 'ts_out': 235, 'value': [77, 73]}"
b"[I]   MainThread: 9 : {'ts_in': 156, 'ts_out': 198, 'value': [145, 104]}"
b"[I]   MainThread: 10 : {'ts_in': 74, 'ts_out': 125, 'value': [27, 55]}"
b"[I]   MainThread: 11 : {'ts_in': 69, 'ts_out': 83, 'value': [123, 98]}"
b"[I]   MainThread: 12 : {'ts_in': 196, 'ts_out': 217, 'value': [85, 64]}"
b"[I]   MainThread: 13 : {'ts_in': 75, 'ts_out': 164, 'value': [201, 127]}"
b"[I]   MainThread: 14 : {'ts_in': 103, 'ts_out': 193, 'value': [162, 253]}"
b"[I]   MainThread: 15 : {'ts_in': 99, 'ts_out': 161, 'value': [114, 99]}"
b"[I]   MainThread: 16 : {'ts_in': 138, 'ts_out': 174, 'value': [59, 54]}"
b"[I]   MainThread: 17 : {'ts_in': 69, 'ts_out': 90, 'value': [38, 193]}"
b"[I]   MainThread: 18 : {'ts_in': 139, 'ts_out': 158, 'value': [201, 118]}"
b"[I]   MainThread: 19 : {'ts_in': 51, 'ts_out': 76, 'value': [123, 226]}"
b"[I]   MainThread: 20 : {'ts_in': 100, 'ts_out': 176, 'value': [41, 93]}"
b'[I]   MainThread: customer'
b"[I]   MainThread: 1 : {'ts_in': 117, 'ts_out': 175, 'value': [200, 240]}"
b"[I]   MainThread: 2 : {'ts_in': 169, 'ts_out': 210, 'value': [197, 89]}"
b"[I]   MainThread: 3 : {'ts_in': 64, 'ts_out': 101, 'value': [135, 162]}"
b"[I]   MainThread: 4 : {'ts_in': 160, 'ts_out': 178, 'value': [109, 114]}"
b"[I]   MainThread: 5 : {'ts_in': 184, 'ts_out': 214, 'value': [161, 17]}"
b"[I]   MainThread: 6 : {'ts_in': 155, 'ts_out': 177, 'value': [110, 96]}"
b"[I]   MainThread: 7 : {'ts_in': 37, 'ts_out': 103, 'value': [230, 166]}"
b"[I]   MainThread: 8 : {'ts_in': 78, 'ts_out': 123, 'value': [131, 143]}"
b"[I]   MainThread: 9 : {'ts_in': 123, 'ts_out': 201, 'value': [183, 101]}"
b"[I]   MainThread: 10 : {'ts_in': 267, 'ts_out': 344, 'value': [99, 101]}"
b"[I]   MainThread: 11 : {'ts_in': 193, 'ts_out': 214, 'value': [50, 205]}"
b"[I]   MainThread: 12 : {'ts_in': 235, 'ts_out': 297, 'value': [32, 235]}"
b"[I]   MainThread: 13 : {'ts_in': 59, 'ts_out': 121, 'value': [74, 99]}"
b"[I]   MainThread: 14 : {'ts_in': 123, 'ts_out': 132, 'value': [175, 159]}"
b"[I]   MainThread: 15 : {'ts_in': 233, 'ts_out': 298, 'value': [215, 95]}"
b"[I]   MainThread: 16 : {'ts_in': 8, 'ts_out': 10, 'value': [191, 190]}"
b"[I]   MainThread: 17 : {'ts_in': 51, 'ts_out': 130, 'value': [211, 193]}"
b"[I]   MainThread: 18 : {'ts_in': 83, 'ts_out': 96, 'value': [26, 135]}"
b"[I]   MainThread: 19 : {'ts_in': 9, 'ts_out': 58, 'value': [86, 145]}"
b"[I]   MainThread: 20 : {'ts_in': 154, 'ts_out': 190, 'value': [161, 151]}"
b'[I]   MainThread: Sorted Queue'
b'[I]   MainThread: [344, 1, 10, 1]'
b'[I]   MainThread: [298, 1, 15, 1]'
b'[I]   MainThread: [297, 1, 12, 1]'
b'[I]   MainThread: [273, 0, 1, 1]'
b'[I]   MainThread: [267, 1, 10, 0]'
b'[I]   MainThread: [256, 0, 1, 0]'
b'[I]   MainThread: [235, 0, 8, 1]'
b'[I]   MainThread: [235, 1, 12, 0]'
b'[I]   MainThread: [233, 1, 15, 0]'
b'[I]   MainThread: [223, 0, 7, 1]'
b'[I]   MainThread: [217, 0, 12, 1]'
b'[I]   MainThread: [214, 1, 11, 1]'
b'[I]   MainThread: [214, 1, 5, 1]'
b'[I]   MainThread: [210, 1, 2, 1]'
b'[I]   MainThread: [208, 0, 6, 1]'
b'[I]   MainThread: [201, 1, 9, 1]'
b'[I]   MainThread: [198, 0, 9, 1]'
b'[I]   MainThread: [196, 0, 12, 0]'
b'[I]   MainThread: [193, 0, 14, 1]'
b'[I]   MainThread: [193, 1, 11, 0]'
b'[I]   MainThread: [190, 1, 20, 1]'
b'[I]   MainThread: [184, 1, 5, 0]'
b'[I]   MainThread: [183, 0, 8, 0]'
b'[I]   MainThread: [181, 0, 6, 0]'
b'[I]   MainThread: [178, 1, 4, 1]'
b'[I]   MainThread: [177, 1, 6, 1]'
b'[I]   MainThread: [177, 0, 3, 1]'
b'[I]   MainThread: [176, 0, 20, 1]'
b'[I]   MainThread: [175, 1, 1, 1]'
b'[I]   MainThread: [174, 0, 16, 1]'
b'[I]   MainThread: [169, 1, 2, 0]'
b'[I]   MainThread: [164, 0, 13, 1]'
b'[I]   MainThread: [161, 0, 15, 1]'
b'[I]   MainThread: [160, 1, 4, 0]'
b'[I]   MainThread: [158, 0, 18, 1]'
b'[I]   MainThread: [156, 0, 9, 0]'
b'[I]   MainThread: [155, 1, 6, 0]'
b'[I]   MainThread: [154, 1, 20, 0]'
b'[I]   MainThread: [148, 0, 7, 0]'
b'[I]   MainThread: [139, 0, 18, 0]'
b'[I]   MainThread: [138, 0, 16, 0]'
b'[I]   MainThread: [132, 1, 14, 1]'
b'[I]   MainThread: [130, 1, 17, 1]'
b'[I]   MainThread: [129, 0, 3, 0]'
b'[I]   MainThread: [125, 0, 10, 1]'
b'[I]   MainThread: [123, 1, 8, 1]'
b'[I]   MainThread: [123, 1, 14, 0]'
b'[I]   MainThread: [123, 1, 9, 0]'
b'[I]   MainThread: [121, 1, 13, 1]'
b'[I]   MainThread: [117, 1, 1, 0]'
b'[I]   MainThread: [116, 0, 2, 1]'
b'[I]   MainThread: [103, 1, 7, 1]'
b'[I]   MainThread: [103, 0, 14, 0]'
b'[I]   MainThread: [101, 1, 3, 1]'
b'[I]   MainThread: [100, 0, 20, 0]'
b'[I]   MainThread: [99, 0, 15, 0]'
b'[I]   MainThread: [96, 1, 18, 1]'
b'[I]   MainThread: [90, 0, 17, 1]'
b'[I]   MainThread: [83, 0, 11, 1]'
b'[I]   MainThread: [83, 1, 18, 0]'
b'[I]   MainThread: [78, 1, 8, 0]'
b'[I]   MainThread: [76, 0, 19, 1]'
b'[I]   MainThread: [75, 0, 13, 0]'
b'[I]   MainThread: [74, 0, 4, 1]'
b'[I]   MainThread: [74, 0, 10, 0]'
b'[I]   MainThread: [73, 0, 2, 0]'
b'[I]   MainThread: [69, 0, 17, 0]'
b'[I]   MainThread: [69, 0, 11, 0]'
b'[I]   MainThread: [65, 0, 4, 0]'
b'[I]   MainThread: [64, 1, 3, 0]'
b'[I]   MainThread: [59, 1, 13, 0]'
b'[I]   MainThread: [58, 1, 19, 1]'
b'[I]   MainThread: [51, 1, 17, 0]'
b'[I]   MainThread: [51, 0, 19, 0]'
b'[I]   MainThread: [37, 1, 7, 0]'
b'[I]   MainThread: [22, 0, 5, 1]'
b'[I]   MainThread: [21, 0, 5, 0]'
b'[I]   MainThread: [10, 1, 16, 1]'
b'[I]   MainThread: [9, 1, 19, 0]'
b'[I]   MainThread: [8, 1, 16, 0]'
b'[I]   MainThread: Dequeue event [8, 1, 16, 0]'
b'[I]   MainThread: [C-16 in] Make thread'
b'[I]   MainThread: Dequeue event [9, 1, 19, 0]'
b'[I]   MainThread: [C-19 in] Make thread'
b'[I]   MainThread: Dequeue event [10, 1, 16, 1]'
b'[I]   MainThread: [C-16 out] Kill thread'
b'[I]   MainThread: Dequeue event [21, 0, 5, 0]'
b'[I]   MainThread: [P-5 in] Masuk ke produk aktif: [5]'
b'[I]   MainThread: Dequeue event [22, 0, 5, 1]'
b'[I]   MainThread: [P-5 out] Hapus dari produk aktif: []'
b'[I]   MainThread: Dequeue event [37, 1, 7, 0]'
b'[I]   MainThread: [C-7 in] Make thread'
b'[I]   MainThread: Dequeue event [51, 0, 19, 0]'
b'[I]   MainThread: [P-19 in] Masuk ke produk aktif: [19]'
b'[I]   MainThread: Dequeue event [51, 1, 17, 0]'
b'[I]   MainThread: [C-17 in] Make thread'
b'[I]   MainThread: Dequeue event [58, 1, 19, 1]'
b'[I]   MainThread: [C-19 out] Kill thread'
b'[I]   MainThread: Dequeue event [59, 1, 13, 0]'
b'[I]   MainThread: [C-13 in] Make thread'
b'[I]   MainThread: Dequeue event [64, 1, 3, 0]'
b'[I]   MainThread: [C-3 in] Make thread'
b'[I]   MainThread: Dequeue event [65, 0, 4, 0]'
b'[I]   MainThread: [P-4 in] Masuk ke produk aktif: [19, 4]'
b'[I]   MainThread: Dequeue event [69, 0, 11, 0]'
b'[I]   MainThread: [P-11 in] Masuk ke produk aktif: [19, 4, 11]'
