b'[I]   thread_c20: thread_c20 starting..., ts: 154'
b'[I]   thread_c20: ========================================================================'
b'[I]   thread_c20: Initial dynamic skyline'
b'[I]   thread_c20: Customer value : [161, 151]'
b"[I]   thread_c20: Product value : {13: {'value': [201, 127], 'diff': [40, 24]}, 15: {'value': [114, 99], 'diff': [47, 52]}, 20: {'value': [41, 93], 'diff': [120, 58]}, 14: {'value': [162, 253], 'diff': [1, 102]}, 3: {'value': [188, 118], 'diff': [27, 33]}, 16: {'value': [59, 54], 'diff': [102, 97]}, 18: {'value': [201, 118], 'diff': [40, 33]}, 7: {'value': [162, 78], 'diff': [1, 73]}}"
b'[I]   thread_c20: Current DSL : {}'
b"[I]   thread_c20: Current DSL + Product value : {13: {'value': [201, 127], 'diff': [40, 24]}, 15: {'value': [114, 99], 'diff': [47, 52]}, 20: {'value': [41, 93], 'diff': [120, 58]}, 14: {'value': [162, 253], 'diff': [1, 102]}, 3: {'value': [188, 118], 'diff': [27, 33]}, 16: {'value': [59, 54], 'diff': [102, 97]}, 18: {'value': [201, 118], 'diff': [40, 33]}, 7: {'value': [162, 78], 'diff': [1, 73]}}"
b'[I]   thread_c20: Current DSL sorted : [7, 14, 3, 13, 18, 15, 16, 20]'
b"[I]   thread_c20: DSL Result : {13: {'value': [201, 127], 'diff': [40, 24]}, 3: {'value': [188, 118], 'diff': [27, 33], 'dominating': [18, 15, 20]}, 7: {'value': [162, 78], 'diff': [1, 73], 'dominating': [14, 16]}}"
b'[I]   thread_c20: Last update 1 pbox[13] = 0'
b'[I]   thread_c20: Add score pbox[13][154] + 0.3333333333333333 = 0.3333333333333333'
b'[I]   thread_c20: Last update 1 pbox[3] = 0'
b'[I]   thread_c20: Add score pbox[3][154] + 0.3333333333333333 = 0.3333333333333333'
b'[I]   thread_c20: Last update 1 pbox[7] = 0'
b'[I]   thread_c20: Add score pbox[7][154] + 0.3333333333333333 = 0.3333333333333333'
b'[I]   thread_c20: Last update 2 pbox[13] = timestamp: 154 | probability: 0.3333333333333333'
b'[I]   thread_c20: Last update 2 pbox[3] = timestamp: 154 | probability: 0.3333333333333333'
b'[I]   thread_c20: Last update 2 pbox[7] = timestamp: 154 | probability: 0.3333333333333333'
b'[I]   thread_c20: ========================================================================'
b'[I]   thread_c20: Product 9 in, ts: 156'
b'[I]   thread_c20: Customer value : [161, 151]'
b"[I]   thread_c20: Product value : {9: {'value': [145, 104], 'diff': [16, 47]}}"
b"[I]   thread_c20: Current DSL : {13: {'value': [201, 127], 'diff': [40, 24], 'last_ts': 154, 'last_prob': 0.3333333333333333}, 3: {'value': [188, 118], 'diff': [27, 33], 'dominating': [18, 15, 20], 'last_ts': 154, 'last_prob': 0.3333333333333333}, 7: {'value': [162, 78], 'diff': [1, 73], 'dominating': [14, 16], 'last_ts': 154, 'last_prob': 0.3333333333333333}}"
b"[I]   thread_c20: Current DSL + Product value : {13: {'value': [201, 127], 'diff': [40, 24], 'last_ts': 154, 'last_prob': 0.3333333333333333}, 3: {'value': [188, 118], 'diff': [27, 33], 'dominating': [18, 15, 20], 'last_ts': 154, 'last_prob': 0.3333333333333333}, 7: {'value': [162, 78], 'diff': [1, 73], 'dominating': [14, 16], 'last_ts': 154, 'last_prob': 0.3333333333333333}, 9: {'value': [145, 104], 'diff': [16, 47]}}"
b'[I]   thread_c20: Current DSL sorted : [7, 9, 3, 13]'
b"[I]   thread_c20: DSL Result : {13: {'value': [201, 127], 'diff': [40, 24], 'last_ts': 154, 'last_prob': 0.3333333333333333}, 3: {'value': [188, 118], 'diff': [27, 33], 'dominating': [18, 15, 20], 'last_ts': 154, 'last_prob': 0.3333333333333333}, 7: {'value': [162, 78], 'diff': [1, 73], 'dominating': [14, 16], 'last_ts': 154, 'last_prob': 0.3333333333333333}, 9: {'value': [145, 104], 'diff': [16, 47]}}"
b'[I]   thread_c20: Last update 1 pbox[13] = 154'
b'[I]   thread_c20: Update score pbox[13][155] + 0.3333333333333333 = 0.3333333333333333'
b'[I]   thread_c20: Add score pbox[13][156] + 0.25 = 0.25'
b'[I]   thread_c20: Last update 1 pbox[3] = 154'
b'[I]   thread_c20: Update score pbox[3][155] + 0.3333333333333333 = 0.3333333333333333'
b'[I]   thread_c20: Add score pbox[3][156] + 0.25 = 0.25'
b'[I]   thread_c20: Last update 1 pbox[7] = 154'
b'[I]   thread_c20: Update score pbox[7][155] + 0.3333333333333333 = 0.3333333333333333'
b'[I]   thread_c20: Add score pbox[7][156] + 0.25 = 0.25'
b'[I]   thread_c20: Last update 1 pbox[9] = 0'
b'[I]   thread_c20: Add score pbox[9][156] + 0.25 = 0.25'
b'[I]   thread_c20: Last update 2 pbox[13] = timestamp: 156 | probability: 0.25'
b'[I]   thread_c20: Last update 2 pbox[3] = timestamp: 156 | probability: 0.25'
b'[I]   thread_c20: Last update 2 pbox[7] = timestamp: 156 | probability: 0.25'
b'[I]   thread_c20: Last update 2 pbox[9] = timestamp: 156 | probability: 0.25'
b'[I]   thread_c20: ========================================================================'
b'[I]   thread_c20: Product 18 out, ts: 158'
b'[I]   thread_c20: ========================================================================'
b'[I]   thread_c20: Product 15 out, ts: 161'
b'[I]   thread_c20: ========================================================================'
b'[I]   thread_c20: Product 13 out, ts: 164'
b'[I]   thread_c20: Last update 1 pbox[13] = 156'
b'[I]   thread_c20: Update score pbox[13][157] + 0.25 = 0.75'
b'[I]   thread_c20: Update score pbox[13][158] + 0.25 = 0.75'
b'[I]   thread_c20: Update score pbox[13][159] + 0.25 = 0.75'
b'[I]   thread_c20: Update score pbox[13][160] + 0.25 = 0.75'
b'[I]   thread_c20: Update score pbox[13][161] + 0.25 = 0.75'
b'[I]   thread_c20: Update score pbox[13][162] + 0.25 = 0.75'
b'[I]   thread_c20: Update score pbox[13][163] + 0.25 = 0.75'
b'[I]   thread_c20: Add score pbox[13][164] + 0.25 = 0.75'
b'[I]   thread_c20: Last update 1 pbox[3] = 156'
b'[I]   thread_c20: Update score pbox[3][157] + 0.25 = 0.5833333333333333'
b'[I]   thread_c20: Update score pbox[3][158] + 0.25 = 0.5833333333333333'
b'[I]   thread_c20: Update score pbox[3][159] + 0.25 = 0.5833333333333333'
b'[I]   thread_c20: Update score pbox[3][160] + 0.25 = 0.9166666666666666'
b'[I]   thread_c20: Update score pbox[3][161] + 0.25 = 0.9166666666666666'
b'[I]   thread_c20: Update score pbox[3][162] + 0.25 = 0.25'
b'[I]   thread_c20: Update score pbox[3][163] + 0.25 = 0.25'
b'[I]   thread_c20: Add score pbox[3][164] + 0.25 = 0.25'
b'[I]   thread_c20: Last update 1 pbox[7] = 156'
b'[I]   thread_c20: Update score pbox[7][157] + 0.25 = 0.25'
b'[I]   thread_c20: Update score pbox[7][158] + 0.25 = 0.25'
b'[I]   thread_c20: Update score pbox[7][159] + 0.25 = 0.25'
b'[I]   thread_c20: Update score pbox[7][160] + 0.25 = 0.25'
b'[I]   thread_c20: Update score pbox[7][161] + 0.25 = 0.25'
b'[I]   thread_c20: Update score pbox[7][162] + 0.25 = 0.25'
b'[I]   thread_c20: Update score pbox[7][163] + 0.25 = 0.25'
b'[I]   thread_c20: Add score pbox[7][164] + 0.25 = 0.25'
b'[I]   thread_c20: Last update 1 pbox[9] = 156'
b'[I]   thread_c20: Update score pbox[9][157] + 0.25 = 0.5833333333333333'
b'[I]   thread_c20: Update score pbox[9][158] + 0.25 = 0.5833333333333333'
b'[I]   thread_c20: Update score pbox[9][159] + 0.25 = 0.5833333333333333'
b'[I]   thread_c20: Update score pbox[9][160] + 0.25 = 0.9166666666666666'
b'[I]   thread_c20: Update score pbox[9][161] + 0.25 = 1.4166666666666665'
b'[I]   thread_c20: Update score pbox[9][162] + 0.25 = 0.25'
b'[I]   thread_c20: Update score pbox[9][163] + 0.25 = 0.25'
b'[I]   thread_c20: Add score pbox[9][164] + 0.25 = 0.25'
b'[I]   thread_c20: Last update 2 pbox[13] = timestamp: 164 | probability: 0.25'
b'[I]   thread_c20: Last update 2 pbox[3] = timestamp: 164 | probability: 0.25'
b'[I]   thread_c20: Last update 2 pbox[7] = timestamp: 164 | probability: 0.25'
b'[I]   thread_c20: Last update 2 pbox[9] = timestamp: 164 | probability: 0.25'
b'[I]   thread_c20: ========================================================================'
b'[I]   thread_c20: Product 16 out, ts: 174'
b'[I]   thread_c20: ========================================================================'
b'[I]   thread_c20: Product 20 out, ts: 176'
b'[I]   thread_c20: ========================================================================'
b'[I]   thread_c20: Product 3 out, ts: 177'
b'[I]   thread_c20: Last update 1 pbox[3] = 164'
b'[I]   thread_c20: Update score pbox[3][165] + 0.25 = 0.75'
b'[I]   thread_c20: Update score pbox[3][166] + 0.25 = 0.75'
b'[I]   thread_c20: Update score pbox[3][167] + 0.25 = 0.75'
b'[I]   thread_c20: Update score pbox[3][168] + 0.25 = 0.75'
b'[I]   thread_c20: Update score pbox[3][169] + 0.25 = 1.0833333333333333'
b'[I]   thread_c20: Update score pbox[3][170] + 0.25 = 1.0833333333333333'
b'[I]   thread_c20: Update score pbox[3][171] + 0.25 = 1.0833333333333333'
b'[I]   thread_c20: Update score pbox[3][172] + 0.25 = 1.0833333333333333'
b'[I]   thread_c20: Update score pbox[3][173] + 0.25 = 1.0833333333333333'
b'[I]   thread_c20: Update score pbox[3][174] + 0.25 = 1.0833333333333333'
b'[I]   thread_c20: Update score pbox[3][175] + 0.25 = 1.0833333333333333'
b'[I]   thread_c20: Update score pbox[3][176] + 0.25 = 0.5833333333333333'
b'[I]   thread_c20: Add score pbox[3][177] + 0.3333333333333333 = 0.8333333333333333'
b'[I]   thread_c20: Last update 1 pbox[7] = 164'
b'[I]   thread_c20: Update score pbox[7][165] + 0.25 = 0.25'
b'[I]   thread_c20: Update score pbox[7][166] + 0.25 = 0.25'
b'[I]   thread_c20: Update score pbox[7][167] + 0.25 = 0.25'
b'[I]   thread_c20: Update score pbox[7][168] + 0.25 = 0.25'
b'[I]   thread_c20: Update score pbox[7][169] + 0.25 = 0.5833333333333333'
b'[I]   thread_c20: Update score pbox[7][170] + 0.25 = 0.5833333333333333'
b'[I]   thread_c20: Update score pbox[7][171] + 0.25 = 0.5833333333333333'
b'[I]   thread_c20: Update score pbox[7][172] + 0.25 = 0.5833333333333333'
b'[I]   thread_c20: Update score pbox[7][173] + 0.25 = 0.5833333333333333'
b'[I]   thread_c20: Update score pbox[7][174] + 0.25 = 0.5833333333333333'
b'[I]   thread_c20: Update score pbox[7][175] + 0.25 = 0.5833333333333333'
b'[I]   thread_c20: Update score pbox[7][176] + 0.25 = 0.5833333333333333'
b'[I]   thread_c20: Add score pbox[7][177] + 0.3333333333333333 = 0.8333333333333333'
b'[I]   thread_c20: Last update 1 pbox[9] = 164'
b'[I]   thread_c20: Update score pbox[9][165] + 0.25 = 1.75'
b'[I]   thread_c20: Update score pbox[9][166] + 0.25 = 1.75'
b'[I]   thread_c20: Update score pbox[9][167] + 0.25 = 1.75'
b'[I]   thread_c20: Update score pbox[9][168] + 0.25 = 1.75'
b'[I]   thread_c20: Update score pbox[9][169] + 0.25 = 1.75'
b'[I]   thread_c20: Update score pbox[9][170] + 0.25 = 1.75'
b'[I]   thread_c20: Update score pbox[9][171] + 0.25 = 1.75'
b'[I]   thread_c20: Update score pbox[9][172] + 0.25 = 1.75'
b'[I]   thread_c20: Update score pbox[9][173] + 0.25 = 1.75'
b'[I]   thread_c20: Update score pbox[9][174] + 0.25 = 1.75'
b'[I]   thread_c20: Update score pbox[9][175] + 0.25 = 1.75'
b'[I]   thread_c20: Update score pbox[9][176] + 0.25 = 1.75'
b'[I]   thread_c20: Add score pbox[9][177] + 0.3333333333333333 = 1.3333333333333333'
b'[I]   thread_c20: Last update 2 pbox[3] = timestamp: 177 | probability: 0.3333333333333333'
b'[I]   thread_c20: Last update 2 pbox[7] = timestamp: 177 | probability: 0.3333333333333333'
b'[I]   thread_c20: Last update 2 pbox[9] = timestamp: 177 | probability: 0.3333333333333333'
b'[I]   thread_c20: Dominating : [18, 15, 20]'
b'[I]   thread_c20: Product active now : [14, 3, 7, 9]'
b'[I]   thread_c20: Active child = []'
b'[I]   thread_c20: Active child of [P-3] : []'
b'[I]   thread_c20: ========================================================================'
b'[I]   thread_c20: Product 6 in, ts: 181'
b'[I]   thread_c20: Customer value : [161, 151]'
b"[I]   thread_c20: Product value : {6: {'value': [97, 31], 'diff': [64, 120]}}"
b"[I]   thread_c20: Current DSL : {7: {'value': [162, 78], 'diff': [1, 73], 'dominating': [14, 16], 'last_ts': 177, 'last_prob': 0.3333333333333333}, 9: {'value': [145, 104], 'diff': [16, 47], 'last_ts': 177, 'last_prob': 0.3333333333333333}}"
b"[I]   thread_c20: Current DSL + Product value : {7: {'value': [162, 78], 'diff': [1, 73], 'dominating': [14, 16], 'last_ts': 177, 'last_prob': 0.3333333333333333}, 9: {'value': [145, 104], 'diff': [16, 47], 'last_ts': 177, 'last_prob': 0.3333333333333333}, 6: {'value': [97, 31], 'diff': [64, 120]}}"
b'[I]   thread_c20: Current DSL sorted : [7, 9, 6]'
b"[I]   thread_c20: DSL Result : {7: {'value': [162, 78], 'diff': [1, 73], 'dominating': [14, 16, 6], 'last_ts': 177, 'last_prob': 0.3333333333333333}, 9: {'value': [145, 104], 'diff': [16, 47], 'last_ts': 177, 'last_prob': 0.3333333333333333}}"
b'[I]   thread_c20: Last update 1 pbox[7] = 177'
b'[I]   thread_c20: Update score pbox[7][178] + 0.3333333333333333 = 0.3333333333333333'
b'[I]   thread_c20: Update score pbox[7][179] + 0.3333333333333333 = 0.3333333333333333'
b'[I]   thread_c20: Update score pbox[7][180] + 0.3333333333333333 = 0.3333333333333333'
b'[I]   thread_c20: Add score pbox[7][181] + 0.5 = 0.5'
b'[I]   thread_c20: Last update 1 pbox[9] = 177'
b'[I]   thread_c20: Update score pbox[9][178] + 0.3333333333333333 = 1.8333333333333333'
b'[I]   thread_c20: Update score pbox[9][179] + 0.3333333333333333 = 0.8333333333333333'
b'[I]   thread_c20: Update score pbox[9][180] + 0.3333333333333333 = 0.8333333333333333'
b'[I]   thread_c20: Add score pbox[9][181] + 0.5 = 1.0'
b'[I]   thread_c20: Last update 2 pbox[7] = timestamp: 181 | probability: 0.5'
b'[I]   thread_c20: Last update 2 pbox[9] = timestamp: 181 | probability: 0.5'
b'[I]   thread_c20: ========================================================================'
b'[I]   thread_c20: Product 8 in, ts: 183'
b'[I]   thread_c20: Customer value : [161, 151]'
b"[I]   thread_c20: Product value : {8: {'value': [77, 73], 'diff': [84, 78]}}"
b"[I]   thread_c20: Current DSL : {7: {'value': [162, 78], 'diff': [1, 73], 'dominating': [14, 16, 6], 'last_ts': 181, 'last_prob': 0.5}, 9: {'value': [145, 104], 'diff': [16, 47], 'last_ts': 181, 'last_prob': 0.5}}"
b"[I]   thread_c20: Current DSL + Product value : {7: {'value': [162, 78], 'diff': [1, 73], 'dominating': [14, 16, 6], 'last_ts': 181, 'last_prob': 0.5}, 9: {'value': [145, 104], 'diff': [16, 47], 'last_ts': 181, 'last_prob': 0.5}, 8: {'value': [77, 73], 'diff': [84, 78]}}"
b'[I]   thread_c20: Current DSL sorted : [7, 9, 8]'
b"[I]   thread_c20: DSL Result : {7: {'value': [162, 78], 'diff': [1, 73], 'dominating': [14, 16, 6, 8], 'last_ts': 181, 'last_prob': 0.5}, 9: {'value': [145, 104], 'diff': [16, 47], 'last_ts': 181, 'last_prob': 0.5}}"
b'[I]   thread_c20: Last update 1 pbox[7] = 181'
b'[I]   thread_c20: Update score pbox[7][182] + 0.5 = 1.5'
b'[I]   thread_c20: Add score pbox[7][183] + 0.5 = 1.5'
b'[I]   thread_c20: Last update 1 pbox[9] = 181'
b'[I]   thread_c20: Update score pbox[9][182] + 0.5 = 1.0'
b'[I]   thread_c20: Add score pbox[9][183] + 0.5 = 1.0'
b'[I]   thread_c20: Last update 2 pbox[7] = timestamp: 183 | probability: 0.5'
b'[I]   thread_c20: Last update 2 pbox[9] = timestamp: 183 | probability: 0.5'
b'[I]   thread_c20: ========================================================================'
b'[I]   thread_c20: thread_c20 killed..., ts: 190'
b'[I]   thread_c20: Last update 1 pbox[7] = 183'
b'[I]   thread_c20: Update score pbox[7][184] + 0.5 = 0.5'
b'[I]   thread_c20: Update score pbox[7][185] + 0.5 = 0.5'
b'[I]   thread_c20: Update score pbox[7][186] + 0.5 = 0.5'
b'[I]   thread_c20: Update score pbox[7][187] + 0.5 = 0.5'
b'[I]   thread_c20: Update score pbox[7][188] + 0.5 = 0.5'
b'[I]   thread_c20: Update score pbox[7][189] + 0.5 = 0.5'
b'[I]   thread_c20: Add score pbox[7][190] + 0.5 = 0.5'
b'[I]   thread_c20: Last update 1 pbox[9] = 183'
b'[I]   thread_c20: Update score pbox[9][184] + 0.5 = 0.5'
b'[I]   thread_c20: Update score pbox[9][185] + 0.5 = 0.5'
b'[I]   thread_c20: Update score pbox[9][186] + 0.5 = 0.5'
b'[I]   thread_c20: Update score pbox[9][187] + 0.5 = 0.5'
b'[I]   thread_c20: Update score pbox[9][188] + 0.5 = 0.5'
b'[I]   thread_c20: Update score pbox[9][189] + 0.5 = 0.5'
b'[I]   thread_c20: Add score pbox[9][190] + 0.5 = 0.5'
b'[I]   thread_c20: thread_c20 exiting'
