b'[I]   thread_c14: thread_c14 starting..., ts: 123'
b'[I]   thread_c14: ========================================================================'
b'[I]   thread_c14: Initial dynamic skyline'
b'[I]   thread_c14: Customer value : [175, 159]'
b"[I]   thread_c14: Product value : {10: {'value': [27, 55], 'diff': [148, 104]}, 13: {'value': [201, 127], 'diff': [26, 32]}, 15: {'value': [114, 99], 'diff': [61, 60]}, 20: {'value': [41, 93], 'diff': [134, 66]}, 14: {'value': [162, 253], 'diff': [13, 94]}}"
b'[I]   thread_c14: Current DSL : {}'
b"[I]   thread_c14: Current DSL + Product value : {10: {'value': [27, 55], 'diff': [148, 104]}, 13: {'value': [201, 127], 'diff': [26, 32]}, 15: {'value': [114, 99], 'diff': [61, 60]}, 20: {'value': [41, 93], 'diff': [134, 66]}, 14: {'value': [162, 253], 'diff': [13, 94]}}"
b'[I]   thread_c14: Current DSL sorted : [14, 13, 15, 20, 10]'
b"[I]   thread_c14: DSL Result : {13: {'value': [201, 127], 'diff': [26, 32], 'dominating': [15, 20]}, 14: {'value': [162, 253], 'diff': [13, 94], 'dominating': [10]}}"
b'[I]   thread_c14: Last update 1 pbox[13] = 0'
b'[I]   thread_c14: Add score pbox[13][123] + 0.5 = 1.0'
b'[I]   thread_c14: Last update 1 pbox[14] = 0'
b'[I]   thread_c14: Add score pbox[14][123] + 0.5 = 0.5'
b'[I]   thread_c14: Last update 2 pbox[13] = timestamp: 123 | probability: 0.5'
b'[I]   thread_c14: Last update 2 pbox[14] = timestamp: 123 | probability: 0.5'
b'[I]   thread_c14: ========================================================================'
b'[I]   thread_c14: Product 10 out, ts: 125'
b'[I]   thread_c14: ========================================================================'
b'[I]   thread_c14: Product 3 in, ts: 129'
b'[I]   thread_c14: Customer value : [175, 159]'
b"[I]   thread_c14: Product value : {3: {'value': [188, 118], 'diff': [13, 41]}}"
b"[I]   thread_c14: Current DSL : {13: {'value': [201, 127], 'diff': [26, 32], 'dominating': [15, 20], 'last_ts': 123, 'last_prob': 0.5}, 14: {'value': [162, 253], 'diff': [13, 94], 'dominating': [10], 'last_ts': 123, 'last_prob': 0.5}}"
b"[I]   thread_c14: Current DSL + Product value : {13: {'value': [201, 127], 'diff': [26, 32], 'dominating': [15, 20], 'last_ts': 123, 'last_prob': 0.5}, 14: {'value': [162, 253], 'diff': [13, 94], 'dominating': [10], 'last_ts': 123, 'last_prob': 0.5}, 3: {'value': [188, 118], 'diff': [13, 41]}}"
b'[I]   thread_c14: Current DSL sorted : [3, 14, 13]'
b"[I]   thread_c14: DSL Result : {13: {'value': [201, 127], 'diff': [26, 32], 'dominating': [15, 20], 'last_ts': 123, 'last_prob': 0.5}, 3: {'value': [188, 118], 'diff': [13, 41], 'dominating': [14]}}"
b'[I]   thread_c14: Last update 1 pbox[13] = 123'
b'[I]   thread_c14: Update score pbox[13][124] + 0.5 = 1.0'
b'[I]   thread_c14: Update score pbox[13][125] + 0.5 = 1.0'
b'[I]   thread_c14: Update score pbox[13][126] + 0.5 = 1.0'
b'[I]   thread_c14: Update score pbox[13][127] + 0.5 = 1.0'
b'[I]   thread_c14: Update score pbox[13][128] + 0.5 = 1.0'
b'[I]   thread_c14: Add score pbox[13][129] + 0.5 = 1.0'
b'[I]   thread_c14: Last update 1 pbox[3] = 0'
b'[I]   thread_c14: Add score pbox[3][129] + 0.5 = 1.0'
b'[I]   thread_c14: Last update 2 pbox[13] = timestamp: 129 | probability: 0.5'
b'[I]   thread_c14: Last update 2 pbox[3] = timestamp: 129 | probability: 0.5'
b'[I]   thread_c14: ========================================================================'
b'[I]   thread_c14: thread_c14 killed..., ts: 132'
b'[I]   thread_c14: Last update 1 pbox[13] = 129'
b'[I]   thread_c14: Update score pbox[13][130] + 0.5 = 1.0'
b'[I]   thread_c14: Update score pbox[13][131] + 0.5 = 0.5'
b'[I]   thread_c14: Add score pbox[13][132] + 0.5 = 0.5'
b'[I]   thread_c14: Last update 1 pbox[3] = 129'
b'[I]   thread_c14: Update score pbox[3][130] + 0.5 = 0.5'
b'[I]   thread_c14: Update score pbox[3][131] + 0.5 = 0.5'
b'[I]   thread_c14: Add score pbox[3][132] + 0.5 = 0.5'
b'[I]   thread_c14: thread_c14 exiting'
