b'[I]    thread_c3: Starting'
b'[I]    thread_c3: Initial dynamic skyline'
b'[I]    thread_c3: Customer values : [6, 11]'
b'[I]    thread_c3: Product values sorted : [[2, [4, 12]], [1, [6, 3]], [3, [6, 15]], [5, [12, 10]]]'
b'[I]    thread_c3: [P-2] diff : [2, 1] vs [P-2] diff: [2, 1]'
b'[I]    thread_c3: [P-2] saling mendominasi dengan [P-2]'
b'[I]    thread_c3: [P-2] diff : [2, 1] vs [P-1] diff: [0, 8]'
b'[I]    thread_c3: [P-2] saling mendominasi dengan [P-1]'
b'[I]    thread_c3: [P-2] diff : [2, 1] vs [P-3] diff: [0, 4]'
b'[I]    thread_c3: [P-2] saling mendominasi dengan [P-3]'
b'[I]    thread_c3: [P-2] diff : [2, 1] vs [P-5] diff: [6, 1]'
b'[I]    thread_c3: [P-2] mendominasi [P-5]'
b'[I]    thread_c3: [P-1] diff : [0, 8] vs [P-2] diff: [2, 1]'
b'[I]    thread_c3: [P-1] saling mendominasi dengan [P-2]'
b'[I]    thread_c3: [P-1] diff : [0, 8] vs [P-1] diff: [0, 8]'
b'[I]    thread_c3: [P-1] saling mendominasi dengan [P-1]'
b'[I]    thread_c3: [P-1] diff : [0, 8] vs [P-3] diff: [0, 4]'
b'[I]    thread_c3: [P-1] didominasi [P-3]'
b'[I]    thread_c3: [P-1] diff : [0, 8] vs [P-5] diff: [6, 1]'
b'[I]    thread_c3: [P-1] saling mendominasi dengan [P-5]'
b'[I]    thread_c3: [P-3] diff : [0, 4] vs [P-2] diff: [2, 1]'
b'[I]    thread_c3: [P-3] saling mendominasi dengan [P-2]'
b'[I]    thread_c3: [P-3] diff : [0, 4] vs [P-1] diff: [0, 8]'
b'[I]    thread_c3: [P-3] mendominasi [P-1]'
b'[I]    thread_c3: [P-3] diff : [0, 4] vs [P-3] diff: [0, 4]'
b'[I]    thread_c3: [P-3] saling mendominasi dengan [P-3]'
b'[I]    thread_c3: [P-3] diff : [0, 4] vs [P-5] diff: [6, 1]'
b'[I]    thread_c3: [P-3] saling mendominasi dengan [P-5]'
b'[I]    thread_c3: [P-5] diff : [6, 1] vs [P-2] diff: [2, 1]'
b'[I]    thread_c3: [P-5] didominasi [P-2]'
b'[I]    thread_c3: [P-5] diff : [6, 1] vs [P-1] diff: [0, 8]'
b'[I]    thread_c3: [P-5] saling mendominasi dengan [P-1]'
b'[I]    thread_c3: [P-5] diff : [6, 1] vs [P-3] diff: [0, 4]'
b'[I]    thread_c3: [P-5] saling mendominasi dengan [P-3]'
b'[I]    thread_c3: [P-5] diff : [6, 1] vs [P-5] diff: [6, 1]'
b'[I]    thread_c3: [P-5] saling mendominasi dengan [P-5]'
b'[I]    thread_c3: Hasil Dynamic Skyline : {2: [2, 1], 3: [0, 4]}'
b'[I]    thread_c3: Close domination relationship: {2: [5], 3: [1]}'
b'[I]    thread_c3: Add score DSL = [2, 3]'
b'[I]    thread_c3: Last update 1 pbox[2] = 0'
b'[I]    thread_c3: Insert PandoraBox [2][10] + 0.5 = 0.5'
b'[I]    thread_c3: Last update 1 pbox[3] = 0'
b'[I]    thread_c3: Insert PandoraBox [3][10] + 0.5 = 0.5'
b'[I]    thread_c3: Last update 2 pbox[2] = 10'
b'[I]    thread_c3: Last update 2 pbox[3] = 10'
b'[I]    thread_c3: Product 1 out'
b'[I]    thread_c3: Product 2 out'
b'[I]    thread_c3: DSL Results: {3: [0, 4]}'
b'[I]    thread_c3: product active now: [5, 2, 3]'
b'[I]    thread_c3: Close domination: 2 - [5]'
b'[I]    thread_c3: Customer values : [6, 11]'
b'[I]    thread_c3: Product values sorted : [[5, [12, 10]]]'
b'[I]    thread_c3: Current DSL: [[3, [0], [0, 4]]]'
b'[I]    thread_c3: [P-5] diff : [6, 1] vs [P-3] diff: [0, 4]'
b'[I]    thread_c3: [P-5] saling mendominasi dengan [P-3]'
b'[I]    thread_c3: Hasil Dynamic Skyline : {5: [6, 1], 3: [0, 4]}'
b'[I]    thread_c3: Close domination relationship: {2: [5], 3: [1]}'
b'[I]    thread_c3: Add score DSL = [5, 3]'
b'[I]    thread_c3: Last update 1 pbox[5] = 0'
b'[I]    thread_c3: Insert PandoraBox [5][13] + 0.5 = 0.5'
b'[I]    thread_c3: Last update 1 pbox[3] = 10'
b'[I]    thread_c3: Update score pbox[3][11] + 0.5 = 0.5'
b'[I]    thread_c3: Update score pbox[3][12] + 0.5 = 0.5'
b'[I]    thread_c3: Insert PandoraBox [3][13] + 0.5 = 0.8333333333333333'
b'[I]    thread_c3: Last update 2 pbox[5] = 13'
b'[I]    thread_c3: Last update 2 pbox[3] = 13'
b'[I]    thread_c3: Product 3 out'
b'[I]    thread_c3: DSL Results: {5: [6, 1]}'
b'[I]    thread_c3: product active now: [5, 3]'
b'[I]    thread_c3: Close domination: 3 - []'
b'[I]    thread_c3: Product 5 out'
b'[I]    thread_c3: DSL Results: {}'
b'[I]    thread_c3: product active now: [5]'
b'[I]    thread_c3: Close domination: 5 - []'
b'[I]    thread_c3: Exiting'
