b'[I]   thread_c19: thread_c19 starting..., ts: 9'
b'[I]   thread_c19: ========================================================================'
b'[I]   thread_c19: Product 5 in, ts: 22'
b'[I]   thread_c19: Customer value : [86, 145]'
b"[I]   thread_c19: Product value : {5: {'value': [176, 67], 'diff': [90, 78]}}"
b'[I]   thread_c19: Current DSL : {}'
b"[I]   thread_c19: Current DSL + Product value : {5: {'value': [176, 67], 'diff': [90, 78]}}"
b'[I]   thread_c19: Current DSL sorted : [5]'
b"[I]   thread_c19: DSL Result : {5: {'value': [176, 67], 'diff': [90, 78]}}"
b'[I]   thread_c19: Last update 1 pbox[5] = 0'
b'[I]   thread_c19: Add score pbox[5][51] + 1.0 = 1.0'
b'[I]   thread_c19: Last update 2 pbox[5] = timestamp: 51 | probability: 1.0'
b'[I]   thread_c19: ========================================================================'
b'[I]   thread_c19: thread_c19 killed..., ts: 58'
b'[I]   thread_c19: Last update 1 pbox[5] = 51'
b'[I]   thread_c19: Update score pbox[5][52] + 1.0 = 1.0'
b'[I]   thread_c19: Update score pbox[5][53] + 1.0 = 1.0'
b'[I]   thread_c19: Update score pbox[5][54] + 1.0 = 1.0'
b'[I]   thread_c19: Update score pbox[5][55] + 1.0 = 1.0'
b'[I]   thread_c19: Update score pbox[5][56] + 1.0 = 1.0'
b'[I]   thread_c19: Update score pbox[5][57] + 1.0 = 1.0'
b'[I]   thread_c19: Add score pbox[5][58] + 1.0 = 1.0'
b'[I]   thread_c19: thread_c19 exiting'
