b'[I]    thread_c1: thread_c1 starting..., ts: 117'
b'[I]    thread_c1: ========================================================================'
b'[I]    thread_c1: Initial dynamic skyline'
b'[I]    thread_c1: Customer value : [200, 240]'
b"[I]    thread_c1: Product value : {10: {'value': [27, 55], 'diff': [173, 185]}, 13: {'value': [201, 127], 'diff': [1, 113]}, 15: {'value': [114, 99], 'diff': [86, 141]}, 20: {'value': [41, 93], 'diff': [159, 147]}, 14: {'value': [162, 253], 'diff': [38, 13]}}"
b'[I]    thread_c1: Current DSL : {}'
b"[I]    thread_c1: Current DSL + Product value : {10: {'value': [27, 55], 'diff': [173, 185]}, 13: {'value': [201, 127], 'diff': [1, 113]}, 15: {'value': [114, 99], 'diff': [86, 141]}, 20: {'value': [41, 93], 'diff': [159, 147]}, 14: {'value': [162, 253], 'diff': [38, 13]}}"
b'[I]    thread_c1: Current DSL sorted : [13, 14, 15, 20, 10]'
b"[I]    thread_c1: DSL Result : {13: {'value': [201, 127], 'diff': [1, 113], 'dominating': [15, 20, 10]}, 14: {'value': [162, 253], 'diff': [38, 13]}}"
b'[I]    thread_c1: Last update 1 pbox[13] = 0'
b'[I]    thread_c1: Add score pbox[13][117] + 0.5 = 0.5'
b'[I]    thread_c1: Last update 1 pbox[14] = 0'
b'[I]    thread_c1: Add score pbox[14][117] + 0.5 = 0.5'
b'[I]    thread_c1: Last update 2 pbox[13] = timestamp: 117 | probability: 0.5'
b'[I]    thread_c1: Last update 2 pbox[14] = timestamp: 117 | probability: 0.5'
b'[I]    thread_c1: ========================================================================'
b'[I]    thread_c1: Product 10 out, ts: 125'
b'[I]    thread_c1: ========================================================================'
b'[I]    thread_c1: Product 3 in, ts: 129'
b'[I]    thread_c1: Customer value : [200, 240]'
b"[I]    thread_c1: Product value : {3: {'value': [188, 118], 'diff': [12, 122]}}"
b"[I]    thread_c1: Current DSL : {13: {'value': [201, 127], 'diff': [1, 113], 'dominating': [15, 20, 10], 'last_ts': 117, 'last_prob': 0.5}, 14: {'value': [162, 253], 'diff': [38, 13], 'last_ts': 117, 'last_prob': 0.5}}"
b"[I]    thread_c1: Current DSL + Product value : {13: {'value': [201, 127], 'diff': [1, 113], 'dominating': [15, 20, 10], 'last_ts': 117, 'last_prob': 0.5}, 14: {'value': [162, 253], 'diff': [38, 13], 'last_ts': 117, 'last_prob': 0.5}, 3: {'value': [188, 118], 'diff': [12, 122]}}"
b'[I]    thread_c1: Current DSL sorted : [13, 3, 14]'
b"[I]    thread_c1: DSL Result : {13: {'value': [201, 127], 'diff': [1, 113], 'dominating': [15, 20, 10, 3], 'last_ts': 117, 'last_prob': 0.5}, 14: {'value': [162, 253], 'diff': [38, 13], 'last_ts': 117, 'last_prob': 0.5}}"
b'[I]    thread_c1: Last update 1 pbox[13] = 117'
b'[I]    thread_c1: Update score pbox[13][118] + 0.5 = 1.5'
b'[I]    thread_c1: Update score pbox[13][119] + 0.5 = 1.5'
b'[I]    thread_c1: Update score pbox[13][120] + 0.5 = 1.5'
b'[I]    thread_c1: Update score pbox[13][121] + 0.5 = 1.0'
b'[I]    thread_c1: Update score pbox[13][122] + 0.5 = 1.0'
b'[I]    thread_c1: Update score pbox[13][123] + 0.5 = 2.0'
b'[I]    thread_c1: Update score pbox[13][124] + 0.5 = 0.5'
b'[I]    thread_c1: Update score pbox[13][125] + 0.5 = 0.5'
b'[I]    thread_c1: Update score pbox[13][126] + 0.5 = 0.5'
b'[I]    thread_c1: Update score pbox[13][127] + 0.5 = 0.5'
b'[I]    thread_c1: Update score pbox[13][128] + 0.5 = 0.5'
b'[I]    thread_c1: Add score pbox[13][129] + 0.5 = 0.5'
b'[I]    thread_c1: Last update 1 pbox[14] = 117'
b'[I]    thread_c1: Update score pbox[14][118] + 0.5 = 0.5'
b'[I]    thread_c1: Update score pbox[14][119] + 0.5 = 0.5'
b'[I]    thread_c1: Update score pbox[14][120] + 0.5 = 0.5'
b'[I]    thread_c1: Update score pbox[14][121] + 0.5 = 0.5'
b'[I]    thread_c1: Update score pbox[14][122] + 0.5 = 0.5'
b'[I]    thread_c1: Update score pbox[14][123] + 0.5 = 1.0'
b'[I]    thread_c1: Update score pbox[14][124] + 0.5 = 0.5'
b'[I]    thread_c1: Update score pbox[14][125] + 0.5 = 0.5'
b'[I]    thread_c1: Update score pbox[14][126] + 0.5 = 0.5'
b'[I]    thread_c1: Update score pbox[14][127] + 0.5 = 0.5'
b'[I]    thread_c1: Update score pbox[14][128] + 0.5 = 0.5'
b'[I]    thread_c1: Add score pbox[14][129] + 0.5 = 0.5'
b'[I]    thread_c1: Last update 2 pbox[13] = timestamp: 129 | probability: 0.5'
b'[I]    thread_c1: Last update 2 pbox[14] = timestamp: 129 | probability: 0.5'
b'[I]    thread_c1: ========================================================================'
b'[I]    thread_c1: Product 16 in, ts: 138'
b'[I]    thread_c1: Customer value : [200, 240]'
b"[I]    thread_c1: Product value : {16: {'value': [59, 54], 'diff': [141, 186]}}"
b"[I]    thread_c1: Current DSL : {13: {'value': [201, 127], 'diff': [1, 113], 'dominating': [15, 20, 10, 3], 'last_ts': 129, 'last_prob': 0.5}, 14: {'value': [162, 253], 'diff': [38, 13], 'last_ts': 129, 'last_prob': 0.5}}"
b"[I]    thread_c1: Current DSL + Product value : {13: {'value': [201, 127], 'diff': [1, 113], 'dominating': [15, 20, 10, 3], 'last_ts': 129, 'last_prob': 0.5}, 14: {'value': [162, 253], 'diff': [38, 13], 'last_ts': 129, 'last_prob': 0.5}, 16: {'value': [59, 54], 'diff': [141, 186]}}"
b'[I]    thread_c1: Current DSL sorted : [13, 14, 16]'
b"[I]    thread_c1: DSL Result : {13: {'value': [201, 127], 'diff': [1, 113], 'dominating': [15, 20, 10, 3, 16], 'last_ts': 129, 'last_prob': 0.5}, 14: {'value': [162, 253], 'diff': [38, 13], 'last_ts': 129, 'last_prob': 0.5}}"
b'[I]    thread_c1: Last update 1 pbox[13] = 129'
b'[I]    thread_c1: Update score pbox[13][130] + 0.5 = 1.5'
b'[I]    thread_c1: Update score pbox[13][131] + 0.5 = 1.0'
b'[I]    thread_c1: Update score pbox[13][132] + 0.5 = 1.0'
b'[I]    thread_c1: Update score pbox[13][133] + 0.5 = 0.5'
b'[I]    thread_c1: Update score pbox[13][134] + 0.5 = 0.5'
b'[I]    thread_c1: Update score pbox[13][135] + 0.5 = 0.5'
b'[I]    thread_c1: Update score pbox[13][136] + 0.5 = 0.5'
b'[I]    thread_c1: Update score pbox[13][137] + 0.5 = 0.5'
b'[I]    thread_c1: Add score pbox[13][138] + 0.5 = 0.5'
b'[I]    thread_c1: Last update 1 pbox[14] = 129'
b'[I]    thread_c1: Update score pbox[14][130] + 0.5 = 1.0'
b'[I]    thread_c1: Update score pbox[14][131] + 0.5 = 0.5'
b'[I]    thread_c1: Update score pbox[14][132] + 0.5 = 0.5'
b'[I]    thread_c1: Update score pbox[14][133] + 0.5 = 0.5'
b'[I]    thread_c1: Update score pbox[14][134] + 0.5 = 0.5'
b'[I]    thread_c1: Update score pbox[14][135] + 0.5 = 0.5'
b'[I]    thread_c1: Update score pbox[14][136] + 0.5 = 0.5'
b'[I]    thread_c1: Update score pbox[14][137] + 0.5 = 0.5'
b'[I]    thread_c1: Add score pbox[14][138] + 0.5 = 0.5'
b'[I]    thread_c1: Last update 2 pbox[13] = timestamp: 138 | probability: 0.5'
b'[I]    thread_c1: Last update 2 pbox[14] = timestamp: 138 | probability: 0.5'
b'[I]    thread_c1: ========================================================================'
b'[I]    thread_c1: Product 18 in, ts: 139'
b'[I]    thread_c1: Customer value : [200, 240]'
b"[I]    thread_c1: Product value : {18: {'value': [201, 118], 'diff': [1, 122]}}"
b"[I]    thread_c1: Current DSL : {13: {'value': [201, 127], 'diff': [1, 113], 'dominating': [15, 20, 10, 3, 16], 'last_ts': 138, 'last_prob': 0.5}, 14: {'value': [162, 253], 'diff': [38, 13], 'last_ts': 138, 'last_prob': 0.5}}"
b"[I]    thread_c1: Current DSL + Product value : {13: {'value': [201, 127], 'diff': [1, 113], 'dominating': [15, 20, 10, 3, 16], 'last_ts': 138, 'last_prob': 0.5}, 14: {'value': [162, 253], 'diff': [38, 13], 'last_ts': 138, 'last_prob': 0.5}, 18: {'value': [201, 118], 'diff': [1, 122]}}"
b'[I]    thread_c1: Current DSL sorted : [13, 18, 14]'
b"[I]    thread_c1: DSL Result : {13: {'value': [201, 127], 'diff': [1, 113], 'dominating': [15, 20, 10, 3, 16, 18], 'last_ts': 138, 'last_prob': 0.5}, 14: {'value': [162, 253], 'diff': [38, 13], 'last_ts': 138, 'last_prob': 0.5}}"
b'[I]    thread_c1: Last update 1 pbox[13] = 138'
b'[I]    thread_c1: Add score pbox[13][139] + 0.5 = 0.5'
b'[I]    thread_c1: Last update 1 pbox[14] = 138'
b'[I]    thread_c1: Add score pbox[14][139] + 0.5 = 0.5'
b'[I]    thread_c1: Last update 2 pbox[13] = timestamp: 139 | probability: 0.5'
b'[I]    thread_c1: Last update 2 pbox[14] = timestamp: 139 | probability: 0.5'
b'[I]    thread_c1: ========================================================================'
b'[I]    thread_c1: Product 7 in, ts: 148'
b'[I]    thread_c1: Customer value : [200, 240]'
b"[I]    thread_c1: Product value : {7: {'value': [162, 78], 'diff': [38, 162]}}"
b"[I]    thread_c1: Current DSL : {13: {'value': [201, 127], 'diff': [1, 113], 'dominating': [15, 20, 10, 3, 16, 18], 'last_ts': 139, 'last_prob': 0.5}, 14: {'value': [162, 253], 'diff': [38, 13], 'last_ts': 139, 'last_prob': 0.5}}"
b"[I]    thread_c1: Current DSL + Product value : {13: {'value': [201, 127], 'diff': [1, 113], 'dominating': [15, 20, 10, 3, 16, 18], 'last_ts': 139, 'last_prob': 0.5}, 14: {'value': [162, 253], 'diff': [38, 13], 'last_ts': 139, 'last_prob': 0.5}, 7: {'value': [162, 78], 'diff': [38, 162]}}"
b'[I]    thread_c1: Current DSL sorted : [13, 14, 7]'
b"[I]    thread_c1: DSL Result : {13: {'value': [201, 127], 'diff': [1, 113], 'dominating': [15, 20, 10, 3, 16, 18, 7], 'last_ts': 139, 'last_prob': 0.5}, 14: {'value': [162, 253], 'diff': [38, 13], 'last_ts': 139, 'last_prob': 0.5}}"
b'[I]    thread_c1: Last update 1 pbox[13] = 139'
b'[I]    thread_c1: Update score pbox[13][140] + 0.5 = 0.5'
b'[I]    thread_c1: Update score pbox[13][141] + 0.5 = 0.5'
b'[I]    thread_c1: Update score pbox[13][142] + 0.5 = 0.5'
b'[I]    thread_c1: Update score pbox[13][143] + 0.5 = 0.5'
b'[I]    thread_c1: Update score pbox[13][144] + 0.5 = 0.5'
b'[I]    thread_c1: Update score pbox[13][145] + 0.5 = 0.5'
b'[I]    thread_c1: Update score pbox[13][146] + 0.5 = 0.5'
b'[I]    thread_c1: Update score pbox[13][147] + 0.5 = 0.5'
b'[I]    thread_c1: Add score pbox[13][148] + 0.5 = 0.5'
b'[I]    thread_c1: Last update 1 pbox[14] = 139'
b'[I]    thread_c1: Update score pbox[14][140] + 0.5 = 0.5'
b'[I]    thread_c1: Update score pbox[14][141] + 0.5 = 0.5'
b'[I]    thread_c1: Update score pbox[14][142] + 0.5 = 0.5'
b'[I]    thread_c1: Update score pbox[14][143] + 0.5 = 0.5'
b'[I]    thread_c1: Update score pbox[14][144] + 0.5 = 0.5'
b'[I]    thread_c1: Update score pbox[14][145] + 0.5 = 0.5'
b'[I]    thread_c1: Update score pbox[14][146] + 0.5 = 0.5'
b'[I]    thread_c1: Update score pbox[14][147] + 0.5 = 0.5'
b'[I]    thread_c1: Add score pbox[14][148] + 0.5 = 0.5'
b'[I]    thread_c1: Last update 2 pbox[13] = timestamp: 148 | probability: 0.5'
b'[I]    thread_c1: Last update 2 pbox[14] = timestamp: 148 | probability: 0.5'
b'[I]    thread_c1: ========================================================================'
b'[I]    thread_c1: Product 9 in, ts: 156'
b'[I]    thread_c1: Customer value : [200, 240]'
b"[I]    thread_c1: Product value : {9: {'value': [145, 104], 'diff': [55, 136]}}"
b"[I]    thread_c1: Current DSL : {13: {'value': [201, 127], 'diff': [1, 113], 'dominating': [15, 20, 10, 3, 16, 18, 7], 'last_ts': 148, 'last_prob': 0.5}, 14: {'value': [162, 253], 'diff': [38, 13], 'last_ts': 148, 'last_prob': 0.5}}"
b"[I]    thread_c1: Current DSL + Product value : {13: {'value': [201, 127], 'diff': [1, 113], 'dominating': [15, 20, 10, 3, 16, 18, 7], 'last_ts': 148, 'last_prob': 0.5}, 14: {'value': [162, 253], 'diff': [38, 13], 'last_ts': 148, 'last_prob': 0.5}, 9: {'value': [145, 104], 'diff': [55, 136]}}"
b'[I]    thread_c1: Current DSL sorted : [13, 14, 9]'
b"[I]    thread_c1: DSL Result : {13: {'value': [201, 127], 'diff': [1, 113], 'dominating': [15, 20, 10, 3, 16, 18, 7, 9], 'last_ts': 148, 'last_prob': 0.5}, 14: {'value': [162, 253], 'diff': [38, 13], 'last_ts': 148, 'last_prob': 0.5}}"
b'[I]    thread_c1: Last update 1 pbox[13] = 148'
b'[I]    thread_c1: Update score pbox[13][149] + 0.5 = 0.5'
b'[I]    thread_c1: Update score pbox[13][150] + 0.5 = 0.5'
b'[I]    thread_c1: Update score pbox[13][151] + 0.5 = 0.5'
b'[I]    thread_c1: Update score pbox[13][152] + 0.5 = 0.5'
b'[I]    thread_c1: Update score pbox[13][153] + 0.5 = 0.5'
b'[I]    thread_c1: Update score pbox[13][154] + 0.5 = 0.8333333333333333'
b'[I]    thread_c1: Update score pbox[13][155] + 0.5 = 0.8333333333333333'
b'[I]    thread_c1: Add score pbox[13][156] + 0.5 = 0.75'
b'[I]    thread_c1: Last update 1 pbox[14] = 148'
b'[I]    thread_c1: Update score pbox[14][149] + 0.5 = 0.5'
b'[I]    thread_c1: Update score pbox[14][150] + 0.5 = 0.5'
b'[I]    thread_c1: Update score pbox[14][151] + 0.5 = 0.5'
b'[I]    thread_c1: Update score pbox[14][152] + 0.5 = 0.5'
b'[I]    thread_c1: Update score pbox[14][153] + 0.5 = 0.5'
b'[I]    thread_c1: Update score pbox[14][154] + 0.5 = 0.5'
b'[I]    thread_c1: Update score pbox[14][155] + 0.5 = 0.5'
b'[I]    thread_c1: Add score pbox[14][156] + 0.5 = 0.5'
b'[I]    thread_c1: Last update 2 pbox[13] = timestamp: 156 | probability: 0.5'
b'[I]    thread_c1: Last update 2 pbox[14] = timestamp: 156 | probability: 0.5'
b'[I]    thread_c1: ========================================================================'
b'[I]    thread_c1: Product 18 out, ts: 158'
b'[I]    thread_c1: ========================================================================'
b'[I]    thread_c1: Product 15 out, ts: 161'
b'[I]    thread_c1: ========================================================================'
b'[I]    thread_c1: Product 13 out, ts: 164'
b'[I]    thread_c1: Last update 1 pbox[13] = 156'
b'[I]    thread_c1: Update score pbox[13][157] + 0.5 = 0.5'
b'[I]    thread_c1: Update score pbox[13][158] + 0.5 = 0.5'
b'[I]    thread_c1: Update score pbox[13][159] + 0.5 = 0.5'
b'[I]    thread_c1: Update score pbox[13][160] + 0.5 = 0.5'
b'[I]    thread_c1: Update score pbox[13][161] + 0.5 = 0.5'
b'[I]    thread_c1: Update score pbox[13][162] + 0.5 = 0.5'
b'[I]    thread_c1: Update score pbox[13][163] + 0.5 = 0.5'
b'[I]    thread_c1: Add score pbox[13][164] + 0.5 = 0.5'
b'[I]    thread_c1: Last update 1 pbox[14] = 156'
b'[I]    thread_c1: Update score pbox[14][157] + 0.5 = 0.5'
b'[I]    thread_c1: Update score pbox[14][158] + 0.5 = 0.5'
b'[I]    thread_c1: Update score pbox[14][159] + 0.5 = 0.5'
b'[I]    thread_c1: Update score pbox[14][160] + 0.5 = 0.5'
b'[I]    thread_c1: Update score pbox[14][161] + 0.5 = 0.5'
b'[I]    thread_c1: Update score pbox[14][162] + 0.5 = 0.5'
b'[I]    thread_c1: Update score pbox[14][163] + 0.5 = 0.5'
b'[I]    thread_c1: Add score pbox[14][164] + 0.5 = 0.5'
b'[I]    thread_c1: Last update 2 pbox[13] = timestamp: 164 | probability: 0.5'
b'[I]    thread_c1: Last update 2 pbox[14] = timestamp: 164 | probability: 0.5'
b'[I]    thread_c1: Dominating : [15, 20, 10, 3, 16, 18, 7, 9]'
b'[I]    thread_c1: Product active now : [13, 20, 14, 3, 16, 7, 9]'
b'[I]    thread_c1: Active child = [20, 3, 16, 7, 9]'
b'[I]    thread_c1: Active child of [P-13] : [20, 3, 16, 7, 9]'
b'[I]    thread_c1: Customer value : [200, 240]'
b"[I]    thread_c1: Product value : {20: {'value': [41, 93], 'diff': [159, 147]}, 3: {'value': [188, 118], 'diff': [12, 122]}, 16: {'value': [59, 54], 'diff': [141, 186]}, 7: {'value': [162, 78], 'diff': [38, 162]}, 9: {'value': [145, 104], 'diff': [55, 136]}}"
b"[I]    thread_c1: Current DSL : {14: {'value': [162, 253], 'diff': [38, 13], 'last_ts': 164, 'last_prob': 0.5}}"
b"[I]    thread_c1: Current DSL + Product value : {14: {'value': [162, 253], 'diff': [38, 13], 'last_ts': 164, 'last_prob': 0.5}, 20: {'value': [41, 93], 'diff': [159, 147]}, 3: {'value': [188, 118], 'diff': [12, 122]}, 16: {'value': [59, 54], 'diff': [141, 186]}, 7: {'value': [162, 78], 'diff': [38, 162]}, 9: {'value': [145, 104], 'diff': [55, 136]}}"
b'[I]    thread_c1: Current DSL sorted : [3, 14, 7, 9, 16, 20]'
b"[I]    thread_c1: DSL Result : {14: {'value': [162, 253], 'diff': [38, 13], 'last_ts': 164, 'last_prob': 0.5}, 3: {'value': [188, 118], 'diff': [12, 122], 'dominating': [7, 9, 16, 20]}}"
b'[I]    thread_c1: Last update 1 pbox[14] = 164'
b'[I]    thread_c1: Last update 1 pbox[3] = 0'
b'[I]    thread_c1: Add score pbox[3][164] + 0.5 = 0.75'
b'[I]    thread_c1: Last update 2 pbox[14] = timestamp: 164 | probability: 0.5'
b'[I]    thread_c1: Last update 2 pbox[3] = timestamp: 164 | probability: 0.5'
b'[I]    thread_c1: ========================================================================'
b'[I]    thread_c1: Product 16 out, ts: 174'
b'[I]    thread_c1: ========================================================================'
b'[I]    thread_c1: thread_c1 killed..., ts: 175'
b'[I]    thread_c1: Last update 1 pbox[14] = 164'
b'[I]    thread_c1: Update score pbox[14][165] + 0.5 = 0.5'
b'[I]    thread_c1: Update score pbox[14][166] + 0.5 = 0.5'
b'[I]    thread_c1: Update score pbox[14][167] + 0.5 = 0.5'
b'[I]    thread_c1: Update score pbox[14][168] + 0.5 = 0.5'
b'[I]    thread_c1: Update score pbox[14][169] + 0.5 = 0.5'
b'[I]    thread_c1: Update score pbox[14][170] + 0.5 = 0.5'
b'[I]    thread_c1: Update score pbox[14][171] + 0.5 = 0.5'
b'[I]    thread_c1: Update score pbox[14][172] + 0.5 = 0.5'
b'[I]    thread_c1: Update score pbox[14][173] + 0.5 = 0.5'
b'[I]    thread_c1: Update score pbox[14][174] + 0.5 = 0.5'
b'[I]    thread_c1: Add score pbox[14][175] + 0.5 = 0.5'
b'[I]    thread_c1: Last update 1 pbox[3] = 164'
b'[I]    thread_c1: Update score pbox[3][165] + 0.5 = 0.5'
b'[I]    thread_c1: Update score pbox[3][166] + 0.5 = 0.5'
b'[I]    thread_c1: Update score pbox[3][167] + 0.5 = 0.5'
b'[I]    thread_c1: Update score pbox[3][168] + 0.5 = 0.5'
b'[I]    thread_c1: Update score pbox[3][169] + 0.5 = 0.8333333333333333'
b'[I]    thread_c1: Update score pbox[3][170] + 0.5 = 0.8333333333333333'
b'[I]    thread_c1: Update score pbox[3][171] + 0.5 = 0.8333333333333333'
b'[I]    thread_c1: Update score pbox[3][172] + 0.5 = 0.8333333333333333'
b'[I]    thread_c1: Update score pbox[3][173] + 0.5 = 0.8333333333333333'
b'[I]    thread_c1: Update score pbox[3][174] + 0.5 = 0.8333333333333333'
b'[I]    thread_c1: Add score pbox[3][175] + 0.5 = 0.8333333333333333'
b'[I]    thread_c1: thread_c1 exiting'
