b'[I]    thread_c4: thread_c4 starting..., ts: 160'
b'[I]    thread_c4: ========================================================================'
b'[I]    thread_c4: Initial dynamic skyline'
b'[I]    thread_c4: Customer value : [109, 114]'
b"[I]    thread_c4: Product value : {13: {'value': [201, 127], 'diff': [92, 13]}, 15: {'value': [114, 99], 'diff': [5, 15]}, 20: {'value': [41, 93], 'diff': [68, 21]}, 14: {'value': [162, 253], 'diff': [53, 139]}, 3: {'value': [188, 118], 'diff': [79, 4]}, 16: {'value': [59, 54], 'diff': [50, 60]}, 7: {'value': [162, 78], 'diff': [53, 36]}, 9: {'value': [145, 104], 'diff': [36, 10]}}"
b'[I]    thread_c4: Current DSL : {}'
b"[I]    thread_c4: Current DSL + Product value : {13: {'value': [201, 127], 'diff': [92, 13]}, 15: {'value': [114, 99], 'diff': [5, 15]}, 20: {'value': [41, 93], 'diff': [68, 21]}, 14: {'value': [162, 253], 'diff': [53, 139]}, 3: {'value': [188, 118], 'diff': [79, 4]}, 16: {'value': [59, 54], 'diff': [50, 60]}, 7: {'value': [162, 78], 'diff': [53, 36]}, 9: {'value': [145, 104], 'diff': [36, 10]}}"
b'[I]    thread_c4: Current DSL sorted : [15, 9, 16, 7, 14, 20, 3, 13]'
b"[I]    thread_c4: DSL Result : {15: {'value': [114, 99], 'diff': [5, 15], 'dominating': [16, 7, 14, 20]}, 3: {'value': [188, 118], 'diff': [79, 4]}, 9: {'value': [145, 104], 'diff': [36, 10], 'dominating': [13]}}"
b'[I]    thread_c4: Last update 1 pbox[15] = 0'
b'[I]    thread_c4: Add score pbox[15][160] + 0.3333333333333333 = 0.3333333333333333'
b'[I]    thread_c4: Last update 1 pbox[3] = 0'
b'[I]    thread_c4: Add score pbox[3][160] + 0.3333333333333333 = 0.3333333333333333'
b'[I]    thread_c4: Last update 1 pbox[9] = 0'
b'[I]    thread_c4: Add score pbox[9][160] + 0.3333333333333333 = 0.3333333333333333'
b'[I]    thread_c4: Last update 2 pbox[15] = timestamp: 160 | probability: 0.3333333333333333'
b'[I]    thread_c4: Last update 2 pbox[3] = timestamp: 160 | probability: 0.3333333333333333'
b'[I]    thread_c4: Last update 2 pbox[9] = timestamp: 160 | probability: 0.3333333333333333'
b'[I]    thread_c4: ========================================================================'
b'[I]    thread_c4: Product 15 out, ts: 161'
b'[I]    thread_c4: Last update 1 pbox[15] = 160'
b'[I]    thread_c4: Add score pbox[15][161] + 0.3333333333333333 = 0.3333333333333333'
b'[I]    thread_c4: Last update 1 pbox[3] = 160'
b'[I]    thread_c4: Add score pbox[3][161] + 0.3333333333333333 = 0.3333333333333333'
b'[I]    thread_c4: Last update 1 pbox[9] = 160'
b'[I]    thread_c4: Add score pbox[9][161] + 0.3333333333333333 = 0.3333333333333333'
b'[I]    thread_c4: Last update 2 pbox[15] = timestamp: 161 | probability: 0.3333333333333333'
b'[I]    thread_c4: Last update 2 pbox[3] = timestamp: 161 | probability: 0.3333333333333333'
b'[I]    thread_c4: Last update 2 pbox[9] = timestamp: 161 | probability: 0.3333333333333333'
b'[I]    thread_c4: Dominating : [16, 7, 14, 20]'
b'[I]    thread_c4: Product active now : [13, 15, 20, 14, 3, 16, 7, 9]'
b'[I]    thread_c4: Active child = [16, 7, 14, 20]'
b'[I]    thread_c4: Active child of [P-15] : [16, 7, 14, 20]'
b'[I]    thread_c4: Customer value : [109, 114]'
b"[I]    thread_c4: Product value : {16: {'value': [59, 54], 'diff': [50, 60]}, 7: {'value': [162, 78], 'diff': [53, 36]}, 14: {'value': [162, 253], 'diff': [53, 139]}, 20: {'value': [41, 93], 'diff': [68, 21]}}"
b"[I]    thread_c4: Current DSL : {3: {'value': [188, 118], 'diff': [79, 4], 'last_ts': 161, 'last_prob': 0.3333333333333333}, 9: {'value': [145, 104], 'diff': [36, 10], 'dominating': [13], 'last_ts': 161, 'last_prob': 0.3333333333333333}}"
b"[I]    thread_c4: Current DSL + Product value : {3: {'value': [188, 118], 'diff': [79, 4], 'last_ts': 161, 'last_prob': 0.3333333333333333}, 9: {'value': [145, 104], 'diff': [36, 10], 'dominating': [13], 'last_ts': 161, 'last_prob': 0.3333333333333333}, 16: {'value': [59, 54], 'diff': [50, 60]}, 7: {'value': [162, 78], 'diff': [53, 36]}, 14: {'value': [162, 253], 'diff': [53, 139]}, 20: {'value': [41, 93], 'diff': [68, 21]}}"
b'[I]    thread_c4: Current DSL sorted : [9, 16, 7, 14, 20, 3]'
b"[I]    thread_c4: DSL Result : {3: {'value': [188, 118], 'diff': [79, 4], 'last_ts': 161, 'last_prob': 0.3333333333333333}, 9: {'value': [145, 104], 'diff': [36, 10], 'dominating': [13, 16, 7, 14, 20], 'last_ts': 161, 'last_prob': 0.3333333333333333}}"
b'[I]    thread_c4: Last update 1 pbox[3] = 161'
b'[I]    thread_c4: Last update 1 pbox[9] = 161'
b'[I]    thread_c4: Last update 2 pbox[3] = timestamp: 161 | probability: 0.5'
b'[I]    thread_c4: Last update 2 pbox[9] = timestamp: 161 | probability: 0.5'
b'[I]    thread_c4: ========================================================================'
b'[I]    thread_c4: Product 13 out, ts: 164'
b'[I]    thread_c4: ========================================================================'
b'[I]    thread_c4: Product 16 out, ts: 174'
b'[I]    thread_c4: ========================================================================'
b'[I]    thread_c4: Product 20 out, ts: 176'
b'[I]    thread_c4: ========================================================================'
b'[I]    thread_c4: Product 3 out, ts: 177'
b'[I]    thread_c4: Last update 1 pbox[3] = 161'
b'[I]    thread_c4: Update score pbox[3][162] + 0.5 = 1.25'
b'[I]    thread_c4: Update score pbox[3][163] + 0.5 = 1.25'
b'[I]    thread_c4: Update score pbox[3][164] + 0.5 = 1.75'
b'[I]    thread_c4: Update score pbox[3][165] + 0.5 = 1.75'
b'[I]    thread_c4: Update score pbox[3][166] + 0.5 = 1.75'
b'[I]    thread_c4: Update score pbox[3][167] + 0.5 = 1.75'
b'[I]    thread_c4: Update score pbox[3][168] + 0.5 = 1.75'
b'[I]    thread_c4: Update score pbox[3][169] + 0.5 = 2.083333333333333'
b'[I]    thread_c4: Update score pbox[3][170] + 0.5 = 2.083333333333333'
b'[I]    thread_c4: Update score pbox[3][171] + 0.5 = 2.083333333333333'
b'[I]    thread_c4: Update score pbox[3][172] + 0.5 = 2.083333333333333'
b'[I]    thread_c4: Update score pbox[3][173] + 0.5 = 2.083333333333333'
b'[I]    thread_c4: Update score pbox[3][174] + 0.5 = 2.083333333333333'
b'[I]    thread_c4: Update score pbox[3][175] + 0.5 = 2.083333333333333'
b'[I]    thread_c4: Update score pbox[3][176] + 0.5 = 1.5833333333333333'
b'[I]    thread_c4: Add score pbox[3][177] + 0.5 = 1.8333333333333333'
b'[I]    thread_c4: Last update 1 pbox[9] = 161'
b'[I]    thread_c4: Update score pbox[9][162] + 0.5 = 1.75'
b'[I]    thread_c4: Update score pbox[9][163] + 0.5 = 1.75'
b'[I]    thread_c4: Update score pbox[9][164] + 0.5 = 1.75'
b'[I]    thread_c4: Update score pbox[9][165] + 0.5 = 1.5'
b'[I]    thread_c4: Update score pbox[9][166] + 0.5 = 1.5'
b'[I]    thread_c4: Update score pbox[9][167] + 0.5 = 1.5'
b'[I]    thread_c4: Update score pbox[9][168] + 0.5 = 1.5'
b'[I]    thread_c4: Update score pbox[9][169] + 0.5 = 1.5'
b'[I]    thread_c4: Update score pbox[9][170] + 0.5 = 1.5'
b'[I]    thread_c4: Update score pbox[9][171] + 0.5 = 1.5'
b'[I]    thread_c4: Update score pbox[9][172] + 0.5 = 1.5'
b'[I]    thread_c4: Update score pbox[9][173] + 0.5 = 1.5'
b'[I]    thread_c4: Update score pbox[9][174] + 0.5 = 1.5'
b'[I]    thread_c4: Update score pbox[9][175] + 0.5 = 1.5'
b'[I]    thread_c4: Update score pbox[9][176] + 0.5 = 1.5'
b'[I]    thread_c4: Add score pbox[9][177] + 0.5 = 1.0'
b'[I]    thread_c4: Last update 2 pbox[3] = timestamp: 177 | probability: 0.5'
b'[I]    thread_c4: Last update 2 pbox[9] = timestamp: 177 | probability: 0.5'
b'[I]    thread_c4: ========================================================================'
b'[I]    thread_c4: thread_c4 killed..., ts: 178'
b'[I]    thread_c4: Last update 1 pbox[9] = 177'
b'[I]    thread_c4: Add score pbox[9][178] + 1.0 = 1.0'
b'[I]    thread_c4: thread_c4 exiting'
