b'[I]   thread_c12: thread_c12 starting..., ts: 235'
b'[I]   thread_c12: ========================================================================'
b'[I]   thread_c12: Initial dynamic skyline'
b'[I]   thread_c12: Customer value : [32, 235]'
b"[I]   thread_c12: Product value : {8: {'value': [77, 73], 'diff': [45, 162]}}"
b'[I]   thread_c12: Current DSL : {}'
b"[I]   thread_c12: Current DSL + Product value : {8: {'value': [77, 73], 'diff': [45, 162]}}"
b'[I]   thread_c12: Current DSL sorted : [8]'
b"[I]   thread_c12: DSL Result : {8: {'value': [77, 73], 'diff': [45, 162]}}"
b'[I]   thread_c12: Last update 1 pbox[8] = 0'
b'[I]   thread_c12: Add score pbox[8][235] + 1.0 = 1.0'
b'[I]   thread_c12: Last update 2 pbox[8] = timestamp: 235 | probability: 1.0'
b'[I]   thread_c12: ========================================================================'
b'[I]   thread_c12: Product 8 out, ts: 235'
b'[I]   thread_c12: ========================================================================'
b'[I]   thread_c12: Product 1 in, ts: 256'
b'[I]   thread_c12: Customer value : [32, 235]'
b"[I]   thread_c12: Product value : {1: {'value': [122, 231], 'diff': [90, 4]}}"
b'[I]   thread_c12: Current DSL : {}'
b"[I]   thread_c12: Current DSL + Product value : {1: {'value': [122, 231], 'diff': [90, 4]}}"
b'[I]   thread_c12: Current DSL sorted : [1]'
b"[I]   thread_c12: DSL Result : {1: {'value': [122, 231], 'diff': [90, 4]}}"
b'[I]   thread_c12: Last update 1 pbox[1] = 0'
b'[I]   thread_c12: Add score pbox[1][256] + 1.0 = 1.0'
b'[I]   thread_c12: Last update 2 pbox[1] = timestamp: 256 | probability: 1.0'
b'[I]   thread_c12: ========================================================================'
b'[I]   thread_c12: Product 1 out, ts: 273'
b'[I]   thread_c12: Last update 1 pbox[1] = 256'
b'[I]   thread_c12: Update score pbox[1][257] + 1.0 = 1.0'
b'[I]   thread_c12: Update score pbox[1][258] + 1.0 = 1.0'
b'[I]   thread_c12: Update score pbox[1][259] + 1.0 = 1.0'
b'[I]   thread_c12: Update score pbox[1][260] + 1.0 = 1.0'
b'[I]   thread_c12: Update score pbox[1][261] + 1.0 = 1.0'
b'[I]   thread_c12: Update score pbox[1][262] + 1.0 = 1.0'
b'[I]   thread_c12: Update score pbox[1][263] + 1.0 = 1.0'
b'[I]   thread_c12: Update score pbox[1][264] + 1.0 = 1.0'
b'[I]   thread_c12: Update score pbox[1][265] + 1.0 = 1.0'
b'[I]   thread_c12: Update score pbox[1][266] + 1.0 = 1.0'
b'[I]   thread_c12: Update score pbox[1][267] + 1.0 = 2.0'
b'[I]   thread_c12: Update score pbox[1][268] + 1.0 = 2.0'
b'[I]   thread_c12: Update score pbox[1][269] + 1.0 = 2.0'
b'[I]   thread_c12: Update score pbox[1][270] + 1.0 = 2.0'
b'[I]   thread_c12: Update score pbox[1][271] + 1.0 = 2.0'
b'[I]   thread_c12: Update score pbox[1][272] + 1.0 = 2.0'
b'[I]   thread_c12: Add score pbox[1][273] + 1.0 = 2.0'
b'[I]   thread_c12: Last update 2 pbox[1] = timestamp: 273 | probability: 1.0'
b'[I]   thread_c12: ========================================================================'
b'[I]   thread_c12: thread_c12 killed..., ts: 297'
b'[I]   thread_c12: thread_c12 exiting'
