b'[I]    thread_c6: thread_c6 starting..., ts: 155'
b'[I]    thread_c6: ========================================================================'
b'[I]    thread_c6: Initial dynamic skyline'
b'[I]    thread_c6: Customer value : [110, 96]'
b"[I]    thread_c6: Product value : {13: {'value': [201, 127], 'diff': [91, 31]}, 15: {'value': [114, 99], 'diff': [4, 3]}, 20: {'value': [41, 93], 'diff': [69, 3]}, 14: {'value': [162, 253], 'diff': [52, 157]}, 3: {'value': [188, 118], 'diff': [78, 22]}, 16: {'value': [59, 54], 'diff': [51, 42]}, 18: {'value': [201, 118], 'diff': [91, 22]}, 7: {'value': [162, 78], 'diff': [52, 18]}}"
b'[I]    thread_c6: Current DSL : {}'
b"[I]    thread_c6: Current DSL + Product value : {13: {'value': [201, 127], 'diff': [91, 31]}, 15: {'value': [114, 99], 'diff': [4, 3]}, 20: {'value': [41, 93], 'diff': [69, 3]}, 14: {'value': [162, 253], 'diff': [52, 157]}, 3: {'value': [188, 118], 'diff': [78, 22]}, 16: {'value': [59, 54], 'diff': [51, 42]}, 18: {'value': [201, 118], 'diff': [91, 22]}, 7: {'value': [162, 78], 'diff': [52, 18]}}"
b'[I]    thread_c6: Current DSL sorted : [15, 16, 7, 14, 20, 3, 18, 13]'
b"[I]    thread_c6: DSL Result : {15: {'value': [114, 99], 'diff': [4, 3], 'dominating': [16, 7, 14, 20, 3, 18, 13]}}"
b'[I]    thread_c6: Last update 1 pbox[15] = 0'
b'[I]    thread_c6: Add score pbox[15][155] + 1.0 = 1.0'
b'[I]    thread_c6: Last update 2 pbox[15] = timestamp: 155 | probability: 1.0'
b'[I]    thread_c6: ========================================================================'
b'[I]    thread_c6: Product 9 in, ts: 156'
b'[I]    thread_c6: Customer value : [110, 96]'
b"[I]    thread_c6: Product value : {9: {'value': [145, 104], 'diff': [35, 8]}}"
b"[I]    thread_c6: Current DSL : {15: {'value': [114, 99], 'diff': [4, 3], 'dominating': [16, 7, 14, 20, 3, 18, 13], 'last_ts': 155, 'last_prob': 1.0}}"
b"[I]    thread_c6: Current DSL + Product value : {15: {'value': [114, 99], 'diff': [4, 3], 'dominating': [16, 7, 14, 20, 3, 18, 13], 'last_ts': 155, 'last_prob': 1.0}, 9: {'value': [145, 104], 'diff': [35, 8]}}"
b'[I]    thread_c6: Current DSL sorted : [15, 9]'
b"[I]    thread_c6: DSL Result : {15: {'value': [114, 99], 'diff': [4, 3], 'dominating': [16, 7, 14, 20, 3, 18, 13, 9], 'last_ts': 155, 'last_prob': 1.0}}"
b'[I]    thread_c6: Last update 1 pbox[15] = 155'
b'[I]    thread_c6: Add score pbox[15][156] + 1.0 = 1.0'
b'[I]    thread_c6: Last update 2 pbox[15] = timestamp: 156 | probability: 1.0'
b'[I]    thread_c6: ========================================================================'
b'[I]    thread_c6: Product 18 out, ts: 158'
b'[I]    thread_c6: ========================================================================'
b'[I]    thread_c6: Product 15 out, ts: 161'
b'[I]    thread_c6: Last update 1 pbox[15] = 156'
b'[I]    thread_c6: Update score pbox[15][157] + 1.0 = 1.3333333333333333'
b'[I]    thread_c6: Update score pbox[15][158] + 1.0 = 1.3333333333333333'
b'[I]    thread_c6: Update score pbox[15][159] + 1.0 = 1.3333333333333333'
b'[I]    thread_c6: Update score pbox[15][160] + 1.0 = 1.6666666666666665'
b'[I]    thread_c6: Add score pbox[15][161] + 1.0 = 1.6666666666666665'
b'[I]    thread_c6: Last update 2 pbox[15] = timestamp: 161 | probability: 1.0'
b'[I]    thread_c6: Dominating : [16, 7, 14, 20, 3, 18, 13, 9]'
b'[I]    thread_c6: Product active now : [13, 15, 20, 14, 3, 16, 7, 9]'
b'[I]    thread_c6: Active child = [16, 7, 14, 20, 3, 13, 9]'
b'[I]    thread_c6: Active child of [P-15] : [16, 7, 14, 20, 3, 13, 9]'
b'[I]    thread_c6: Customer value : [110, 96]'
b"[I]    thread_c6: Product value : {16: {'value': [59, 54], 'diff': [51, 42]}, 7: {'value': [162, 78], 'diff': [52, 18]}, 14: {'value': [162, 253], 'diff': [52, 157]}, 20: {'value': [41, 93], 'diff': [69, 3]}, 3: {'value': [188, 118], 'diff': [78, 22]}, 13: {'value': [201, 127], 'diff': [91, 31]}, 9: {'value': [145, 104], 'diff': [35, 8]}}"
b'[I]    thread_c6: Current DSL : {}'
b"[I]    thread_c6: Current DSL + Product value : {16: {'value': [59, 54], 'diff': [51, 42]}, 7: {'value': [162, 78], 'diff': [52, 18]}, 14: {'value': [162, 253], 'diff': [52, 157]}, 20: {'value': [41, 93], 'diff': [69, 3]}, 3: {'value': [188, 118], 'diff': [78, 22]}, 13: {'value': [201, 127], 'diff': [91, 31]}, 9: {'value': [145, 104], 'diff': [35, 8]}}"
b'[I]    thread_c6: Current DSL sorted : [9, 16, 7, 14, 20, 3, 13]'
b"[I]    thread_c6: DSL Result : {20: {'value': [41, 93], 'diff': [69, 3]}, 9: {'value': [145, 104], 'diff': [35, 8], 'dominating': [16, 7, 14, 3, 13]}}"
b'[I]    thread_c6: Last update 1 pbox[20] = 0'
b'[I]    thread_c6: Add score pbox[20][161] + 0.5 = 0.5'
b'[I]    thread_c6: Last update 1 pbox[9] = 0'
b'[I]    thread_c6: Add score pbox[9][161] + 0.5 = 1.1666666666666665'
b'[I]    thread_c6: Last update 2 pbox[20] = timestamp: 161 | probability: 0.5'
b'[I]    thread_c6: Last update 2 pbox[9] = timestamp: 161 | probability: 0.5'
b'[I]    thread_c6: ========================================================================'
b'[I]    thread_c6: Product 13 out, ts: 164'
b'[I]    thread_c6: ========================================================================'
b'[I]    thread_c6: Product 16 out, ts: 174'
b'[I]    thread_c6: ========================================================================'
b'[I]    thread_c6: Product 20 out, ts: 176'
b'[I]    thread_c6: Last update 1 pbox[20] = 161'
b'[I]    thread_c6: Update score pbox[20][162] + 0.5 = 0.5'
b'[I]    thread_c6: Update score pbox[20][163] + 0.5 = 0.5'
b'[I]    thread_c6: Update score pbox[20][164] + 0.5 = 0.5'
b'[I]    thread_c6: Update score pbox[20][165] + 0.5 = 0.5'
b'[I]    thread_c6: Update score pbox[20][166] + 0.5 = 0.5'
b'[I]    thread_c6: Update score pbox[20][167] + 0.5 = 0.5'
b'[I]    thread_c6: Update score pbox[20][168] + 0.5 = 0.5'
b'[I]    thread_c6: Update score pbox[20][169] + 0.5 = 0.8333333333333333'
b'[I]    thread_c6: Update score pbox[20][170] + 0.5 = 0.8333333333333333'
b'[I]    thread_c6: Update score pbox[20][171] + 0.5 = 0.8333333333333333'
b'[I]    thread_c6: Update score pbox[20][172] + 0.5 = 0.8333333333333333'
b'[I]    thread_c6: Update score pbox[20][173] + 0.5 = 0.8333333333333333'
b'[I]    thread_c6: Update score pbox[20][174] + 0.5 = 0.8333333333333333'
b'[I]    thread_c6: Update score pbox[20][175] + 0.5 = 0.8333333333333333'
b'[I]    thread_c6: Add score pbox[20][176] + 0.5 = 0.8333333333333333'
b'[I]    thread_c6: Last update 1 pbox[9] = 161'
b'[I]    thread_c6: Update score pbox[9][162] + 0.5 = 0.75'
b'[I]    thread_c6: Update score pbox[9][163] + 0.5 = 0.75'
b'[I]    thread_c6: Update score pbox[9][164] + 0.5 = 0.75'
b'[I]    thread_c6: Update score pbox[9][165] + 0.5 = 0.5'
b'[I]    thread_c6: Update score pbox[9][166] + 0.5 = 0.5'
b'[I]    thread_c6: Update score pbox[9][167] + 0.5 = 0.5'
b'[I]    thread_c6: Update score pbox[9][168] + 0.5 = 0.5'
b'[I]    thread_c6: Update score pbox[9][169] + 0.5 = 0.5'
b'[I]    thread_c6: Update score pbox[9][170] + 0.5 = 0.5'
b'[I]    thread_c6: Update score pbox[9][171] + 0.5 = 0.5'
b'[I]    thread_c6: Update score pbox[9][172] + 0.5 = 0.5'
b'[I]    thread_c6: Update score pbox[9][173] + 0.5 = 0.5'
b'[I]    thread_c6: Update score pbox[9][174] + 0.5 = 0.5'
b'[I]    thread_c6: Update score pbox[9][175] + 0.5 = 0.5'
b'[I]    thread_c6: Add score pbox[9][176] + 0.5 = 0.5'
b'[I]    thread_c6: Last update 2 pbox[20] = timestamp: 176 | probability: 0.5'
b'[I]    thread_c6: Last update 2 pbox[9] = timestamp: 176 | probability: 0.5'
b'[I]    thread_c6: ========================================================================'
b'[I]    thread_c6: Product 3 out, ts: 177'
b'[I]    thread_c6: ========================================================================'
b'[I]    thread_c6: thread_c6 killed..., ts: 177'
b'[I]    thread_c6: Last update 1 pbox[9] = 176'
b'[I]    thread_c6: Add score pbox[9][177] + 1.0 = 2.333333333333333'
b'[I]    thread_c6: thread_c6 exiting'
