b'[D]    thread_c5: Starting'
b'[D]    thread_c5: Init dynamic skyline'
b'[D]    thread_c5: Product values : {1: [6, 6], 2: [4, 18], 4: [9, 15], 7: [12, 6], 8: [16, 6], 10: [20, 20]}'
b'[D]    thread_c5: Customer values : [10, 10]'
b'[D]    thread_c5: Product values sorted : [[4, 18], [6, 6], [9, 15], [12, 6], [16, 6], [20, 20]]'
b'[D]    thread_c5: Product keys sorted : [2, 1, 4, 7, 8, 10]'
b'[D]    thread_c5: [0] Now diff : [6, 8]'
b'[D]    thread_c5: [1] Next diff : [4, 4]'
b'[D]    thread_c5: [P-0] didominasi [P-1]'
b'[D]    thread_c5: [2] Next diff : [1, 5]'
b'[D]    thread_c5: [P-0] didominasi [P-2]'
b'[D]    thread_c5: [3] Next diff : [2, 4]'
b'[D]    thread_c5: [P-0] didominasi [P-3]'
b'[D]    thread_c5: [4] Next diff : [6, 4]'
b'[D]    thread_c5: [P-0] didominasi [P-4]'
b'[D]    thread_c5: [5] Next diff : [10, 10]'
b'[D]    thread_c5: [P-0] mendominasi [P-5]'
b'[D]    thread_c5: [1] Now diff : [4, 4]'
b'[D]    thread_c5: [2] Next diff : [1, 5]'
b'[D]    thread_c5: [P-1] saling mendominasi [P-2]'
b'[D]    thread_c5: [3] Next diff : [2, 4]'
b'[D]    thread_c5: [P-1] didominasi [P-3]'
b'[D]    thread_c5: [4] Next diff : [6, 4]'
b'[D]    thread_c5: [P-1] mendominasi [P-4]'
b'[D]    thread_c5: [2] Now diff : [1, 5]'
b'[D]    thread_c5: [3] Next diff : [2, 4]'
b'[D]    thread_c5: [P-2] saling mendominasi [P-3]'
b'[D]    thread_c5: [3] Now diff : [2, 4]'
b'[D]    thread_c5: Hasil Dynamic Skyline : [4, 7]'
b'[D]    thread_c5: [C-5] Adding P-4 (dsl_results : [4])'
b'[D]    thread_c5: [C-5] Adding P-7 (dsl_results : [4, 7])'
b'[D]    thread_c5: [C-5] Probability: 0.5 (dsl_results : [4, 7])'
b'[D]    thread_c5: dsl = [4, 7]'
b'[D]    thread_c5: Insert PandoraBox [4][8] + 0.5 = 0.5'
b'[D]    thread_c5: Insert PandoraBox [7][8] + 0.5 = 0.5'
b'[D]    thread_c5: Product in'
b'[D]    thread_c5: Killed? False'
b'[D]    thread_c5: Product in'
b'[D]    thread_c5: Killed? False'
b'[D]    thread_c5: Exiting'
