b'[D]    thread_c8: Starting'
b'[D]    thread_c8: Init dynamic skyline'
b'[D]    thread_c8: Product values : {8: [16, 6]}'
b'[D]    thread_c8: Customer values : [18, 6]'
b'[D]    thread_c8: Product values sorted : [[16, 6]]'
b'[D]    thread_c8: Product keys sorted : [8]'
b'[D]    thread_c8: [0] Now diff : [2, 0]'
b'[D]    thread_c8: Hasil Dynamic Skyline : [8]'
b'[D]    thread_c8: [C-8] Adding P-8 (dsl_results : [8])'
b'[D]    thread_c8: [C-8] Probability: 1.0 (dsl_results : [8])'
b'[D]    thread_c8: dsl = [8]'
b'[D]    thread_c8: Insert PandoraBox [8][6] + 1.0 = 1.0'
b'[D]    thread_c8: Product in'
b'[D]    thread_c8: Killed? False'
b'[D]    thread_c8: Product in'
b'[D]    thread_c8: Killed? False'
b'[D]    thread_c8: Product in'
b'[D]    thread_c8: Killed? False'
b'[D]    thread_c8: Product in'
b'[D]    thread_c8: Killed? False'
b'[D]    thread_c8: Killed? True'
b'[D]    thread_c8: Exiting'
