b'[I]   thread_c18: thread_c18 starting..., ts: 83'
b'[I]   thread_c18: ========================================================================'
b'[I]   thread_c18: Initial dynamic skyline'
b'[I]   thread_c18: Customer value : [26, 135]'
b"[I]   thread_c18: Product value : {11: {'value': [123, 98], 'diff': [97, 37]}, 17: {'value': [38, 193], 'diff': [12, 58]}, 2: {'value': [171, 231], 'diff': [145, 96]}, 10: {'value': [27, 55], 'diff': [1, 80]}, 13: {'value': [201, 127], 'diff': [175, 8]}}"
b'[I]   thread_c18: Current DSL : {}'
b"[I]   thread_c18: Current DSL + Product value : {11: {'value': [123, 98], 'diff': [97, 37]}, 17: {'value': [38, 193], 'diff': [12, 58]}, 2: {'value': [171, 231], 'diff': [145, 96]}, 10: {'value': [27, 55], 'diff': [1, 80]}, 13: {'value': [201, 127], 'diff': [175, 8]}}"
b'[I]   thread_c18: Current DSL sorted : [10, 17, 11, 2, 13]'
b"[I]   thread_c18: DSL Result : {11: {'value': [123, 98], 'diff': [97, 37]}, 17: {'value': [38, 193], 'diff': [12, 58]}, 10: {'value': [27, 55], 'diff': [1, 80], 'dominating': [2]}, 13: {'value': [201, 127], 'diff': [175, 8]}}"
b'[I]   thread_c18: Last update 1 pbox[11] = 0'
b'[I]   thread_c18: Add score pbox[11][83] + 0.25 = 0.25'
b'[I]   thread_c18: Last update 1 pbox[17] = 0'
b'[I]   thread_c18: Add score pbox[17][83] + 0.25 = 0.25'
b'[I]   thread_c18: Last update 1 pbox[10] = 0'
b'[I]   thread_c18: Add score pbox[10][83] + 0.25 = 0.25'
b'[I]   thread_c18: Last update 1 pbox[13] = 0'
b'[I]   thread_c18: Add score pbox[13][83] + 0.25 = 0.25'
b'[I]   thread_c18: Last update 2 pbox[11] = timestamp: 83 | probability: 0.25'
b'[I]   thread_c18: Last update 2 pbox[17] = timestamp: 83 | probability: 0.25'
b'[I]   thread_c18: Last update 2 pbox[10] = timestamp: 83 | probability: 0.25'
b'[I]   thread_c18: Last update 2 pbox[13] = timestamp: 83 | probability: 0.25'
b'[I]   thread_c18: ========================================================================'
b'[I]   thread_c18: Product 11 out, ts: 83'
b'[I]   thread_c18: ========================================================================'
b'[I]   thread_c18: Product 17 out, ts: 90'
b'[I]   thread_c18: Last update 1 pbox[17] = 83'
b'[I]   thread_c18: Update score pbox[17][84] + 0.25 = 0.5833333333333333'
b'[I]   thread_c18: Update score pbox[17][85] + 0.25 = 0.5833333333333333'
b'[I]   thread_c18: Update score pbox[17][86] + 0.25 = 0.5833333333333333'
b'[I]   thread_c18: Update score pbox[17][87] + 0.25 = 0.5833333333333333'
b'[I]   thread_c18: Update score pbox[17][88] + 0.25 = 0.5833333333333333'
b'[I]   thread_c18: Update score pbox[17][89] + 0.25 = 0.5833333333333333'
b'[I]   thread_c18: Add score pbox[17][90] + 0.3333333333333333 = 0.6666666666666666'
b'[I]   thread_c18: Last update 1 pbox[10] = 83'
b'[I]   thread_c18: Update score pbox[10][84] + 0.25 = 0.5833333333333333'
b'[I]   thread_c18: Update score pbox[10][85] + 0.25 = 0.5833333333333333'
b'[I]   thread_c18: Update score pbox[10][86] + 0.25 = 0.5833333333333333'
b'[I]   thread_c18: Update score pbox[10][87] + 0.25 = 0.5833333333333333'
b'[I]   thread_c18: Update score pbox[10][88] + 0.25 = 0.5833333333333333'
b'[I]   thread_c18: Update score pbox[10][89] + 0.25 = 0.5833333333333333'
b'[I]   thread_c18: Add score pbox[10][90] + 0.3333333333333333 = 0.6666666666666666'
b'[I]   thread_c18: Last update 1 pbox[13] = 83'
b'[I]   thread_c18: Update score pbox[13][84] + 0.25 = 0.9166666666666666'
b'[I]   thread_c18: Update score pbox[13][85] + 0.25 = 0.9166666666666666'
b'[I]   thread_c18: Update score pbox[13][86] + 0.25 = 0.9166666666666666'
b'[I]   thread_c18: Update score pbox[13][87] + 0.25 = 0.9166666666666666'
b'[I]   thread_c18: Update score pbox[13][88] + 0.25 = 0.9166666666666666'
b'[I]   thread_c18: Update score pbox[13][89] + 0.25 = 0.9166666666666666'
b'[I]   thread_c18: Add score pbox[13][90] + 0.3333333333333333 = 1.0'
b'[I]   thread_c18: Last update 2 pbox[17] = timestamp: 90 | probability: 0.3333333333333333'
b'[I]   thread_c18: Last update 2 pbox[10] = timestamp: 90 | probability: 0.3333333333333333'
b'[I]   thread_c18: Last update 2 pbox[13] = timestamp: 90 | probability: 0.3333333333333333'
b'[I]   thread_c18: ========================================================================'
b'[I]   thread_c18: thread_c18 killed..., ts: 96'
b'[I]   thread_c18: Last update 1 pbox[10] = 90'
b'[I]   thread_c18: Update score pbox[10][91] + 0.3333333333333333 = 0.3333333333333333'
b'[I]   thread_c18: Update score pbox[10][92] + 0.3333333333333333 = 0.3333333333333333'
b'[I]   thread_c18: Update score pbox[10][93] + 0.3333333333333333 = 0.3333333333333333'
b'[I]   thread_c18: Update score pbox[10][94] + 0.3333333333333333 = 0.3333333333333333'
b'[I]   thread_c18: Update score pbox[10][95] + 0.3333333333333333 = 0.3333333333333333'
b'[I]   thread_c18: Add score pbox[10][96] + 0.5 = 0.5'
b'[I]   thread_c18: Last update 1 pbox[13] = 90'
b'[I]   thread_c18: Update score pbox[13][91] + 0.3333333333333333 = 0.3333333333333333'
b'[I]   thread_c18: Update score pbox[13][92] + 0.3333333333333333 = 0.3333333333333333'
b'[I]   thread_c18: Update score pbox[13][93] + 0.3333333333333333 = 0.3333333333333333'
b'[I]   thread_c18: Update score pbox[13][94] + 0.3333333333333333 = 0.3333333333333333'
b'[I]   thread_c18: Update score pbox[13][95] + 0.3333333333333333 = 0.3333333333333333'
b'[I]   thread_c18: Add score pbox[13][96] + 0.5 = 0.5'
b'[I]   thread_c18: thread_c18 exiting'
