b'[I]   thread_c11: thread_c11 starting..., ts: 193'
b'[I]   thread_c11: ========================================================================'
b'[I]   thread_c11: Initial dynamic skyline'
b'[I]   thread_c11: Customer value : [50, 205]'
b"[I]   thread_c11: Product value : {14: {'value': [162, 253], 'diff': [112, 48]}, 7: {'value': [162, 78], 'diff': [112, 127]}, 9: {'value': [145, 104], 'diff': [95, 101]}, 6: {'value': [97, 31], 'diff': [47, 174]}, 8: {'value': [77, 73], 'diff': [27, 132]}}"
b'[I]   thread_c11: Current DSL : {}'
b"[I]   thread_c11: Current DSL + Product value : {14: {'value': [162, 253], 'diff': [112, 48]}, 7: {'value': [162, 78], 'diff': [112, 127]}, 9: {'value': [145, 104], 'diff': [95, 101]}, 6: {'value': [97, 31], 'diff': [47, 174]}, 8: {'value': [77, 73], 'diff': [27, 132]}}"
b'[I]   thread_c11: Current DSL sorted : [8, 6, 9, 14, 7]'
b"[I]   thread_c11: DSL Result : {14: {'value': [162, 253], 'diff': [112, 48]}, 9: {'value': [145, 104], 'diff': [95, 101], 'dominating': [7]}, 8: {'value': [77, 73], 'diff': [27, 132], 'dominating': [6]}}"
b'[I]   thread_c11: Last update 1 pbox[14] = 0'
b'[I]   thread_c11: Add score pbox[14][193] + 0.3333333333333333 = 0.3333333333333333'
b'[I]   thread_c11: Last update 1 pbox[9] = 0'
b'[I]   thread_c11: Add score pbox[9][193] + 0.3333333333333333 = 0.3333333333333333'
b'[I]   thread_c11: Last update 1 pbox[8] = 0'
b'[I]   thread_c11: Add score pbox[8][193] + 0.3333333333333333 = 0.3333333333333333'
b'[I]   thread_c11: Last update 2 pbox[14] = timestamp: 193 | probability: 0.3333333333333333'
b'[I]   thread_c11: Last update 2 pbox[9] = timestamp: 193 | probability: 0.3333333333333333'
b'[I]   thread_c11: Last update 2 pbox[8] = timestamp: 193 | probability: 0.3333333333333333'
b'[I]   thread_c11: ========================================================================'
b'[I]   thread_c11: Product 14 out, ts: 193'
b'[I]   thread_c11: ========================================================================'
b'[I]   thread_c11: Product 12 in, ts: 196'
b'[I]   thread_c11: Customer value : [50, 205]'
b"[I]   thread_c11: Product value : {12: {'value': [85, 64], 'diff': [35, 141]}}"
b"[I]   thread_c11: Current DSL : {9: {'value': [145, 104], 'diff': [95, 101], 'dominating': [7], 'last_ts': 193, 'last_prob': 0.3333333333333333}, 8: {'value': [77, 73], 'diff': [27, 132], 'dominating': [6], 'last_ts': 193, 'last_prob': 0.3333333333333333}}"
b"[I]   thread_c11: Current DSL + Product value : {9: {'value': [145, 104], 'diff': [95, 101], 'dominating': [7], 'last_ts': 193, 'last_prob': 0.3333333333333333}, 8: {'value': [77, 73], 'diff': [27, 132], 'dominating': [6], 'last_ts': 193, 'last_prob': 0.3333333333333333}, 12: {'value': [85, 64], 'diff': [35, 141]}}"
b'[I]   thread_c11: Current DSL sorted : [8, 12, 9]'
b"[I]   thread_c11: DSL Result : {9: {'value': [145, 104], 'diff': [95, 101], 'dominating': [7], 'last_ts': 193, 'last_prob': 0.3333333333333333}, 8: {'value': [77, 73], 'diff': [27, 132], 'dominating': [6, 12], 'last_ts': 193, 'last_prob': 0.3333333333333333}}"
b'[I]   thread_c11: Last update 1 pbox[9] = 193'
b'[I]   thread_c11: Update score pbox[9][194] + 0.3333333333333333 = 0.3333333333333333'
b'[I]   thread_c11: Update score pbox[9][195] + 0.3333333333333333 = 0.3333333333333333'
b'[I]   thread_c11: Add score pbox[9][196] + 0.5 = 0.5'
b'[I]   thread_c11: Last update 1 pbox[8] = 193'
b'[I]   thread_c11: Update score pbox[8][194] + 0.3333333333333333 = 0.3333333333333333'
b'[I]   thread_c11: Update score pbox[8][195] + 0.3333333333333333 = 0.3333333333333333'
b'[I]   thread_c11: Add score pbox[8][196] + 0.5 = 0.5'
b'[I]   thread_c11: Last update 2 pbox[9] = timestamp: 196 | probability: 0.5'
b'[I]   thread_c11: Last update 2 pbox[8] = timestamp: 196 | probability: 0.5'
b'[I]   thread_c11: ========================================================================'
b'[I]   thread_c11: Product 9 out, ts: 198'
b'[I]   thread_c11: Last update 1 pbox[9] = 196'
b'[I]   thread_c11: Update score pbox[9][197] + 0.5 = 1.0'
b'[I]   thread_c11: Add score pbox[9][198] + 0.5 = 1.0'
b'[I]   thread_c11: Last update 1 pbox[8] = 196'
b'[I]   thread_c11: Update score pbox[8][197] + 0.5 = 0.5'
b'[I]   thread_c11: Add score pbox[8][198] + 0.5 = 0.5'
b'[I]   thread_c11: Last update 2 pbox[9] = timestamp: 198 | probability: 0.5'
b'[I]   thread_c11: Last update 2 pbox[8] = timestamp: 198 | probability: 0.5'
b'[I]   thread_c11: Dominating : [7]'
b'[I]   thread_c11: Product active now : [7, 9, 6, 8, 12]'
b'[I]   thread_c11: Active child = [7]'
b'[I]   thread_c11: Active child of [P-9] : [7]'
b'[I]   thread_c11: Customer value : [50, 205]'
b"[I]   thread_c11: Product value : {7: {'value': [162, 78], 'diff': [112, 127]}}"
b"[I]   thread_c11: Current DSL : {8: {'value': [77, 73], 'diff': [27, 132], 'dominating': [6, 12], 'last_ts': 198, 'last_prob': 0.5}}"
b"[I]   thread_c11: Current DSL + Product value : {8: {'value': [77, 73], 'diff': [27, 132], 'dominating': [6, 12], 'last_ts': 198, 'last_prob': 0.5}, 7: {'value': [162, 78], 'diff': [112, 127]}}"
b'[I]   thread_c11: Current DSL sorted : [8, 7]'
b"[I]   thread_c11: DSL Result : {8: {'value': [77, 73], 'diff': [27, 132], 'dominating': [6, 12], 'last_ts': 198, 'last_prob': 0.5}, 7: {'value': [162, 78], 'diff': [112, 127]}}"
b'[I]   thread_c11: Last update 1 pbox[8] = 198'
b'[I]   thread_c11: Last update 1 pbox[7] = 0'
b'[I]   thread_c11: Add score pbox[7][198] + 0.5 = 1.0'
b'[I]   thread_c11: Last update 2 pbox[8] = timestamp: 198 | probability: 0.5'
b'[I]   thread_c11: Last update 2 pbox[7] = timestamp: 198 | probability: 0.5'
b'[I]   thread_c11: ========================================================================'
b'[I]   thread_c11: Product 6 out, ts: 208'
b'[I]   thread_c11: ========================================================================'
b'[I]   thread_c11: thread_c11 killed..., ts: 214'
b'[I]   thread_c11: Last update 1 pbox[8] = 198'
b'[I]   thread_c11: Update score pbox[8][199] + 0.5 = 0.5'
b'[I]   thread_c11: Update score pbox[8][200] + 0.5 = 0.5'
b'[I]   thread_c11: Update score pbox[8][201] + 0.5 = 0.5'
b'[I]   thread_c11: Update score pbox[8][202] + 0.5 = 0.5'
b'[I]   thread_c11: Update score pbox[8][203] + 0.5 = 0.5'
b'[I]   thread_c11: Update score pbox[8][204] + 0.5 = 0.5'
b'[I]   thread_c11: Update score pbox[8][205] + 0.5 = 0.5'
b'[I]   thread_c11: Update score pbox[8][206] + 0.5 = 0.5'
b'[I]   thread_c11: Update score pbox[8][207] + 0.5 = 0.5'
b'[I]   thread_c11: Update score pbox[8][208] + 0.5 = 0.5'
b'[I]   thread_c11: Update score pbox[8][209] + 0.5 = 0.5'
b'[I]   thread_c11: Update score pbox[8][210] + 0.5 = 0.5'
b'[I]   thread_c11: Update score pbox[8][211] + 0.5 = 0.5'
b'[I]   thread_c11: Update score pbox[8][212] + 0.5 = 0.5'
b'[I]   thread_c11: Update score pbox[8][213] + 0.5 = 0.5'
b'[I]   thread_c11: Add score pbox[8][214] + 0.5 = 0.5'
b'[I]   thread_c11: Last update 1 pbox[7] = 198'
b'[I]   thread_c11: Update score pbox[7][199] + 0.5 = 2.5'
b'[I]   thread_c11: Update score pbox[7][200] + 0.5 = 2.5'
b'[I]   thread_c11: Update score pbox[7][201] + 0.5 = 3.0'
b'[I]   thread_c11: Update score pbox[7][202] + 0.5 = 2.0'
b'[I]   thread_c11: Update score pbox[7][203] + 0.5 = 2.0'
b'[I]   thread_c11: Update score pbox[7][204] + 0.5 = 2.0'
b'[I]   thread_c11: Update score pbox[7][205] + 0.5 = 2.0'
b'[I]   thread_c11: Update score pbox[7][206] + 0.5 = 2.0'
b'[I]   thread_c11: Update score pbox[7][207] + 0.5 = 2.0'
b'[I]   thread_c11: Update score pbox[7][208] + 0.5 = 2.0'
b'[I]   thread_c11: Update score pbox[7][209] + 0.5 = 2.0'
b'[I]   thread_c11: Update score pbox[7][210] + 0.5 = 2.0'
b'[I]   thread_c11: Update score pbox[7][211] + 0.5 = 1.0'
b'[I]   thread_c11: Update score pbox[7][212] + 0.5 = 1.0'
b'[I]   thread_c11: Update score pbox[7][213] + 0.5 = 1.0'
b'[I]   thread_c11: Add score pbox[7][214] + 0.5 = 1.0'
b'[I]   thread_c11: thread_c11 exiting'
