b'[D]    thread_c7: Starting'
b'[D]    thread_c7: Init dynamic skyline'
b'[D]    thread_c7: Product values : {1: [6, 6], 2: [4, 18], 6: [16, 14], 7: [12, 6], 8: [16, 6], 10: [20, 20]}'
b'[D]    thread_c7: Customer values : [12, 2]'
b'[D]    thread_c7: Product values sorted : [[4, 18], [6, 6], [12, 6], [16, 6], [16, 14], [20, 20]]'
b'[D]    thread_c7: Product keys sorted : [2, 1, 7, 8, 6, 10]'
b'[D]    thread_c7: [0] Now diff : [8, 16]'
b'[D]    thread_c7: [1] Next diff : [6, 4]'
b'[D]    thread_c7: [P-0] didominasi [P-1]'
b'[D]    thread_c7: [2] Next diff : [0, 4]'
b'[D]    thread_c7: [P-0] didominasi [P-2]'
b'[D]    thread_c7: [3] Next diff : [4, 4]'
b'[D]    thread_c7: [P-0] didominasi [P-3]'
b'[D]    thread_c7: [4] Next diff : [4, 12]'
b'[D]    thread_c7: [P-0] didominasi [P-4]'
b'[D]    thread_c7: [5] Next diff : [8, 18]'
b'[D]    thread_c7: [P-0] mendominasi [P-5]'
b'[D]    thread_c7: [1] Now diff : [6, 4]'
b'[D]    thread_c7: [2] Next diff : [0, 4]'
b'[D]    thread_c7: [P-1] didominasi [P-2]'
b'[D]    thread_c7: [3] Next diff : [4, 4]'
b'[D]    thread_c7: [P-1] didominasi [P-3]'
b'[D]    thread_c7: [4] Next diff : [4, 12]'
b'[D]    thread_c7: [P-1] saling mendominasi [P-4]'
b'[D]    thread_c7: [2] Now diff : [0, 4]'
b'[D]    thread_c7: [3] Next diff : [4, 4]'
b'[D]    thread_c7: [P-2] mendominasi [P-3]'
b'[D]    thread_c7: [4] Next diff : [4, 12]'
b'[D]    thread_c7: [P-2] mendominasi [P-4]'
b'[D]    thread_c7: Hasil Dynamic Skyline : [7]'
b'[D]    thread_c7: [C-7] Adding P-7 (dsl_results : [7])'
b'[D]    thread_c7: [C-7] Probability: 1.0 (dsl_results : [7])'
b'[D]    thread_c7: dsl = [7]'
b'[D]    thread_c7: Insert PandoraBox [7][9] + 1.0 = 1.0'
b'[D]    thread_c7: Exiting'
