b'[I]   thread_c13: thread_c13 starting..., ts: 59'
b'[I]   thread_c13: ========================================================================'
b'[I]   thread_c13: Initial dynamic skyline'
b'[I]   thread_c13: Customer value : [74, 99]'
b"[I]   thread_c13: Product value : {19: {'value': [123, 226], 'diff': [49, 127]}}"
b'[I]   thread_c13: Current DSL : {}'
b"[I]   thread_c13: Current DSL + Product value : {19: {'value': [123, 226], 'diff': [49, 127]}}"
b'[I]   thread_c13: Current DSL sorted : [19]'
b"[I]   thread_c13: DSL Result : {19: {'value': [123, 226], 'diff': [49, 127]}}"
b'[I]   thread_c13: Last update 1 pbox[19] = 0'
b'[I]   thread_c13: Add score pbox[19][59] + 1.0 = 1.0'
b'[I]   thread_c13: Last update 2 pbox[19] = timestamp: 59 | probability: 1.0'
b'[I]   thread_c13: ========================================================================'
b'[I]   thread_c13: Product 4 in, ts: 65'
b'[I]   thread_c13: Customer value : [74, 99]'
b"[I]   thread_c13: Product value : {4: {'value': [66, 192], 'diff': [8, 93]}}"
b"[I]   thread_c13: Current DSL : {19: {'value': [123, 226], 'diff': [49, 127], 'last_ts': 59, 'last_prob': 1.0}}"
b"[I]   thread_c13: Current DSL + Product value : {19: {'value': [123, 226], 'diff': [49, 127], 'last_ts': 59, 'last_prob': 1.0}, 4: {'value': [66, 192], 'diff': [8, 93]}}"
b'[I]   thread_c13: Current DSL sorted : [4, 19]'
b"[I]   thread_c13: DSL Result : {4: {'value': [66, 192], 'diff': [8, 93], 'dominating': [19]}}"
b'[I]   thread_c13: Last update 1 pbox[4] = 0'
b'[I]   thread_c13: Add score pbox[4][65] + 1.0 = 1.5'
b'[I]   thread_c13: Last update 2 pbox[4] = timestamp: 65 | probability: 1.0'
b'[I]   thread_c13: ========================================================================'
b'[I]   thread_c13: Product 11 in, ts: 69'
b'[I]   thread_c13: Customer value : [74, 99]'
b"[I]   thread_c13: Product value : {11: {'value': [123, 98], 'diff': [49, 1]}}"
b"[I]   thread_c13: Current DSL : {4: {'value': [66, 192], 'diff': [8, 93], 'dominating': [19], 'last_ts': 65, 'last_prob': 1.0}}"
b"[I]   thread_c13: Current DSL + Product value : {4: {'value': [66, 192], 'diff': [8, 93], 'dominating': [19], 'last_ts': 65, 'last_prob': 1.0}, 11: {'value': [123, 98], 'diff': [49, 1]}}"
b'[I]   thread_c13: Current DSL sorted : [4, 11]'
b"[I]   thread_c13: DSL Result : {4: {'value': [66, 192], 'diff': [8, 93], 'dominating': [19], 'last_ts': 65, 'last_prob': 1.0}, 11: {'value': [123, 98], 'diff': [49, 1]}}"
b'[I]   thread_c13: Last update 1 pbox[4] = 65'
b'[I]   thread_c13: Update score pbox[4][66] + 1.0 = 1.0'
b'[I]   thread_c13: Update score pbox[4][67] + 1.0 = 1.0'
b'[I]   thread_c13: Update score pbox[4][68] + 1.0 = 1.0'
b'[I]   thread_c13: Add score pbox[4][69] + 0.5 = 0.5'
b'[I]   thread_c13: Last update 1 pbox[11] = 0'
b'[I]   thread_c13: Add score pbox[11][69] + 0.5 = 0.5'
b'[I]   thread_c13: Last update 2 pbox[4] = timestamp: 69 | probability: 0.5'
b'[I]   thread_c13: Last update 2 pbox[11] = timestamp: 69 | probability: 0.5'
