b'[D]   thread_c10: Starting'
b'[D]   thread_c10: Init dynamic skyline'
b'[D]   thread_c10: Product values : {8: [16, 6], 2: [4, 18], 6: [16, 14], 7: [12, 6]}'
b'[D]   thread_c10: Customer values : [20, 13]'
b'[D]   thread_c10: Product values sorted : [[4, 18], [12, 6], [16, 6], [16, 14]]'
b'[D]   thread_c10: Product keys sorted : [2, 7, 8, 6]'
b'[D]   thread_c10: [0] Now diff : [16, 5]'
b'[D]   thread_c10: [1] Next diff : [8, 7]'
b'[D]   thread_c10: [P-0] saling mendominasi [P-1]'
b'[D]   thread_c10: [2] Next diff : [4, 7]'
b'[D]   thread_c10: [P-0] saling mendominasi [P-2]'
b'[D]   thread_c10: [3] Next diff : [4, 1]'
b'[D]   thread_c10: [P-0] didominasi [P-3]'
b'[D]   thread_c10: [1] Now diff : [8, 7]'
b'[D]   thread_c10: [2] Next diff : [4, 7]'
b'[D]   thread_c10: [P-1] didominasi [P-2]'
b'[D]   thread_c10: [3] Next diff : [4, 1]'
b'[D]   thread_c10: [P-1] didominasi [P-3]'
b'[D]   thread_c10: [2] Now diff : [4, 7]'
b'[D]   thread_c10: [3] Next diff : [4, 1]'
b'[D]   thread_c10: [P-2] didominasi [P-3]'
b'[D]   thread_c10: [3] Now diff : [4, 1]'
b'[D]   thread_c10: Hasil Dynamic Skyline : [6]'
b'[D]   thread_c10: [C-10] Adding P-6 (dsl_results : [6])'
b'[D]   thread_c10: [C-10] Probability: 1.0 (dsl_results : [6])'
b'[D]   thread_c10: dsl = [6]'
b'[D]   thread_c10: Insert PandoraBox [6][10] + 1.0 = 1.0'
b'[D]   thread_c10: Product in'
b'[D]   thread_c10: Killed? False'
b'[D]   thread_c10: Product in'
b'[D]   thread_c10: Killed? True'
b'[D]   thread_c10: Exiting'
