[I]   MainThread: Input data product.csv
[I]   MainThread: Data (product.csv) succesfully inputed
[I]   MainThread: Input data customer.csv
[I]   MainThread: Data (customer.csv) succesfully inputed
[I]   MainThread: product
[I]   MainThread: 1 : {'ts_in': 2, 'ts_out': 10, 'value': [6, 3]}
[I]   MainThread: 2 : {'ts_in': 6, 'ts_out': 13, 'value': [4, 12]}
[I]   MainThread: 3 : {'ts_in': 9, 'ts_out': 15, 'value': [6, 15]}
[I]   MainThread: 4 : {'ts_in': 4, 'ts_out': 9, 'value': [9, 5]}
[I]   MainThread: 5 : {'ts_in': 5, 'ts_out': 15, 'value': [12, 10]}
[I]   MainThread: customer
[I]   MainThread: 1 : {'ts_in': 1, 'ts_out': 8, 'value': [2, 8]}
[I]   MainThread: 2 : {'ts_in': 4, 'ts_out': 14, 'value': [4, 10]}
[I]   MainThread: 3 : {'ts_in': 10, 'ts_out': 15, 'value': [6, 11]}
[I]   MainThread: 4 : {'ts_in': 3, 'ts_out': 8, 'value': [8, 12]}
[I]   MainThread: 5 : {'ts_in': 5, 'ts_out': 15, 'value': [9, 10]}
[I]   MainThread: Sorted Queue
[I]   MainThread: [15, 1, 5, 1]
[I]   MainThread: [15, 1, 3, 1]
[I]   MainThread: [15, 0, 5, 1]
[I]   MainThread: [15, 0, 3, 1]
[I]   MainThread: [14, 1, 2, 1]
[I]   MainThread: [13, 0, 2, 1]
[I]   MainThread: [10, 0, 1, 1]
[I]   MainThread: [10, 1, 3, 0]
[I]   MainThread: [9, 0, 4, 1]
[I]   MainThread: [9, 0, 3, 0]
[I]   MainThread: [8, 1, 4, 1]
[I]   MainThread: [8, 1, 1, 1]
[I]   MainThread: [6, 0, 2, 0]
[I]   MainThread: [5, 1, 5, 0]
[I]   MainThread: [5, 0, 5, 0]
[I]   MainThread: [4, 1, 2, 0]
[I]   MainThread: [4, 0, 4, 0]
[I]   MainThread: [3, 1, 4, 0]
[I]   MainThread: [2, 0, 1, 0]
[I]   MainThread: [1, 1, 1, 0]
[I]   MainThread: Dequeue event [1, 1, 1, 0]
[I]   MainThread: [C-1 in] Make thread
[I]   MainThread: [C-1 in] Masukkan ke produk aktif: [1]
[I]   MainThread: C-1 : [2, 8]
[I]   MainThread: Initial dynamic skyline
[I]   MainThread: Dequeue event [2, 0, 1, 0]
[I]   MainThread: [P-1 in] Masuk ke produk aktif: []
[I]   MainThread: {'00': {}, '01': {}, '10': {}, '11': {}}
[I]   MainThread: {'00': {}, '01': {}, '10': {}, '11': {}}
[I]   MainThread: RSL Result = [1]
[I]   MainThread: [P-1 in] - Start threading
[I]     Thread-1: C-1 : [2, 8]
[I]     Thread-1: Candidate DSL : {1: {'diff': [4, 5]}}
[I]     Thread-1: Candidate DSL sorted : [1]
[I]     Thread-1: DSL Result : {1: {'diff': [4, 5]}}
[I]     Thread-1: Last update 1 pbox[1] = 0
[I]     Thread-1: Add score pbox[1][2] + 1.0 = 1.0
[I]     Thread-1: Last update 2 pbox[1] = timestamp: 2 | probability: 1.0
[I]   MainThread: [P-1 in] - Komputasi selesai
[I]   MainThread: Dequeue event [3, 1, 4, 0]
[I]   MainThread: [C-4 in] Make thread
[I]   MainThread: [C-4 in] Masukkan ke produk aktif: [1, 4]
[I]   MainThread: C-4 : [8, 12]
[I]   MainThread: Initial dynamic skyline
[I]   MainThread: Candidate DSL : {1: {'diff': [2, 9]}}
[I]   MainThread: Candidate DSL sorted : [1]
[I]   MainThread: DSL Result : {1: {'diff': [2, 9]}}
[I]   MainThread: Last update 1 pbox[1] = 0
[I]   MainThread: Add score pbox[1][3] + 1.0 = 1.0
[I]   MainThread: Last update 2 pbox[1] = timestamp: 3 | probability: 1.0
[I]   MainThread: Dequeue event [4, 0, 4, 0]
[I]   MainThread: [P-4 in] Masuk ke produk aktif: [1]
[I]   MainThread: {'00': {}, '01': {}, '10': {}, '11': {}}
[I]   MainThread: {'00': {1: [7.5, 4.0]}, '01': {}, '10': {}, '11': {}}
[I]   MainThread: RSL Result = [1, 4]
[I]   MainThread: [P-4 in] - Start threading
[I]     Thread-2: C-1 : [2, 8]
[I]     Thread-2: Candidate DSL : {4: {'diff': [7, 3]}}
[I]     Thread-3: C-4 : [8, 12]
[I]     Thread-2: Candidate DSL + current DSL : {4: {'diff': [7, 3]}, 1: {'diff': [2, 9], 'last_ts': 3, 'last_prob': 1.0}}
[I]     Thread-3: Candidate DSL : {4: {'diff': [1, 7]}}
[I]     Thread-2: Candidate DSL sorted : [1, 4]
[I]     Thread-3: Candidate DSL + current DSL : {4: {'diff': [1, 7]}, 1: {'diff': [2, 9], 'last_ts': 3, 'last_prob': 1.0}}
[I]     Thread-2: DSL Result : {4: {'diff': [7, 3]}, 1: {'diff': [2, 9], 'last_ts': 3, 'last_prob': 1.0}}
[I]     Thread-3: Candidate DSL sorted : [4, 1]
[I]     Thread-2: Last update 1 pbox[4] = 0
[I]     Thread-3: DSL Result : {4: {'diff': [1, 7]}, 1: {'diff': [2, 9], 'last_ts': 3, 'last_prob': 1.0}}
[I]     Thread-2: Add score pbox[4][4] + 0.5 = 0.5
[I]     Thread-3: Last update 1 pbox[4] = 0
[I]     Thread-2: Last update 1 pbox[1] = 3
[I]     Thread-3: Add score pbox[4][4] + 0.5 = 1.0
[I]     Thread-2: Add score pbox[1][4] + 0.5 = 0.5
[I]     Thread-3: Last update 1 pbox[1] = 3
[I]     Thread-2: Last update 2 pbox[4] = timestamp: 4 | probability: 0.5
[I]     Thread-3: Add score pbox[1][4] + 0.5 = 1.0
[I]     Thread-2: Last update 2 pbox[1] = timestamp: 4 | probability: 0.5
[I]     Thread-3: Last update 2 pbox[4] = timestamp: 4 | probability: 0.5
[I]     Thread-3: Last update 2 pbox[1] = timestamp: 4 | probability: 0.5
[I]   MainThread: [P-4 in] - Komputasi selesai
[I]   MainThread: Dequeue event [4, 1, 2, 0]
[I]   MainThread: [C-2 in] Make thread
[I]   MainThread: [C-2 in] Masukkan ke produk aktif: [1, 4, 2]
[I]   MainThread: C-2 : [4, 10]
[I]   MainThread: Initial dynamic skyline
[I]   MainThread: Candidate DSL : {1: {'diff': [2, 7]}, 4: {'diff': [5, 5]}}
[I]   MainThread: Candidate DSL sorted : [1, 4]
[I]   MainThread: DSL Result : {1: {'diff': [2, 7]}, 4: {'diff': [5, 5]}}
[I]   MainThread: Last update 1 pbox[1] = 0
[I]   MainThread: Add score pbox[1][4] + 0.5 = 1.5
[I]   MainThread: Last update 1 pbox[4] = 0
[I]   MainThread: Add score pbox[4][4] + 0.5 = 1.5
[I]   MainThread: Last update 2 pbox[1] = timestamp: 4 | probability: 0.5
[I]   MainThread: Last update 2 pbox[4] = timestamp: 4 | probability: 0.5
[I]   MainThread: Dequeue event [5, 0, 5, 0]
[I]   MainThread: [P-5 in] Masuk ke produk aktif: [1, 4]
[I]   MainThread: {'00': {}, '01': {}, '10': {}, '11': {}}
[I]   MainThread: {'00': {4: [10.5, 7.5]}, '01': {}, '10': {}, '11': {}}
[I]   MainThread: RSL Result = [1, 2, 4]
[I]   MainThread: [P-5 in] - Start threading
[I]     Thread-4: C-1 : [2, 8]
[I]     Thread-4: Candidate DSL : {5: {'diff': [10, 2]}}
[I]     Thread-5: C-2 : [4, 10]
[I]     Thread-4: Candidate DSL + current DSL : {5: {'diff': [10, 2]}, 1: {'diff': [2, 7], 'last_ts': 4, 'last_prob': 0.5}, 4: {'diff': [5, 5], 'last_ts': 4, 'last_prob': 0.5}}
[I]     Thread-6: C-4 : [8, 12]
[I]     Thread-5: Candidate DSL : {5: {'diff': [4, 2]}}
[I]     Thread-4: Candidate DSL sorted : [1, 4, 5]
[I]     Thread-6: Candidate DSL : {5: {'diff': [4, 2]}}
[I]     Thread-5: Candidate DSL + current DSL : {5: {'diff': [4, 2]}, 4: {'diff': [1, 7], 'last_ts': 4, 'last_prob': 0.5}, 1: {'diff': [2, 9], 'last_ts': 4, 'last_prob': 0.5}}
[I]     Thread-4: DSL Result : {5: {'diff': [10, 2]}, 1: {'diff': [2, 7], 'last_ts': 4, 'last_prob': 0.5}, 4: {'diff': [5, 5], 'last_ts': 4, 'last_prob': 0.5}}
[I]     Thread-6: Candidate DSL + current DSL : {5: {'diff': [4, 2]}, 4: {'diff': [1, 7], 'last_ts': 4, 'last_prob': 0.5}, 1: {'diff': [2, 9], 'last_ts': 4, 'last_prob': 0.5}}
[I]     Thread-5: Candidate DSL sorted : [4, 1, 5]
[I]     Thread-4: Last update 1 pbox[5] = 0
[I]     Thread-6: Candidate DSL sorted : [4, 1, 5]
[I]     Thread-5: DSL Result : {5: {'diff': [4, 2]}, 4: {'diff': [1, 7], 'last_ts': 4, 'last_prob': 0.5}, 1: {'diff': [2, 9], 'last_ts': 4, 'last_prob': 0.5}}
[I]     Thread-4: Add score pbox[5][5] + 0.3333333333333333 = 0.3333333333333333
[I]     Thread-6: DSL Result : {5: {'diff': [4, 2]}, 4: {'diff': [1, 7], 'last_ts': 4, 'last_prob': 0.5}, 1: {'diff': [2, 9], 'last_ts': 4, 'last_prob': 0.5}}
[I]     Thread-5: Last update 1 pbox[5] = 0
[I]     Thread-4: Last update 1 pbox[1] = 4
[I]     Thread-6: Last update 1 pbox[5] = 0
[I]     Thread-5: Add score pbox[5][5] + 0.3333333333333333 = 0.6666666666666666
[I]     Thread-4: Add score pbox[1][5] + 0.3333333333333333 = 0.3333333333333333
[I]     Thread-6: Add score pbox[5][5] + 0.3333333333333333 = 1.0
[I]     Thread-5: Last update 1 pbox[4] = 4
[I]     Thread-4: Last update 1 pbox[4] = 4
[I]     Thread-6: Last update 1 pbox[4] = 4
[I]     Thread-5: Add score pbox[4][5] + 0.3333333333333333 = 0.3333333333333333
[I]     Thread-4: Add score pbox[4][5] + 0.3333333333333333 = 0.6666666666666666
[I]     Thread-6: Add score pbox[4][5] + 0.3333333333333333 = 1.0
[I]     Thread-5: Last update 1 pbox[1] = 4
[I]     Thread-4: Last update 2 pbox[5] = timestamp: 5 | probability: 0.3333333333333333
[I]     Thread-6: Last update 1 pbox[1] = 4
[I]     Thread-5: Add score pbox[1][5] + 0.3333333333333333 = 0.6666666666666666
[I]     Thread-4: Last update 2 pbox[1] = timestamp: 5 | probability: 0.3333333333333333
[I]     Thread-6: Add score pbox[1][5] + 0.3333333333333333 = 1.0
[I]     Thread-5: Last update 2 pbox[5] = timestamp: 5 | probability: 0.3333333333333333
[I]     Thread-4: Last update 2 pbox[4] = timestamp: 5 | probability: 0.3333333333333333
[I]     Thread-6: Last update 2 pbox[5] = timestamp: 5 | probability: 0.3333333333333333
[I]     Thread-5: Last update 2 pbox[4] = timestamp: 5 | probability: 0.3333333333333333
[I]     Thread-6: Last update 2 pbox[4] = timestamp: 5 | probability: 0.3333333333333333
[I]     Thread-5: Last update 2 pbox[1] = timestamp: 5 | probability: 0.3333333333333333
[I]     Thread-6: Last update 2 pbox[1] = timestamp: 5 | probability: 0.3333333333333333
[I]   MainThread: [P-5 in] - Komputasi selesai
[I]   MainThread: Dequeue event [5, 1, 5, 0]
[I]   MainThread: [C-5 in] Make thread
[I]   MainThread: [C-5 in] Masukkan ke produk aktif: [1, 4, 2, 5]
[I]   MainThread: C-5 : [9, 10]
[I]   MainThread: Initial dynamic skyline
[I]   MainThread: Candidate DSL : {1: {'diff': [3, 7]}, 4: {'diff': [0, 5]}, 5: {'diff': [3, 0]}}
[I]   MainThread: Candidate DSL sorted : [4, 5, 1]
[I]   MainThread: DSL Result : {1: {'diff': [3, 7]}, 4: {'diff': [0, 5]}, 5: {'diff': [3, 0]}}
[I]   MainThread: Last update 1 pbox[1] = 0
[I]   MainThread: Add score pbox[1][5] + 0.3333333333333333 = 1.3333333333333333
[I]   MainThread: Last update 1 pbox[4] = 0
[I]   MainThread: Add score pbox[4][5] + 0.3333333333333333 = 1.3333333333333333
[I]   MainThread: Last update 1 pbox[5] = 0
[I]   MainThread: Add score pbox[5][5] + 0.3333333333333333 = 1.3333333333333333
[I]   MainThread: Last update 2 pbox[1] = timestamp: 5 | probability: 0.3333333333333333
[I]   MainThread: Last update 2 pbox[4] = timestamp: 5 | probability: 0.3333333333333333
[I]   MainThread: Last update 2 pbox[5] = timestamp: 5 | probability: 0.3333333333333333
[I]   MainThread: Dequeue event [6, 0, 2, 0]
[I]   MainThread: [P-2 in] Masuk ke produk aktif: [1, 4, 5]
[I]   MainThread: {'00': {}, '01': {}, '10': {}, '11': {}}
[I]   MainThread: {'00': {}, '01': {}, '10': {1: [5.0, 7.5], 5: [8.0, 11.0], 4: [6.5, 8.5]}, '11': {}}
[I]   MainThread: RSL Result = [1, 2, 4]
[I]   MainThread: [P-2 in] - Start threading
[I]     Thread-7: C-1 : [2, 8]
[I]     Thread-7: Candidate DSL : {2: {'diff': [2, 4]}}
[I]     Thread-8: C-2 : [4, 10]
[I]     Thread-7: Candidate DSL + current DSL : {2: {'diff': [2, 4]}, 1: {'diff': [2, 7], 'last_ts': 5, 'last_prob': 0.3333333333333333}, 4: {'diff': [5, 5], 'last_ts': 5, 'last_prob': 0.3333333333333333}}
[I]     Thread-9: C-4 : [8, 12]
[I]     Thread-8: Candidate DSL : {2: {'diff': [4, 0]}}
[I]     Thread-7: Candidate DSL sorted : [2, 1, 4]
[I]     Thread-9: Candidate DSL : {2: {'diff': [4, 0]}}
[I]     Thread-8: Candidate DSL + current DSL : {2: {'diff': [4, 0]}, 5: {'diff': [4, 2], 'last_ts': 5, 'last_prob': 0.3333333333333333}, 4: {'diff': [1, 7], 'last_ts': 5, 'last_prob': 0.3333333333333333}, 1: {'diff': [2, 9], 'last_ts': 5, 'last_prob': 0.3333333333333333}}
[I]     Thread-7: DSL Result : {2: {'diff': [2, 4]}, 1: {'diff': [2, 7], 'last_ts': 5, 'last_prob': 0.3333333333333333}, 4: {'diff': [5, 5], 'last_ts': 5, 'last_prob': 0.3333333333333333}}
[I]     Thread-9: Candidate DSL + current DSL : {2: {'diff': [4, 0]}, 5: {'diff': [4, 2], 'last_ts': 5, 'last_prob': 0.3333333333333333}, 4: {'diff': [1, 7], 'last_ts': 5, 'last_prob': 0.3333333333333333}, 1: {'diff': [2, 9], 'last_ts': 5, 'last_prob': 0.3333333333333333}}
[I]     Thread-8: Candidate DSL sorted : [4, 1, 2, 5]
[I]     Thread-7: Last update 1 pbox[2] = 0
[I]     Thread-9: Candidate DSL sorted : [4, 1, 2, 5]
[I]     Thread-8: DSL Result : {2: {'diff': [4, 0]}, 5: {'diff': [4, 2], 'last_ts': 5, 'last_prob': 0.3333333333333333}, 4: {'diff': [1, 7], 'last_ts': 5, 'last_prob': 0.3333333333333333}, 1: {'diff': [2, 9], 'last_ts': 5, 'last_prob': 0.3333333333333333}}
[I]     Thread-7: Add score pbox[2][6] + 0.3333333333333333 = 0.3333333333333333
[I]     Thread-9: DSL Result : {2: {'diff': [4, 0]}, 5: {'diff': [4, 2], 'last_ts': 5, 'last_prob': 0.3333333333333333}, 4: {'diff': [1, 7], 'last_ts': 5, 'last_prob': 0.3333333333333333}, 1: {'diff': [2, 9], 'last_ts': 5, 'last_prob': 0.3333333333333333}}
[I]     Thread-8: Last update 1 pbox[2] = 0
[I]     Thread-7: Last update 1 pbox[1] = 5
[I]     Thread-9: Last update 1 pbox[2] = 0
[I]     Thread-8: Add score pbox[2][6] + 0.25 = 0.5833333333333333
[I]     Thread-7: Add score pbox[1][6] + 0.3333333333333333 = 0.3333333333333333
[I]     Thread-9: Add score pbox[2][6] + 0.25 = 0.8333333333333333
[I]     Thread-8: Last update 1 pbox[5] = 5
[I]     Thread-7: Last update 1 pbox[4] = 5
[I]     Thread-9: Last update 1 pbox[5] = 5
[I]     Thread-8: Add score pbox[5][6] + 0.25 = 0.25
[I]     Thread-7: Add score pbox[4][6] + 0.3333333333333333 = 0.3333333333333333
[I]     Thread-9: Add score pbox[5][6] + 0.25 = 0.5
[I]     Thread-8: Last update 1 pbox[4] = 5
[I]     Thread-7: Last update 2 pbox[2] = timestamp: 6 | probability: 0.3333333333333333
[I]     Thread-9: Last update 1 pbox[4] = 5
[I]     Thread-8: Add score pbox[4][6] + 0.25 = 0.5833333333333333
[I]     Thread-7: Last update 2 pbox[1] = timestamp: 6 | probability: 0.3333333333333333
[I]     Thread-9: Add score pbox[4][6] + 0.25 = 0.8333333333333333
[I]     Thread-8: Last update 1 pbox[1] = 5
[I]     Thread-7: Last update 2 pbox[4] = timestamp: 6 | probability: 0.3333333333333333
[I]     Thread-9: Last update 1 pbox[1] = 5
[I]     Thread-8: Add score pbox[1][6] + 0.25 = 0.5833333333333333
[I]     Thread-9: Add score pbox[1][6] + 0.25 = 0.8333333333333333
[I]     Thread-8: Last update 2 pbox[2] = timestamp: 6 | probability: 0.25
[I]     Thread-9: Last update 2 pbox[2] = timestamp: 6 | probability: 0.25
[I]     Thread-8: Last update 2 pbox[5] = timestamp: 6 | probability: 0.25
[I]     Thread-9: Last update 2 pbox[5] = timestamp: 6 | probability: 0.25
[I]     Thread-8: Last update 2 pbox[4] = timestamp: 6 | probability: 0.25
[I]     Thread-9: Last update 2 pbox[4] = timestamp: 6 | probability: 0.25
[I]     Thread-8: Last update 2 pbox[1] = timestamp: 6 | probability: 0.25
[I]     Thread-9: Last update 2 pbox[1] = timestamp: 6 | probability: 0.25
[I]   MainThread: [P-2 in] - Komputasi selesai
[I]   MainThread: Dequeue event [8, 1, 1, 1]
[I]   MainThread: [C-1 out] Kill thread
[I]   MainThread: C-1 : [2, 8]
[I]   MainThread: Initial dynamic skyline
[I]   MainThread: Last update 1 pbox[1] = 2
[I]   MainThread: Update score pbox[1][3] + 1.0 = 2.0
[I]   MainThread: Update score pbox[1][4] + 1.0 = 2.5
[I]   MainThread: Update score pbox[1][5] + 1.0 = 2.333333333333333
[I]   MainThread: Update score pbox[1][6] + 1.0 = 1.8333333333333333
[I]   MainThread: Update score pbox[1][7] + 1.0 = 1.0
[I]   MainThread: Add score pbox[1][8] + 1.0 = 1.0
[I]   MainThread: Last update 2 pbox[1] = timestamp: 8 | probability: 1.0
[I]   MainThread: [C-1 out] Hapus dari produk aktif: [4, 2, 5]
[I]   MainThread: Dequeue event [8, 1, 4, 1]
[I]   MainThread: [C-4 out] Kill thread
[I]   MainThread: C-4 : [8, 12]
[I]   MainThread: Initial dynamic skyline
[I]   MainThread: Last update 1 pbox[2] = 6
[I]   MainThread: Update score pbox[2][7] + 0.25 = 0.25
[I]   MainThread: Add score pbox[2][8] + 0.25 = 0.25
[I]   MainThread: Last update 1 pbox[5] = 6
[I]   MainThread: Update score pbox[5][7] + 0.25 = 0.25
[I]   MainThread: Add score pbox[5][8] + 0.25 = 0.25
[I]   MainThread: Last update 1 pbox[4] = 6
[I]   MainThread: Update score pbox[4][7] + 0.25 = 0.25
[I]   MainThread: Add score pbox[4][8] + 0.25 = 0.25
[I]   MainThread: Last update 1 pbox[1] = 6
[I]   MainThread: Update score pbox[1][7] + 0.25 = 1.25
[I]   MainThread: Add score pbox[1][8] + 0.25 = 1.25
[I]   MainThread: Last update 2 pbox[2] = timestamp: 8 | probability: 0.25
[I]   MainThread: Last update 2 pbox[5] = timestamp: 8 | probability: 0.25
[I]   MainThread: Last update 2 pbox[4] = timestamp: 8 | probability: 0.25
[I]   MainThread: Last update 2 pbox[1] = timestamp: 8 | probability: 0.25
[I]   MainThread: [C-4 out] Hapus dari produk aktif: [2, 5]
[I]   MainThread: Dequeue event [9, 0, 3, 0]
[I]   MainThread: [P-3 in] Masuk ke produk aktif: [1, 4, 5, 2]
[I]   MainThread: {'00': {}, '01': {}, '10': {}, '11': {}}
[I]   MainThread: {'00': {1: [6.0, 9.0], 2: [5.0, 13.5]}, '01': {}, '10': {4: [7.5, 10.0], 5: [9.0, 12.5]}, '11': {}}
[I]   MainThread: RSL Result = []
[I]   MainThread: [P-3 in] - Start threading
[I]   MainThread: [P-3 in] - Komputasi selesai
[I]   MainThread: Dequeue event [9, 0, 4, 1]
[I]   MainThread: [P-4 out] - Start threading
[I]    Thread-10: C-2 : [4, 10]
[I]    Thread-10: Last update 1 pbox[1] = 6
[I]    Thread-10: Update score pbox[1][7] + 0.3333333333333333 = 1.5833333333333333
[I]    Thread-10: Update score pbox[1][8] + 0.3333333333333333 = 1.5833333333333333
[I]    Thread-10: Add score pbox[1][9] + 0.5 = 0.5
[I]    Thread-10: Last update 1 pbox[4] = 6
[I]    Thread-11: C-5 : [9, 10]
[I]    Thread-10: Update score pbox[4][7] + 0.3333333333333333 = 0.5833333333333333
[I]    Thread-11: Last update 1 pbox[1] = 5
[I]    Thread-10: Update score pbox[4][8] + 0.3333333333333333 = 0.5833333333333333
[I]    Thread-11: Update score pbox[1][6] + 0.3333333333333333 = 2.1666666666666665
[I]    Thread-10: Add score pbox[4][9] + 0.5 = 0.5
[I]    Thread-11: Update score pbox[1][7] + 0.3333333333333333 = 1.9166666666666665
[I]    Thread-10: Last update 2 pbox[1] = timestamp: 9 | probability: 0.5
[I]    Thread-11: Update score pbox[1][8] + 0.3333333333333333 = 1.9166666666666665
[I]    Thread-10: Last update 2 pbox[4] = timestamp: 9 | probability: 0.5
[I]    Thread-11: Add score pbox[1][9] + 0.3333333333333333 = 0.8333333333333333
[I]    Thread-11: Last update 1 pbox[4] = 5
[I]    Thread-11: Update score pbox[4][6] + 0.3333333333333333 = 1.1666666666666665
[I]    Thread-11: Update score pbox[4][7] + 0.3333333333333333 = 0.9166666666666665
[I]    Thread-11: Update score pbox[4][8] + 0.3333333333333333 = 0.9166666666666665
[I]    Thread-11: Add score pbox[4][9] + 0.3333333333333333 = 0.8333333333333333
[I]    Thread-11: Last update 1 pbox[5] = 5
[I]    Thread-11: Update score pbox[5][6] + 0.3333333333333333 = 0.8333333333333333
[I]    Thread-11: Update score pbox[5][7] + 0.3333333333333333 = 0.5833333333333333
[I]    Thread-11: Update score pbox[5][8] + 0.3333333333333333 = 0.5833333333333333
[I]    Thread-11: Add score pbox[5][9] + 0.3333333333333333 = 0.3333333333333333
[I]    Thread-11: Last update 2 pbox[1] = timestamp: 9 | probability: 0.3333333333333333
[I]    Thread-11: Last update 2 pbox[4] = timestamp: 9 | probability: 0.3333333333333333
[I]    Thread-11: Last update 2 pbox[5] = timestamp: 9 | probability: 0.3333333333333333
[I]   MainThread: [P-4 out] - Komputasi selesai
[I]   MainThread: [P-4 out] Hapus dari produk aktif: [1, 5, 2, 3]
[I]   MainThread: Dequeue event [10, 1, 3, 0]
[I]   MainThread: [C-3 in] Make thread
[I]   MainThread: [C-3 in] Masukkan ke produk aktif: [2, 5, 3]
[I]   MainThread: C-3 : [6, 11]
[I]   MainThread: Initial dynamic skyline
[I]   MainThread: Candidate DSL : {1: {'diff': [0, 8]}, 5: {'diff': [6, 1]}, 2: {'diff': [2, 1]}, 3: {'diff': [0, 4]}}
[I]   MainThread: Candidate DSL sorted : [3, 1, 2, 5]
[I]   MainThread: DSL Result : {1: {'diff': [0, 8]}, 5: {'diff': [6, 1]}, 2: {'diff': [2, 1]}, 3: {'diff': [0, 4]}}
[I]   MainThread: Last update 1 pbox[1] = 0
[I]   MainThread: Add score pbox[1][10] + 0.25 = 0.25
[I]   MainThread: Last update 1 pbox[5] = 0
[I]   MainThread: Add score pbox[5][10] + 0.25 = 0.25
[I]   MainThread: Last update 1 pbox[2] = 0
[I]   MainThread: Add score pbox[2][10] + 0.25 = 0.25
[I]   MainThread: Last update 1 pbox[3] = 0
[I]   MainThread: Add score pbox[3][10] + 0.25 = 0.25
[I]   MainThread: Last update 2 pbox[1] = timestamp: 10 | probability: 0.25
[I]   MainThread: Last update 2 pbox[5] = timestamp: 10 | probability: 0.25
[I]   MainThread: Last update 2 pbox[2] = timestamp: 10 | probability: 0.25
[I]   MainThread: Last update 2 pbox[3] = timestamp: 10 | probability: 0.25
[I]   MainThread: Dequeue event [10, 0, 1, 1]
[I]   MainThread: [P-1 out] - Start threading
[I]    Thread-12: C-2 : [4, 10]
[I]    Thread-12: Last update 1 pbox[1] = 9
[I]    Thread-12: Add score pbox[1][10] + 1.0 = 1.25
[I]    Thread-12: Last update 2 pbox[1] = timestamp: 10 | probability: 1.0
[I]    Thread-13: C-5 : [9, 10]
[I]    Thread-13: Last update 1 pbox[1] = 9
[I]    Thread-13: Add score pbox[1][10] + 0.5 = 1.75
[I]    Thread-13: Last update 1 pbox[5] = 9
[I]    Thread-13: Add score pbox[5][10] + 0.5 = 0.75
[I]    Thread-13: Last update 2 pbox[1] = timestamp: 10 | probability: 0.5
[I]    Thread-13: Last update 2 pbox[5] = timestamp: 10 | probability: 0.5
[I]    Thread-14: C-3 : [6, 11]
[I]   MainThread: [P-1 out] - Komputasi selesai
[I]   MainThread: [P-1 out] Hapus dari produk aktif: [5, 2, 3]
[I]   MainThread: Dequeue event [13, 0, 2, 1]
[I]   MainThread: [P-2 out] - Start threading
[I]    Thread-15: C-2 : [4, 10]
[I]    Thread-16: C-5 : [9, 10]
[I]    Thread-17: C-3 : [6, 11]
[I]    Thread-17: Last update 1 pbox[5] = 10
[I]    Thread-17: Update score pbox[5][11] + 0.25 = 0.25
[I]    Thread-17: Update score pbox[5][12] + 0.25 = 0.25
[I]    Thread-17: Add score pbox[5][13] + 0.3333333333333333 = 0.3333333333333333
[I]    Thread-17: Last update 1 pbox[2] = 10
[I]    Thread-17: Update score pbox[2][11] + 0.25 = 0.25
[I]    Thread-17: Update score pbox[2][12] + 0.25 = 0.25
[I]    Thread-17: Add score pbox[2][13] + 0.3333333333333333 = 0.3333333333333333
[I]    Thread-17: Last update 1 pbox[3] = 10
[I]    Thread-17: Update score pbox[3][11] + 0.25 = 0.25
[I]    Thread-17: Update score pbox[3][12] + 0.25 = 0.25
[I]    Thread-17: Add score pbox[3][13] + 0.3333333333333333 = 0.3333333333333333
[I]    Thread-17: Last update 2 pbox[5] = timestamp: 13 | probability: 0.3333333333333333
[I]    Thread-17: Last update 2 pbox[2] = timestamp: 13 | probability: 0.3333333333333333
[I]    Thread-17: Last update 2 pbox[3] = timestamp: 13 | probability: 0.3333333333333333
[I]   MainThread: [P-2 out] - Komputasi selesai
[I]   MainThread: [P-2 out] Hapus dari produk aktif: [5, 3]
[I]   MainThread: Dequeue event [14, 1, 2, 1]
[I]   MainThread: [C-2 out] Kill thread
[I]   MainThread: C-2 : [4, 10]
[I]   MainThread: Initial dynamic skyline
[I]   MainThread: [C-2 out] Hapus dari produk aktif: [5, 3]
[I]   MainThread: Dequeue event [15, 0, 3, 1]
[I]   MainThread: [P-3 out] - Start threading
[I]    Thread-18: C-5 : [9, 10]
[I]    Thread-19: C-3 : [6, 11]
[I]    Thread-19: Last update 1 pbox[5] = 13
[I]    Thread-19: Update score pbox[5][14] + 0.3333333333333333 = 0.3333333333333333
[I]    Thread-19: Add score pbox[5][15] + 0.5 = 0.5
[I]    Thread-19: Last update 1 pbox[3] = 13
[I]    Thread-19: Update score pbox[3][14] + 0.3333333333333333 = 0.3333333333333333
[I]    Thread-19: Add score pbox[3][15] + 0.5 = 0.5
[I]    Thread-19: Last update 2 pbox[5] = timestamp: 15 | probability: 0.5
[I]    Thread-19: Last update 2 pbox[3] = timestamp: 15 | probability: 0.5
[I]   MainThread: [P-3 out] - Komputasi selesai
[I]   MainThread: [P-3 out] Hapus dari produk aktif: [5]
[I]   MainThread: Dequeue event [15, 0, 5, 1]
[I]   MainThread: [P-5 out] - Start threading
[I]    Thread-20: C-5 : [9, 10]
[I]    Thread-20: Last update 1 pbox[5] = 10
[I]    Thread-21: C-3 : [6, 11]
[I]    Thread-20: Update score pbox[5][11] + 0.5 = 0.75
[I]    Thread-20: Update score pbox[5][12] + 0.5 = 0.75
[I]    Thread-20: Update score pbox[5][13] + 0.5 = 0.8333333333333333
[I]    Thread-20: Update score pbox[5][14] + 0.5 = 0.8333333333333333
[I]    Thread-20: Add score pbox[5][15] + 1.0 = 1.5
[I]    Thread-20: Last update 2 pbox[5] = timestamp: 15 | probability: 1.0
[I]   MainThread: [P-5 out] - Komputasi selesai
[I]   MainThread: [P-5 out] Hapus dari produk aktif: []
[I]   MainThread: Dequeue event [15, 1, 3, 1]
[I]   MainThread: [C-3 out] Kill thread
[I]   MainThread: C-3 : [6, 11]
[I]   MainThread: Initial dynamic skyline
[I]   MainThread: [C-3 out] Hapus dari produk aktif: [5]
[I]   MainThread: Dequeue event [15, 1, 5, 1]
[I]   MainThread: [C-5 out] Kill thread
[I]   MainThread: C-5 : [9, 10]
[I]   MainThread: Initial dynamic skyline
[I]   MainThread: [C-5 out] Hapus dari produk aktif: []
[I]   MainThread: Pandora Box
[I]   MainThread: [0, 0, 0, 0, 0, 0, 0, 0, 0, 0, 0, 0, 0, 0, 0, 0]
[I]   MainThread: [0, 0, 1.0, 2.0, 2.5, 2.333333333333333, 2.1666666666666665, 1.9166666666666665, 1.9166666666666665, 0.8333333333333333, 1.75, 0, 0, 0, 0, 0]
[I]   MainThread: [0, 0, 0, 0, 0, 0, 0.8333333333333333, 0.25, 0.25, 0, 0.25, 0.25, 0.25, 0.3333333333333333, 0, 0]
[I]   MainThread: [0, 0, 0, 0, 0, 0, 0, 0, 0, 0, 0.25, 0.25, 0.25, 0.3333333333333333, 0.3333333333333333, 0.5]
[I]   MainThread: [0, 0, 0, 0, 1.5, 1.3333333333333333, 1.1666666666666665, 0.9166666666666665, 0.9166666666666665, 0.8333333333333333, 0, 0, 0, 0, 0, 0]
[I]   MainThread: [0, 0, 0, 0, 0, 1.3333333333333333, 0.8333333333333333, 0.5833333333333333, 0.5833333333333333, 0.3333333333333333, 0.75, 0.75, 0.75, 0.8333333333333333, 0.8333333333333333, 1.5]
[I]   MainThread: pandora box csv exported succesfully
[I]   MainThread: Exiting the main program
