b'[I]   MainThread: Input data product.csv'
b'[I]   MainThread: Data (product.csv) succesfully inputed'
b'[I]   MainThread: Input data customer.csv'
b'[I]   MainThread: Data (customer.csv) succesfully inputed'
b'[I]   MainThread: product'
b"[I]   MainThread: 1 : {'ts_in': 2, 'ts_out': 10, 'value': [6, 3]}"
b"[I]   MainThread: 2 : {'ts_in': 6, 'ts_out': 13, 'value': [4, 12]}"
b"[I]   MainThread: 3 : {'ts_in': 9, 'ts_out': 15, 'value': [6, 15]}"
b"[I]   MainThread: 4 : {'ts_in': 4, 'ts_out': 9, 'value': [9, 5]}"
b"[I]   MainThread: 5 : {'ts_in': 5, 'ts_out': 15, 'value': [12, 10]}"
b'[I]   MainThread: customer'
b"[I]   MainThread: 1 : {'ts_in': 1, 'ts_out': 8, 'value': [2, 8]}"
b"[I]   MainThread: 2 : {'ts_in': 4, 'ts_out': 14, 'value': [4, 10]}"
b"[I]   MainThread: 3 : {'ts_in': 10, 'ts_out': 15, 'value': [6, 11]}"
b"[I]   MainThread: 4 : {'ts_in': 3, 'ts_out': 8, 'value': [8, 12]}"
b"[I]   MainThread: 5 : {'ts_in': 5, 'ts_out': 15, 'value': [9, 10]}"
b'[I]   MainThread: Sorted Queue'
b'[I]   MainThread: [15, 1, 5, 1]'
b'[I]   MainThread: [15, 1, 3, 1]'
b'[I]   MainThread: [15, 0, 5, 1]'
b'[I]   MainThread: [15, 0, 3, 1]'
b'[I]   MainThread: [14, 1, 2, 1]'
b'[I]   MainThread: [13, 0, 2, 1]'
b'[I]   MainThread: [10, 0, 1, 1]'
b'[I]   MainThread: [10, 1, 3, 0]'
b'[I]   MainThread: [9, 0, 4, 1]'
b'[I]   MainThread: [9, 0, 3, 0]'
b'[I]   MainThread: [8, 1, 4, 1]'
b'[I]   MainThread: [8, 1, 1, 1]'
b'[I]   MainThread: [6, 0, 2, 0]'
b'[I]   MainThread: [5, 1, 5, 0]'
b'[I]   MainThread: [5, 0, 5, 0]'
b'[I]   MainThread: [4, 1, 2, 0]'
b'[I]   MainThread: [4, 0, 4, 0]'
b'[I]   MainThread: [3, 1, 4, 0]'
b'[I]   MainThread: [2, 0, 1, 0]'
b'[I]   MainThread: [1, 1, 1, 0]'
b"[I]   MainThread: {'00': {}, '01': {}, '10': {}, '11': {}}"
b'[I]   MainThread: Midpoint = [5.0, 7.5]'
b'[I]   MainThread: Midpoint skyline = {2: [5.0, 7.5]}'
b'[I]   MainThread: Midpoint = [6.0, 9.0]'
b'[I]   MainThread: Midpoint skyline = {2: [5.0, 7.5], 3: [6.0, 9.0]}'
b'[I]   MainThread: Midpoint = [7.5, 4.0]'
b'[I]   MainThread: Midpoint skyline = {4: [7.5, 4.0]}'
b'[I]   MainThread: Midpoint = [9.0, 6.5]'
b'[I]   MainThread: Midpoint skyline = {4: [7.5, 4.0]}'
b"[I]   MainThread: {'00': {}, '01': {2: [5.0, 7.5], 3: [6.0, 9.0]}, '10': {}, '11': {4: [7.5, 4.0]}}"
b"[I]   MainThread: {'00': {}, '01': {}, '10': {}, '11': {}}"
b'[I]   MainThread: Midpoint = [5.0, 7.5]'
b'[I]   MainThread: Midpoint skyline = {1: [5.0, 7.5]}'
b'[I]   MainThread: Midpoint = [5.0, 13.5]'
b'[I]   MainThread: Midpoint skyline = {3: [5.0, 13.5]}'
b'[I]   MainThread: Midpoint = [6.5, 8.5]'
b'[I]   MainThread: Midpoint skyline = {1: [5.0, 7.5], 4: [6.5, 8.5]}'
b'[I]   MainThread: Midpoint = [8.0, 11.0]'
b'[I]   MainThread: Midpoint skyline = {1: [5.0, 7.5], 5: [8.0, 11.0], 4: [6.5, 8.5]}'
b"[I]   MainThread: {'00': {}, '01': {}, '10': {1: [5.0, 7.5], 5: [8.0, 11.0], 4: [6.5, 8.5]}, '11': {3: [5.0, 13.5]}}"
b"[I]   MainThread: {'00': {}, '01': {}, '10': {}, '11': {}}"
b'[I]   MainThread: Midpoint = [6.0, 9.0]'
b'[I]   MainThread: Midpoint skyline = {1: [6.0, 9.0]}'
b'[I]   MainThread: Midpoint = [5.0, 13.5]'
b'[I]   MainThread: Midpoint skyline = {1: [6.0, 9.0], 2: [5.0, 13.5]}'
b'[I]   MainThread: Midpoint = [7.5, 10.0]'
b'[I]   MainThread: Midpoint skyline = {4: [7.5, 10.0]}'
b'[I]   MainThread: Midpoint = [9.0, 12.5]'
b'[I]   MainThread: Midpoint skyline = {4: [7.5, 10.0], 5: [9.0, 12.5]}'
b"[I]   MainThread: {'00': {1: [6.0, 9.0], 2: [5.0, 13.5]}, '01': {}, '10': {4: [7.5, 10.0], 5: [9.0, 12.5]}, '11': {}}"
b"[I]   MainThread: {'00': {}, '01': {}, '10': {}, '11': {}}"
b'[I]   MainThread: Midpoint = [7.5, 4.0]'
b'[I]   MainThread: Midpoint skyline = {1: [7.5, 4.0]}'
b'[I]   MainThread: Midpoint = [6.5, 8.5]'
b'[I]   MainThread: Midpoint skyline = {2: [6.5, 8.5]}'
b'[I]   MainThread: Midpoint = [7.5, 10.0]'
b'[I]   MainThread: Midpoint skyline = {2: [6.5, 8.5], 3: [7.5, 10.0]}'
b'[I]   MainThread: Midpoint = [10.5, 7.5]'
b'[I]   MainThread: Midpoint skyline = {5: [10.5, 7.5]}'
b"[I]   MainThread: {'00': {1: [7.5, 4.0]}, '01': {2: [6.5, 8.5], 3: [7.5, 10.0]}, '10': {}, '11': {5: [10.5, 7.5]}}"
b"[I]   MainThread: {'00': {}, '01': {}, '10': {}, '11': {}}"
b'[I]   MainThread: Midpoint = [9.0, 6.5]'
b'[I]   MainThread: Midpoint skyline = {1: [9.0, 6.5]}'
b'[I]   MainThread: Midpoint = [8.0, 11.0]'
b'[I]   MainThread: Midpoint skyline = {2: [8.0, 11.0]}'
b'[I]   MainThread: Midpoint = [9.0, 12.5]'
b'[I]   MainThread: Midpoint skyline = {2: [8.0, 11.0], 3: [9.0, 12.5]}'
b'[I]   MainThread: Midpoint = [10.5, 7.5]'
b'[I]   MainThread: Midpoint skyline = {4: [10.5, 7.5]}'
b"[I]   MainThread: {'00': {4: [10.5, 7.5]}, '01': {2: [8.0, 11.0], 3: [9.0, 12.5]}, '10': {}, '11': {}}"
