b'[I]    thread_c4: thread_c4 starting..., ts: 3'
b'[I]    thread_c4: ========================================================================'
b'[I]    thread_c4: Initial dynamic skyline'
b'[I]    thread_c4: Customer value : [8, 12]'
b"[I]    thread_c4: Product value : {1: {'value': [6, 3], 'diff': [2, 9]}}"
b'[I]    thread_c4: Current DSL : {}'
b"[I]    thread_c4: Current DSL + Product value : {1: {'value': [6, 3], 'diff': [2, 9]}}"
b'[I]    thread_c4: Current DSL sorted : [1]'
b"[I]    thread_c4: DSL Result : {1: {'value': [6, 3], 'diff': [2, 9]}}"
b'[I]    thread_c4: Last update 1 pbox[1] = 0'
b'[I]    thread_c4: Add score pbox[1][3] + 1.0 = 1.0'
b'[I]    thread_c4: Last update 2 pbox[1] = timestamp: 3 | probability: 1.0'
b'[I]    thread_c4: ========================================================================'
b'[I]    thread_c4: Product 4 in, ts: 4'
b'[I]    thread_c4: Customer value : [8, 12]'
b"[I]    thread_c4: Product value : {4: {'value': [9, 5], 'diff': [1, 7]}}"
b"[I]    thread_c4: Current DSL : {1: {'value': [6, 3], 'diff': [2, 9], 'last_ts': 3, 'last_prob': 1.0}}"
b"[I]    thread_c4: Current DSL + Product value : {1: {'value': [6, 3], 'diff': [2, 9], 'last_ts': 3, 'last_prob': 1.0}, 4: {'value': [9, 5], 'diff': [1, 7]}}"
b'[I]    thread_c4: Current DSL sorted : [4, 1]'
b"[I]    thread_c4: DSL Result : {4: {'value': [9, 5], 'diff': [1, 7], 'dominating': [1]}}"
b'[I]    thread_c4: Last update 1 pbox[4] = 0'
b'[I]    thread_c4: Add score pbox[4][4] + 1.0 = 1.0'
b'[I]    thread_c4: Last update 2 pbox[4] = timestamp: 4 | probability: 1.0'
b'[I]    thread_c4: ========================================================================'
b'[I]    thread_c4: Product 5 in, ts: 5'
b'[I]    thread_c4: Customer value : [8, 12]'
b"[I]    thread_c4: Product value : {5: {'value': [12, 10], 'diff': [4, 2]}}"
b"[I]    thread_c4: Current DSL : {4: {'value': [9, 5], 'diff': [1, 7], 'dominating': [1], 'last_ts': 4, 'last_prob': 1.0}}"
b"[I]    thread_c4: Current DSL + Product value : {4: {'value': [9, 5], 'diff': [1, 7], 'dominating': [1], 'last_ts': 4, 'last_prob': 1.0}, 5: {'value': [12, 10], 'diff': [4, 2]}}"
b'[I]    thread_c4: Current DSL sorted : [4, 5]'
b"[I]    thread_c4: DSL Result : {4: {'value': [9, 5], 'diff': [1, 7], 'dominating': [1], 'last_ts': 4, 'last_prob': 1.0}, 5: {'value': [12, 10], 'diff': [4, 2]}}"
b'[I]    thread_c4: Last update 1 pbox[4] = 4'
b'[I]    thread_c4: Add score pbox[4][5] + 0.5 = 0.5'
b'[I]    thread_c4: Last update 1 pbox[5] = 0'
b'[I]    thread_c4: Add score pbox[5][5] + 0.5 = 0.5'
b'[I]    thread_c4: Last update 2 pbox[4] = timestamp: 5 | probability: 0.5'
b'[I]    thread_c4: Last update 2 pbox[5] = timestamp: 5 | probability: 0.5'
b'[I]    thread_c4: ========================================================================'
b'[I]    thread_c4: Product 2 in, ts: 6'
b'[I]    thread_c4: Customer value : [8, 12]'
b"[I]    thread_c4: Product value : {2: {'value': [4, 12], 'diff': [4, 0]}}"
b"[I]    thread_c4: Current DSL : {4: {'value': [9, 5], 'diff': [1, 7], 'dominating': [1], 'last_ts': 5, 'last_prob': 0.5}, 5: {'value': [12, 10], 'diff': [4, 2], 'last_ts': 5, 'last_prob': 0.5}}"
b"[I]    thread_c4: Current DSL + Product value : {4: {'value': [9, 5], 'diff': [1, 7], 'dominating': [1], 'last_ts': 5, 'last_prob': 0.5}, 5: {'value': [12, 10], 'diff': [4, 2], 'last_ts': 5, 'last_prob': 0.5}, 2: {'value': [4, 12], 'diff': [4, 0]}}"
b'[I]    thread_c4: Current DSL sorted : [4, 2, 5]'
b"[I]    thread_c4: DSL Result : {4: {'value': [9, 5], 'diff': [1, 7], 'dominating': [1], 'last_ts': 5, 'last_prob': 0.5}, 2: {'value': [4, 12], 'diff': [4, 0], 'dominating': [5]}}"
b'[I]    thread_c4: Last update 1 pbox[4] = 5'
b'[I]    thread_c4: Add score pbox[4][6] + 0.5 = 1.3333333333333333'
b'[I]    thread_c4: Last update 1 pbox[2] = 0'
b'[I]    thread_c4: Add score pbox[2][6] + 0.5 = 0.5'
b'[I]    thread_c4: Last update 2 pbox[4] = timestamp: 6 | probability: 0.5'
b'[I]    thread_c4: Last update 2 pbox[2] = timestamp: 6 | probability: 0.5'
b'[I]    thread_c4: ========================================================================'
b'[I]    thread_c4: thread_c4 killed..., ts: 8'
b'[I]    thread_c4: Last update 1 pbox[4] = 6'
b'[I]    thread_c4: Update score pbox[4][7] + 0.5 = 0.8333333333333333'
b'[I]    thread_c4: Add score pbox[4][8] + 0.5 = 0.8333333333333333'
b'[I]    thread_c4: Last update 1 pbox[2] = 6'
b'[I]    thread_c4: Update score pbox[2][7] + 0.5 = 0.8333333333333333'
b'[I]    thread_c4: Add score pbox[2][8] + 0.5 = 0.8333333333333333'
b'[I]    thread_c4: thread_c4 exiting'
