b'[I]    thread_c1: thread_c1 starting..., ts: 1'
b'[I]    thread_c1: ========================================================================'
b'[I]    thread_c1: Product 1 in, ts: 2'
b'[I]    thread_c1: Customer value : [2, 8]'
b"[I]    thread_c1: Product value : {1: {'value': [6, 3], 'diff': [4, 5]}}"
b'[I]    thread_c1: Current DSL : {}'
b"[I]    thread_c1: Current DSL + Product value : {1: {'value': [6, 3], 'diff': [4, 5]}}"
b'[I]    thread_c1: Current DSL sorted : [1]'
b"[I]    thread_c1: DSL Result : {1: {'value': [6, 3], 'diff': [4, 5]}}"
b'[I]    thread_c1: Last update 1 pbox[1] = 0'
b'[I]    thread_c1: Add score pbox[1][2] + 1.0 = 1.0'
b'[I]    thread_c1: Last update 2 pbox[1] = timestamp: 2 | probability: 1.0'
b'[I]    thread_c1: ========================================================================'
b'[I]    thread_c1: Product 4 in, ts: 4'
b'[I]    thread_c1: Customer value : [2, 8]'
b"[I]    thread_c1: Product value : {4: {'value': [9, 5], 'diff': [7, 3]}}"
b"[I]    thread_c1: Current DSL : {1: {'value': [6, 3], 'diff': [4, 5], 'last_ts': 2, 'last_prob': 1.0}}"
b"[I]    thread_c1: Current DSL + Product value : {1: {'value': [6, 3], 'diff': [4, 5], 'last_ts': 2, 'last_prob': 1.0}, 4: {'value': [9, 5], 'diff': [7, 3]}}"
b'[I]    thread_c1: Current DSL sorted : [1, 4]'
b"[I]    thread_c1: DSL Result : {1: {'value': [6, 3], 'diff': [4, 5], 'last_ts': 2, 'last_prob': 1.0}, 4: {'value': [9, 5], 'diff': [7, 3]}}"
b'[I]    thread_c1: Last update 1 pbox[1] = 2'
b'[I]    thread_c1: Update score pbox[1][3] + 1.0 = 2.0'
b'[I]    thread_c1: Add score pbox[1][4] + 0.5 = 0.5'
b'[I]    thread_c1: Last update 1 pbox[4] = 0'
b'[I]    thread_c1: Add score pbox[4][4] + 0.5 = 1.5'
b'[I]    thread_c1: Last update 2 pbox[1] = timestamp: 4 | probability: 0.5'
b'[I]    thread_c1: Last update 2 pbox[4] = timestamp: 4 | probability: 0.5'
b'[I]    thread_c1: ========================================================================'
b'[I]    thread_c1: Product 5 in, ts: 5'
b'[I]    thread_c1: Customer value : [2, 8]'
b"[I]    thread_c1: Product value : {5: {'value': [12, 10], 'diff': [10, 2]}}"
b"[I]    thread_c1: Current DSL : {1: {'value': [6, 3], 'diff': [4, 5], 'last_ts': 4, 'last_prob': 0.5}, 4: {'value': [9, 5], 'diff': [7, 3], 'last_ts': 4, 'last_prob': 0.5}}"
b"[I]    thread_c1: Current DSL + Product value : {1: {'value': [6, 3], 'diff': [4, 5], 'last_ts': 4, 'last_prob': 0.5}, 4: {'value': [9, 5], 'diff': [7, 3], 'last_ts': 4, 'last_prob': 0.5}, 5: {'value': [12, 10], 'diff': [10, 2]}}"
b'[I]    thread_c1: Current DSL sorted : [1, 4, 5]'
b"[I]    thread_c1: DSL Result : {1: {'value': [6, 3], 'diff': [4, 5], 'last_ts': 4, 'last_prob': 0.5}, 4: {'value': [9, 5], 'diff': [7, 3], 'last_ts': 4, 'last_prob': 0.5}, 5: {'value': [12, 10], 'diff': [10, 2]}}"
b'[I]    thread_c1: Last update 1 pbox[1] = 4'
b'[I]    thread_c1: Add score pbox[1][5] + 0.3333333333333333 = 0.3333333333333333'
b'[I]    thread_c1: Last update 1 pbox[4] = 4'
b'[I]    thread_c1: Add score pbox[4][5] + 0.3333333333333333 = 0.8333333333333333'
b'[I]    thread_c1: Last update 1 pbox[5] = 0'
b'[I]    thread_c1: Add score pbox[5][5] + 0.3333333333333333 = 0.8333333333333333'
b'[I]    thread_c1: Last update 2 pbox[1] = timestamp: 5 | probability: 0.3333333333333333'
b'[I]    thread_c1: Last update 2 pbox[4] = timestamp: 5 | probability: 0.3333333333333333'
b'[I]    thread_c1: Last update 2 pbox[5] = timestamp: 5 | probability: 0.3333333333333333'
b'[I]    thread_c1: ========================================================================'
b'[I]    thread_c1: Product 2 in, ts: 6'
b'[I]    thread_c1: Customer value : [2, 8]'
b"[I]    thread_c1: Product value : {2: {'value': [4, 12], 'diff': [2, 4]}}"
b"[I]    thread_c1: Current DSL : {1: {'value': [6, 3], 'diff': [4, 5], 'last_ts': 5, 'last_prob': 0.3333333333333333}, 4: {'value': [9, 5], 'diff': [7, 3], 'last_ts': 5, 'last_prob': 0.3333333333333333}, 5: {'value': [12, 10], 'diff': [10, 2], 'last_ts': 5, 'last_prob': 0.3333333333333333}}"
b"[I]    thread_c1: Current DSL + Product value : {1: {'value': [6, 3], 'diff': [4, 5], 'last_ts': 5, 'last_prob': 0.3333333333333333}, 4: {'value': [9, 5], 'diff': [7, 3], 'last_ts': 5, 'last_prob': 0.3333333333333333}, 5: {'value': [12, 10], 'diff': [10, 2], 'last_ts': 5, 'last_prob': 0.3333333333333333}, 2: {'value': [4, 12], 'diff': [2, 4]}}"
b'[I]    thread_c1: Current DSL sorted : [2, 1, 4, 5]'
b"[I]    thread_c1: DSL Result : {4: {'value': [9, 5], 'diff': [7, 3], 'last_ts': 5, 'last_prob': 0.3333333333333333}, 5: {'value': [12, 10], 'diff': [10, 2], 'last_ts': 5, 'last_prob': 0.3333333333333333}, 2: {'value': [4, 12], 'diff': [2, 4], 'dominating': [1]}}"
b'[I]    thread_c1: Last update 1 pbox[4] = 5'
b'[I]    thread_c1: Add score pbox[4][6] + 0.3333333333333333 = 0.8333333333333333'
b'[I]    thread_c1: Last update 1 pbox[5] = 5'
b'[I]    thread_c1: Add score pbox[5][6] + 0.3333333333333333 = 0.8333333333333333'
b'[I]    thread_c1: Last update 1 pbox[2] = 0'
b'[I]    thread_c1: Add score pbox[2][6] + 0.3333333333333333 = 0.8333333333333333'
b'[I]    thread_c1: Last update 2 pbox[4] = timestamp: 6 | probability: 0.3333333333333333'
b'[I]    thread_c1: Last update 2 pbox[5] = timestamp: 6 | probability: 0.3333333333333333'
b'[I]    thread_c1: Last update 2 pbox[2] = timestamp: 6 | probability: 0.3333333333333333'
b'[I]    thread_c1: ========================================================================'
b'[I]    thread_c1: thread_c1 killed..., ts: 8'
b'[I]    thread_c1: Last update 1 pbox[4] = 6'
b'[I]    thread_c1: Update score pbox[4][7] + 0.3333333333333333 = 0.3333333333333333'
b'[I]    thread_c1: Add score pbox[4][8] + 0.3333333333333333 = 0.3333333333333333'
b'[I]    thread_c1: Last update 1 pbox[5] = 6'
b'[I]    thread_c1: Update score pbox[5][7] + 0.3333333333333333 = 0.3333333333333333'
b'[I]    thread_c1: Add score pbox[5][8] + 0.3333333333333333 = 0.3333333333333333'
b'[I]    thread_c1: Last update 1 pbox[2] = 6'
b'[I]    thread_c1: Update score pbox[2][7] + 0.3333333333333333 = 0.3333333333333333'
b'[I]    thread_c1: Add score pbox[2][8] + 0.3333333333333333 = 0.3333333333333333'
b'[I]    thread_c1: thread_c1 exiting'
