b'[I]   MainThread: Input (product) data... in product.csv'
b'[I]   MainThread: Data (product) succesfully inputed'
b'[I]   MainThread: Input (customer) data... in customer.csv'
b'[I]   MainThread: Data (customer) succesfully inputed'
b'[I]   MainThread: product'
b"[I]   MainThread: 1 : {'ts_in': 2, 'ts_out': 10, 'value': [6, 3]}"
b"[I]   MainThread: 2 : {'ts_in': 6, 'ts_out': 13, 'value': [4, 12]}"
b"[I]   MainThread: 3 : {'ts_in': 9, 'ts_out': 15, 'value': [6, 15]}"
b"[I]   MainThread: 4 : {'ts_in': 4, 'ts_out': 9, 'value': [9, 5]}"
b"[I]   MainThread: 5 : {'ts_in': 5, 'ts_out': 15, 'value': [12, 10]}"
b'[I]   MainThread: customer'
b"[I]   MainThread: 1 : {'ts_in': 1, 'ts_out': 8, 'value': [2, 8]}"
b"[I]   MainThread: 2 : {'ts_in': 4, 'ts_out': 14, 'value': [4, 10]}"
b"[I]   MainThread: 3 : {'ts_in': 10, 'ts_out': 15, 'value': [6, 11]}"
b"[I]   MainThread: 4 : {'ts_in': 3, 'ts_out': 8, 'value': [8, 12]}"
b"[I]   MainThread: 5 : {'ts_in': 5, 'ts_out': 15, 'value': [9, 10]}"
b'[I]   MainThread: Sorted Queue'
b'[I]   MainThread: [15, 1, 5, 1]'
b'[I]   MainThread: [15, 1, 3, 1]'
b'[I]   MainThread: [15, 0, 5, 1]'
b'[I]   MainThread: [15, 0, 3, 1]'
b'[I]   MainThread: [14, 1, 2, 1]'
b'[I]   MainThread: [13, 0, 2, 1]'
b'[I]   MainThread: [10, 0, 1, 1]'
b'[I]   MainThread: [10, 1, 3, 0]'
b'[I]   MainThread: [9, 0, 4, 1]'
b'[I]   MainThread: [9, 0, 3, 0]'
b'[I]   MainThread: [8, 1, 4, 1]'
b'[I]   MainThread: [8, 1, 1, 1]'
b'[I]   MainThread: [6, 0, 2, 0]'
b'[I]   MainThread: [5, 1, 5, 0]'
b'[I]   MainThread: [5, 0, 5, 0]'
b'[I]   MainThread: [4, 1, 2, 0]'
b'[I]   MainThread: [4, 0, 4, 0]'
b'[I]   MainThread: [3, 1, 4, 0]'
b'[I]   MainThread: [2, 0, 1, 0]'
b'[I]   MainThread: [1, 1, 1, 0]'
b'[I]   MainThread: Dequeue event [1, 1, 1, 0]'
b'[I]   MainThread: [C-1 in] Make thread'
b'[I]   MainThread: Dequeue event [2, 0, 1, 0]'
b'[I]   MainThread: [P-1 in] Masuk ke produk aktif: [1]'
b'[I]   MainThread: Dequeue event [3, 1, 4, 0]'
b'[I]   MainThread: [C-4 in] Make thread'
b'[I]   MainThread: Dequeue event [4, 0, 4, 0]'
b'[I]   MainThread: [P-4 in] Masuk ke produk aktif: [1, 4]'
b'[I]   MainThread: Dequeue event [4, 1, 2, 0]'
b'[I]   MainThread: [C-2 in] Make thread'
b'[I]   MainThread: Dequeue event [5, 0, 5, 0]'
b'[I]   MainThread: [P-5 in] Masuk ke produk aktif: [1, 4, 5]'
b'[I]   MainThread: Dequeue event [5, 1, 5, 0]'
b'[I]   MainThread: [C-5 in] Make thread'
b'[I]   MainThread: Dequeue event [6, 0, 2, 0]'
b'[I]   MainThread: [P-2 in] Masuk ke produk aktif: [1, 4, 5, 2]'
b'[I]   MainThread: Dequeue event [8, 1, 1, 1]'
b'[I]   MainThread: [C-1 out] Kill thread'
b'[I]   MainThread: Dequeue event [8, 1, 4, 1]'
b'[I]   MainThread: [C-4 out] Kill thread'
b'[I]   MainThread: Dequeue event [9, 0, 3, 0]'
b'[I]   MainThread: [P-3 in] Masuk ke produk aktif: [1, 4, 5, 2, 3]'
b'[I]   MainThread: Dequeue event [9, 0, 4, 1]'
b'[I]   MainThread: [P-4 out] Hapus dari produk aktif: [1, 5, 2, 3]'
b'[I]   MainThread: Dequeue event [10, 1, 3, 0]'
b'[I]   MainThread: [C-3 in] Make thread'
b'[I]   MainThread: Dequeue event [10, 0, 1, 1]'
b'[I]   MainThread: [P-1 out] Hapus dari produk aktif: [5, 2, 3]'
b'[I]   MainThread: Dequeue event [13, 0, 2, 1]'
b'[I]   MainThread: [P-2 out] Hapus dari produk aktif: [5, 3]'
b'[I]   MainThread: Dequeue event [14, 1, 2, 1]'
b'[I]   MainThread: [C-2 out] Kill thread'
b'[I]   MainThread: Dequeue event [15, 0, 3, 1]'
b'[I]   MainThread: [P-3 out] Hapus dari produk aktif: [5]'
b'[I]   MainThread: Dequeue event [15, 0, 5, 1]'
b'[I]   MainThread: [P-5 out] Hapus dari produk aktif: []'
b'[I]   MainThread: Dequeue event [15, 1, 3, 1]'
b'[I]   MainThread: [C-3 out] Kill thread'
b'[I]   MainThread: Dequeue event [15, 1, 5, 1]'
b'[I]   MainThread: [C-5 out] Kill thread'
b'[I]   MainThread: Pandora Box'
b'[I]   MainThread: [0, 0, 0, 0, 0, 0, 0, 0, 0, 0, 0, 0, 0, 0, 0, 0]'
b'[I]   MainThread: [0, 0, 1.0, 2.0, 1.0, 0.6666666666666666, 0, 0, 0, 0, 0, 0, 0, 0, 0, 0]'
b'[I]   MainThread: [0, 0, 0, 0, 0, 0, 1.3333333333333333, 1.3333333333333333, 1.3333333333333333, 0.5, 1.0, 1.0, 1.0, 1.0, 0, 0]'
b'[I]   MainThread: [0, 0, 0, 0, 0, 0, 0, 0, 0, 0, 0.5, 0.5, 0.5, 1.0, 1.0, 0.5]'
b'[I]   MainThread: [0, 0, 0, 0, 2.0, 1.6666666666666665, 1.3333333333333333, 1.3333333333333333, 1.3333333333333333, 0.5, 0, 0, 0, 0, 0, 0]'
b'[I]   MainThread: [0, 0, 0, 0, 0, 1.6666666666666665, 1.3333333333333333, 1.3333333333333333, 1.3333333333333333, 1.0, 1.5, 1.5, 1.5, 2.0, 2.0, 1.5]'
b'[I]   MainThread: pandora box csv exported succesfully'
b'[I]   MainThread: Exiting the main program'
