b'[I]    thread_c2: thread_c2 starting..., ts: 4'
b'[I]    thread_c2: ========================================================================'
b'[I]    thread_c2: Initial dynamic skyline'
b'[I]    thread_c2: Customer value : [4, 10]'
b"[I]    thread_c2: Product value : {1: {'value': [6, 3], 'diff': [2, 7]}, 4: {'value': [9, 5], 'diff': [5, 5]}}"
b'[I]    thread_c2: Current DSL : {}'
b"[I]    thread_c2: Current DSL + Product value : {1: {'value': [6, 3], 'diff': [2, 7]}, 4: {'value': [9, 5], 'diff': [5, 5]}}"
b'[I]    thread_c2: Current DSL sorted : [1, 4]'
b"[I]    thread_c2: DSL Result : {1: {'value': [6, 3], 'diff': [2, 7]}, 4: {'value': [9, 5], 'diff': [5, 5]}}"
b'[I]    thread_c2: Last update 1 pbox[1] = 0'
b'[I]    thread_c2: Add score pbox[1][4] + 0.5 = 1.0'
b'[I]    thread_c2: Last update 1 pbox[4] = 0'
b'[I]    thread_c2: Add score pbox[4][4] + 0.5 = 2.0'
b'[I]    thread_c2: Last update 2 pbox[1] = timestamp: 4 | probability: 0.5'
b'[I]    thread_c2: Last update 2 pbox[4] = timestamp: 4 | probability: 0.5'
b'[I]    thread_c2: ========================================================================'
b'[I]    thread_c2: Product 5 in, ts: 5'
b'[I]    thread_c2: Customer value : [4, 10]'
b"[I]    thread_c2: Product value : {5: {'value': [12, 10], 'diff': [8, 0]}}"
b"[I]    thread_c2: Current DSL : {1: {'value': [6, 3], 'diff': [2, 7], 'last_ts': 4, 'last_prob': 0.5}, 4: {'value': [9, 5], 'diff': [5, 5], 'last_ts': 4, 'last_prob': 0.5}}"
b"[I]    thread_c2: Current DSL + Product value : {1: {'value': [6, 3], 'diff': [2, 7], 'last_ts': 4, 'last_prob': 0.5}, 4: {'value': [9, 5], 'diff': [5, 5], 'last_ts': 4, 'last_prob': 0.5}, 5: {'value': [12, 10], 'diff': [8, 0]}}"
b'[I]    thread_c2: Current DSL sorted : [1, 4, 5]'
b"[I]    thread_c2: DSL Result : {1: {'value': [6, 3], 'diff': [2, 7], 'last_ts': 4, 'last_prob': 0.5}, 4: {'value': [9, 5], 'diff': [5, 5], 'last_ts': 4, 'last_prob': 0.5}, 5: {'value': [12, 10], 'diff': [8, 0]}}"
b'[I]    thread_c2: Last update 1 pbox[1] = 4'
b'[I]    thread_c2: Add score pbox[1][5] + 0.3333333333333333 = 0.6666666666666666'
b'[I]    thread_c2: Last update 1 pbox[4] = 4'
b'[I]    thread_c2: Add score pbox[4][5] + 0.3333333333333333 = 1.1666666666666665'
b'[I]    thread_c2: Last update 1 pbox[5] = 0'
b'[I]    thread_c2: Add score pbox[5][5] + 0.3333333333333333 = 1.1666666666666665'
b'[I]    thread_c2: Last update 2 pbox[1] = timestamp: 5 | probability: 0.3333333333333333'
b'[I]    thread_c2: Last update 2 pbox[4] = timestamp: 5 | probability: 0.3333333333333333'
b'[I]    thread_c2: Last update 2 pbox[5] = timestamp: 5 | probability: 0.3333333333333333'
b'[I]    thread_c2: ========================================================================'
b'[I]    thread_c2: Product 2 in, ts: 6'
b'[I]    thread_c2: Customer value : [4, 10]'
b"[I]    thread_c2: Product value : {2: {'value': [4, 12], 'diff': [0, 2]}}"
b"[I]    thread_c2: Current DSL : {1: {'value': [6, 3], 'diff': [2, 7], 'last_ts': 5, 'last_prob': 0.3333333333333333}, 4: {'value': [9, 5], 'diff': [5, 5], 'last_ts': 5, 'last_prob': 0.3333333333333333}, 5: {'value': [12, 10], 'diff': [8, 0], 'last_ts': 5, 'last_prob': 0.3333333333333333}}"
b"[I]    thread_c2: Current DSL + Product value : {1: {'value': [6, 3], 'diff': [2, 7], 'last_ts': 5, 'last_prob': 0.3333333333333333}, 4: {'value': [9, 5], 'diff': [5, 5], 'last_ts': 5, 'last_prob': 0.3333333333333333}, 5: {'value': [12, 10], 'diff': [8, 0], 'last_ts': 5, 'last_prob': 0.3333333333333333}, 2: {'value': [4, 12], 'diff': [0, 2]}}"
b'[I]    thread_c2: Current DSL sorted : [2, 1, 4, 5]'
b"[I]    thread_c2: DSL Result : {5: {'value': [12, 10], 'diff': [8, 0], 'last_ts': 5, 'last_prob': 0.3333333333333333}, 2: {'value': [4, 12], 'diff': [0, 2], 'dominating': [1, 4]}}"
b'[I]    thread_c2: Last update 1 pbox[5] = 5'
b'[I]    thread_c2: Add score pbox[5][6] + 0.5 = 0.5'
b'[I]    thread_c2: Last update 1 pbox[2] = 0'
b'[I]    thread_c2: Add score pbox[2][6] + 0.5 = 0.5'
b'[I]    thread_c2: Last update 2 pbox[5] = timestamp: 6 | probability: 0.5'
b'[I]    thread_c2: Last update 2 pbox[2] = timestamp: 6 | probability: 0.5'
b'[I]    thread_c2: ========================================================================'
b'[I]    thread_c2: Product 3 in, ts: 9'
b'[I]    thread_c2: Customer value : [4, 10]'
b"[I]    thread_c2: Product value : {3: {'value': [6, 15], 'diff': [2, 5]}}"
b"[I]    thread_c2: Current DSL : {5: {'value': [12, 10], 'diff': [8, 0], 'last_ts': 6, 'last_prob': 0.5}, 2: {'value': [4, 12], 'diff': [0, 2], 'dominating': [1, 4], 'last_ts': 6, 'last_prob': 0.5}}"
b"[I]    thread_c2: Current DSL + Product value : {5: {'value': [12, 10], 'diff': [8, 0], 'last_ts': 6, 'last_prob': 0.5}, 2: {'value': [4, 12], 'diff': [0, 2], 'dominating': [1, 4], 'last_ts': 6, 'last_prob': 0.5}, 3: {'value': [6, 15], 'diff': [2, 5]}}"
b'[I]    thread_c2: Current DSL sorted : [2, 3, 5]'
b"[I]    thread_c2: DSL Result : {5: {'value': [12, 10], 'diff': [8, 0], 'last_ts': 6, 'last_prob': 0.5}, 2: {'value': [4, 12], 'diff': [0, 2], 'dominating': [1, 4, 3], 'last_ts': 6, 'last_prob': 0.5}}"
b'[I]    thread_c2: Last update 1 pbox[5] = 6'
b'[I]    thread_c2: Update score pbox[5][7] + 0.5 = 1.3333333333333333'
b'[I]    thread_c2: Update score pbox[5][8] + 0.5 = 1.3333333333333333'
b'[I]    thread_c2: Add score pbox[5][9] + 0.5 = 1.0'
b'[I]    thread_c2: Last update 1 pbox[2] = 6'
b'[I]    thread_c2: Update score pbox[2][7] + 0.5 = 1.3333333333333333'
b'[I]    thread_c2: Update score pbox[2][8] + 0.5 = 1.3333333333333333'
b'[I]    thread_c2: Add score pbox[2][9] + 0.5 = 0.5'
b'[I]    thread_c2: Last update 2 pbox[5] = timestamp: 9 | probability: 0.5'
b'[I]    thread_c2: Last update 2 pbox[2] = timestamp: 9 | probability: 0.5'
b'[I]    thread_c2: ========================================================================'
b'[I]    thread_c2: Product 4 out, ts: 9'
b'[I]    thread_c2: ========================================================================'
b'[I]    thread_c2: Product 1 out, ts: 10'
b'[I]    thread_c2: ========================================================================'
b'[I]    thread_c2: Product 2 out, ts: 13'
b'[I]    thread_c2: Last update 1 pbox[5] = 9'
b'[I]    thread_c2: Update score pbox[5][10] + 0.5 = 0.5'
b'[I]    thread_c2: Update score pbox[5][11] + 0.5 = 0.5'
b'[I]    thread_c2: Update score pbox[5][12] + 0.5 = 0.5'
b'[I]    thread_c2: Add score pbox[5][13] + 0.5 = 0.5'
b'[I]    thread_c2: Last update 1 pbox[2] = 9'
b'[I]    thread_c2: Update score pbox[2][10] + 0.5 = 1.0'
b'[I]    thread_c2: Update score pbox[2][11] + 0.5 = 1.0'
b'[I]    thread_c2: Update score pbox[2][12] + 0.5 = 1.0'
b'[I]    thread_c2: Add score pbox[2][13] + 0.5 = 1.0'
b'[I]    thread_c2: Last update 2 pbox[5] = timestamp: 13 | probability: 0.5'
b'[I]    thread_c2: Last update 2 pbox[2] = timestamp: 13 | probability: 0.5'
b'[I]    thread_c2: Dominating : [1, 4, 3]'
b'[I]    thread_c2: Product active now : [5, 2, 3]'
b'[I]    thread_c2: Active child = [3]'
b'[I]    thread_c2: Active child of [P-2] : [3]'
b'[I]    thread_c2: Customer value : [4, 10]'
b"[I]    thread_c2: Product value : {3: {'value': [6, 15], 'diff': [2, 5]}}"
b"[I]    thread_c2: Current DSL : {5: {'value': [12, 10], 'diff': [8, 0], 'last_ts': 13, 'last_prob': 0.5}}"
b"[I]    thread_c2: Current DSL + Product value : {5: {'value': [12, 10], 'diff': [8, 0], 'last_ts': 13, 'last_prob': 0.5}, 3: {'value': [6, 15], 'diff': [2, 5]}}"
b'[I]    thread_c2: Current DSL sorted : [3, 5]'
b"[I]    thread_c2: DSL Result : {5: {'value': [12, 10], 'diff': [8, 0], 'last_ts': 13, 'last_prob': 0.5}, 3: {'value': [6, 15], 'diff': [2, 5]}}"
b'[I]    thread_c2: Last update 1 pbox[5] = 13'
b'[I]    thread_c2: Last update 1 pbox[3] = 0'
b'[I]    thread_c2: Add score pbox[3][13] + 0.5 = 1.0'
b'[I]    thread_c2: Last update 2 pbox[5] = timestamp: 13 | probability: 0.5'
b'[I]    thread_c2: Last update 2 pbox[3] = timestamp: 13 | probability: 0.5'
b'[I]    thread_c2: ========================================================================'
b'[I]    thread_c2: thread_c2 killed..., ts: 14'
b'[I]    thread_c2: Last update 1 pbox[5] = 13'
b'[I]    thread_c2: Add score pbox[5][14] + 0.5 = 1.0'
b'[I]    thread_c2: Last update 1 pbox[3] = 13'
b'[I]    thread_c2: Add score pbox[3][14] + 0.5 = 1.0'
b'[I]    thread_c2: thread_c2 exiting'
