b'[I]    thread_c3: thread_c3 starting..., ts: 10'
b'[I]    thread_c3: ========================================================================'
b'[I]    thread_c3: Initial dynamic skyline'
b'[I]    thread_c3: Customer value : [6, 11]'
b"[I]    thread_c3: Product value : {1: {'value': [6, 3], 'diff': [0, 8]}, 5: {'value': [12, 10], 'diff': [6, 1]}, 2: {'value': [4, 12], 'diff': [2, 1]}, 3: {'value': [6, 15], 'diff': [0, 4]}}"
b'[I]    thread_c3: Current DSL : {}'
b"[I]    thread_c3: Current DSL + Product value : {1: {'value': [6, 3], 'diff': [0, 8]}, 5: {'value': [12, 10], 'diff': [6, 1]}, 2: {'value': [4, 12], 'diff': [2, 1]}, 3: {'value': [6, 15], 'diff': [0, 4]}}"
b'[I]    thread_c3: Current DSL sorted : [3, 1, 2, 5]'
b"[I]    thread_c3: DSL Result : {2: {'value': [4, 12], 'diff': [2, 1], 'dominating': [5]}, 3: {'value': [6, 15], 'diff': [0, 4], 'dominating': [1]}}"
b'[I]    thread_c3: Last update 1 pbox[2] = 0'
b'[I]    thread_c3: Add score pbox[2][10] + 0.5 = 0.5'
b'[I]    thread_c3: Last update 1 pbox[3] = 0'
b'[I]    thread_c3: Add score pbox[3][10] + 0.5 = 0.5'
b'[I]    thread_c3: Last update 2 pbox[2] = timestamp: 10 | probability: 0.5'
b'[I]    thread_c3: Last update 2 pbox[3] = timestamp: 10 | probability: 0.5'
b'[I]    thread_c3: ========================================================================'
b'[I]    thread_c3: Product 1 out, ts: 10'
b'[I]    thread_c3: ========================================================================'
b'[I]    thread_c3: Product 2 out, ts: 13'
b'[I]    thread_c3: Last update 1 pbox[2] = 10'
b'[I]    thread_c3: Update score pbox[2][11] + 0.5 = 0.5'
b'[I]    thread_c3: Update score pbox[2][12] + 0.5 = 0.5'
b'[I]    thread_c3: Add score pbox[2][13] + 0.5 = 0.5'
b'[I]    thread_c3: Last update 1 pbox[3] = 10'
b'[I]    thread_c3: Update score pbox[3][11] + 0.5 = 0.5'
b'[I]    thread_c3: Update score pbox[3][12] + 0.5 = 0.5'
b'[I]    thread_c3: Add score pbox[3][13] + 0.5 = 0.5'
b'[I]    thread_c3: Last update 2 pbox[2] = timestamp: 13 | probability: 0.5'
b'[I]    thread_c3: Last update 2 pbox[3] = timestamp: 13 | probability: 0.5'
b'[I]    thread_c3: Dominating : [5]'
b'[I]    thread_c3: Product active now : [5, 2, 3]'
b'[I]    thread_c3: Active child = [5]'
b'[I]    thread_c3: Active child of [P-2] : [5]'
b'[I]    thread_c3: Customer value : [6, 11]'
b"[I]    thread_c3: Product value : {5: {'value': [12, 10], 'diff': [6, 1]}}"
b"[I]    thread_c3: Current DSL : {3: {'value': [6, 15], 'diff': [0, 4], 'dominating': [1], 'last_ts': 13, 'last_prob': 0.5}}"
b"[I]    thread_c3: Current DSL + Product value : {3: {'value': [6, 15], 'diff': [0, 4], 'dominating': [1], 'last_ts': 13, 'last_prob': 0.5}, 5: {'value': [12, 10], 'diff': [6, 1]}}"
b'[I]    thread_c3: Current DSL sorted : [3, 5]'
b"[I]    thread_c3: DSL Result : {3: {'value': [6, 15], 'diff': [0, 4], 'dominating': [1], 'last_ts': 13, 'last_prob': 0.5}, 5: {'value': [12, 10], 'diff': [6, 1]}}"
b'[I]    thread_c3: Last update 1 pbox[3] = 13'
b'[I]    thread_c3: Last update 1 pbox[5] = 0'
b'[I]    thread_c3: Add score pbox[5][13] + 0.5 = 1.0'
b'[I]    thread_c3: Last update 2 pbox[3] = timestamp: 13 | probability: 0.5'
b'[I]    thread_c3: Last update 2 pbox[5] = timestamp: 13 | probability: 0.5'
b'[I]    thread_c3: ========================================================================'
b'[I]    thread_c3: Product 3 out, ts: 15'
b'[I]    thread_c3: Last update 1 pbox[3] = 13'
b'[I]    thread_c3: Update score pbox[3][14] + 0.5 = 0.5'
b'[I]    thread_c3: Add score pbox[3][15] + 0.5 = 0.5'
b'[I]    thread_c3: Last update 1 pbox[5] = 13'
b'[I]    thread_c3: Update score pbox[5][14] + 0.5 = 0.5'
b'[I]    thread_c3: Add score pbox[5][15] + 0.5 = 0.5'
b'[I]    thread_c3: Last update 2 pbox[3] = timestamp: 15 | probability: 0.5'
b'[I]    thread_c3: Last update 2 pbox[5] = timestamp: 15 | probability: 0.5'
b'[I]    thread_c3: Dominating : [1]'
b'[I]    thread_c3: Product active now : [5, 3]'
b'[I]    thread_c3: Active child = []'
b'[I]    thread_c3: Active child of [P-3] : []'
b'[I]    thread_c3: ========================================================================'
b'[I]    thread_c3: Product 5 out, ts: 15'
b'[I]    thread_c3: ========================================================================'
b'[I]    thread_c3: thread_c3 killed..., ts: 15'
b'[I]    thread_c3: thread_c3 exiting'
