b'[I]    thread_c5: thread_c5 starting..., ts: 5'
b'[I]    thread_c5: ========================================================================'
b'[I]    thread_c5: Initial dynamic skyline'
b'[I]    thread_c5: Customer value : [9, 10]'
b"[I]    thread_c5: Product value : {1: {'value': [6, 3], 'diff': [3, 7]}, 4: {'value': [9, 5], 'diff': [0, 5]}, 5: {'value': [12, 10], 'diff': [3, 0]}}"
b'[I]    thread_c5: Current DSL : {}'
b"[I]    thread_c5: Current DSL + Product value : {1: {'value': [6, 3], 'diff': [3, 7]}, 4: {'value': [9, 5], 'diff': [0, 5]}, 5: {'value': [12, 10], 'diff': [3, 0]}}"
b'[I]    thread_c5: Current DSL sorted : [4, 5, 1]'
b"[I]    thread_c5: DSL Result : {4: {'value': [9, 5], 'diff': [0, 5], 'dominating': [1]}, 5: {'value': [12, 10], 'diff': [3, 0]}}"
b'[I]    thread_c5: Last update 1 pbox[4] = 0'
b'[I]    thread_c5: Add score pbox[4][5] + 0.5 = 1.6666666666666665'
b'[I]    thread_c5: Last update 1 pbox[5] = 0'
b'[I]    thread_c5: Add score pbox[5][5] + 0.5 = 1.6666666666666665'
b'[I]    thread_c5: Last update 2 pbox[4] = timestamp: 5 | probability: 0.5'
b'[I]    thread_c5: Last update 2 pbox[5] = timestamp: 5 | probability: 0.5'
b'[I]    thread_c5: ========================================================================'
b'[I]    thread_c5: Product 2 in, ts: 6'
b'[I]    thread_c5: Customer value : [9, 10]'
b"[I]    thread_c5: Product value : {2: {'value': [4, 12], 'diff': [5, 2]}}"
b"[I]    thread_c5: Current DSL : {4: {'value': [9, 5], 'diff': [0, 5], 'dominating': [1], 'last_ts': 5, 'last_prob': 0.5}, 5: {'value': [12, 10], 'diff': [3, 0], 'last_ts': 5, 'last_prob': 0.5}}"
b"[I]    thread_c5: Current DSL + Product value : {4: {'value': [9, 5], 'diff': [0, 5], 'dominating': [1], 'last_ts': 5, 'last_prob': 0.5}, 5: {'value': [12, 10], 'diff': [3, 0], 'last_ts': 5, 'last_prob': 0.5}, 2: {'value': [4, 12], 'diff': [5, 2]}}"
b'[I]    thread_c5: Current DSL sorted : [4, 5, 2]'
b"[I]    thread_c5: DSL Result : {4: {'value': [9, 5], 'diff': [0, 5], 'dominating': [1], 'last_ts': 5, 'last_prob': 0.5}, 5: {'value': [12, 10], 'diff': [3, 0], 'last_ts': 5, 'last_prob': 0.5, 'dominating': [2]}}"
b'[I]    thread_c5: Last update 1 pbox[4] = 5'
b'[I]    thread_c5: Add score pbox[4][6] + 0.5 = 0.8333333333333333'
b'[I]    thread_c5: Last update 1 pbox[5] = 5'
b'[I]    thread_c5: Add score pbox[5][6] + 0.5 = 1.0'
b'[I]    thread_c5: Last update 2 pbox[4] = timestamp: 6 | probability: 0.5'
b'[I]    thread_c5: Last update 2 pbox[5] = timestamp: 6 | probability: 0.5'
b'[I]    thread_c5: ========================================================================'
b'[I]    thread_c5: Product 3 in, ts: 9'
b'[I]    thread_c5: Customer value : [9, 10]'
b"[I]    thread_c5: Product value : {3: {'value': [6, 15], 'diff': [3, 5]}}"
b"[I]    thread_c5: Current DSL : {4: {'value': [9, 5], 'diff': [0, 5], 'dominating': [1], 'last_ts': 6, 'last_prob': 0.5}, 5: {'value': [12, 10], 'diff': [3, 0], 'last_ts': 6, 'last_prob': 0.5, 'dominating': [2]}}"
b"[I]    thread_c5: Current DSL + Product value : {4: {'value': [9, 5], 'diff': [0, 5], 'dominating': [1], 'last_ts': 6, 'last_prob': 0.5}, 5: {'value': [12, 10], 'diff': [3, 0], 'last_ts': 6, 'last_prob': 0.5, 'dominating': [2]}, 3: {'value': [6, 15], 'diff': [3, 5]}}"
b'[I]    thread_c5: Current DSL sorted : [4, 5, 3]'
b"[I]    thread_c5: DSL Result : {4: {'value': [9, 5], 'diff': [0, 5], 'dominating': [1, 3], 'last_ts': 6, 'last_prob': 0.5}, 5: {'value': [12, 10], 'diff': [3, 0], 'last_ts': 6, 'last_prob': 0.5, 'dominating': [2]}}"
b'[I]    thread_c5: Last update 1 pbox[4] = 6'
b'[I]    thread_c5: Update score pbox[4][7] + 0.5 = 1.3333333333333333'
b'[I]    thread_c5: Update score pbox[4][8] + 0.5 = 1.3333333333333333'
b'[I]    thread_c5: Add score pbox[4][9] + 0.5 = 0.5'
b'[I]    thread_c5: Last update 1 pbox[5] = 6'
b'[I]    thread_c5: Update score pbox[5][7] + 0.5 = 0.8333333333333333'
b'[I]    thread_c5: Update score pbox[5][8] + 0.5 = 0.8333333333333333'
b'[I]    thread_c5: Add score pbox[5][9] + 0.5 = 0.5'
b'[I]    thread_c5: Last update 2 pbox[4] = timestamp: 9 | probability: 0.5'
b'[I]    thread_c5: Last update 2 pbox[5] = timestamp: 9 | probability: 0.5'
b'[I]    thread_c5: ========================================================================'
b'[I]    thread_c5: Product 4 out, ts: 9'
b'[I]    thread_c5: Dominating : [1, 3]'
b'[I]    thread_c5: Product active now : [1, 4, 5, 2, 3]'
b'[I]    thread_c5: Active child = [1, 3]'
b'[I]    thread_c5: Active child of [P-4] : [1, 3]'
b'[I]    thread_c5: Customer value : [9, 10]'
b"[I]    thread_c5: Product value : {1: {'value': [6, 3], 'diff': [3, 7]}, 3: {'value': [6, 15], 'diff': [3, 5]}}"
b"[I]    thread_c5: Current DSL : {5: {'value': [12, 10], 'diff': [3, 0], 'last_ts': 9, 'last_prob': 0.5, 'dominating': [2]}}"
b"[I]    thread_c5: Current DSL + Product value : {5: {'value': [12, 10], 'diff': [3, 0], 'last_ts': 9, 'last_prob': 0.5, 'dominating': [2]}, 1: {'value': [6, 3], 'diff': [3, 7]}, 3: {'value': [6, 15], 'diff': [3, 5]}}"
b'[I]    thread_c5: Current DSL sorted : [5, 3, 1]'
b"[I]    thread_c5: DSL Result : {5: {'value': [12, 10], 'diff': [3, 0], 'last_ts': 9, 'last_prob': 0.5, 'dominating': [2, 3, 1]}}"
b'[I]    thread_c5: Last update 1 pbox[5] = 9'
b'[I]    thread_c5: Last update 2 pbox[5] = timestamp: 9 | probability: 1.0'
b'[I]    thread_c5: ========================================================================'
b'[I]    thread_c5: Product 1 out, ts: 10'
b'[I]    thread_c5: ========================================================================'
b'[I]    thread_c5: Product 2 out, ts: 13'
b'[I]    thread_c5: ========================================================================'
b'[I]    thread_c5: Product 3 out, ts: 15'
b'[I]    thread_c5: ========================================================================'
b'[I]    thread_c5: Product 5 out, ts: 15'
b'[I]    thread_c5: Last update 1 pbox[5] = 9'
b'[I]    thread_c5: Update score pbox[5][10] + 1.0 = 1.5'
b'[I]    thread_c5: Update score pbox[5][11] + 1.0 = 1.5'
b'[I]    thread_c5: Update score pbox[5][12] + 1.0 = 1.5'
b'[I]    thread_c5: Update score pbox[5][13] + 1.0 = 2.0'
b'[I]    thread_c5: Update score pbox[5][14] + 1.0 = 2.0'
b'[I]    thread_c5: Add score pbox[5][15] + 1.0 = 1.5'
b'[I]    thread_c5: Last update 2 pbox[5] = timestamp: 15 | probability: 1.0'
b'[I]    thread_c5: Dominating : [2, 3, 1]'
b'[I]    thread_c5: Product active now : [5]'
b'[I]    thread_c5: Active child = []'
b'[I]    thread_c5: Active child of [P-5] : []'
b'[I]    thread_c5: ========================================================================'
b'[I]    thread_c5: thread_c5 killed..., ts: 15'
b'[I]    thread_c5: thread_c5 exiting'
