\BOOKMARK [0][-]{Doc-Start}{SAMPUL}{}% 1
\BOOKMARK [0][-]{Doc-Start}{LEMBAR\040PENGESAHAN}{}% 2
\BOOKMARK [0][-]{figure.caption.1}{ABSTRAK}{}% 3
\BOOKMARK [0][-]{figure.caption.1}{ABSTRACT}{}% 4
\BOOKMARK [0][-]{chapter*.2}{KATA\040PENGANTAR}{}% 5
\BOOKMARK [0][-]{chapter*.3}{DAFTAR\040ISI}{}% 6
\BOOKMARK [0][-]{chapter*.4}{DAFTAR\040TABEL}{}% 7
\BOOKMARK [0][-]{chapter*.5}{DAFTAR\040GAMBAR}{}% 8
\BOOKMARK [0][-]{chapter*.6}{DAFTAR\040KODE\040SUMBER}{}% 9
\BOOKMARK [0][-]{chapter.1}{PENDAHULUAN}{}% 10
\BOOKMARK [1][-]{section.1.1}{Latar\040Belakang}{chapter.1}% 11
\BOOKMARK [1][-]{section.1.2}{Rumusan\040Masalah}{chapter.1}% 12
\BOOKMARK [1][-]{section.1.3}{Batasan\040Masalah}{chapter.1}% 13
\BOOKMARK [1][-]{section.1.4}{Tujuan}{chapter.1}% 14
\BOOKMARK [1][-]{section.1.5}{Manfaat}{chapter.1}% 15
\BOOKMARK [1][-]{section.1.6}{Metodologi}{chapter.1}% 16
\BOOKMARK [1][-]{section.1.7}{Sistematika\040Penulisan}{chapter.1}% 17
\BOOKMARK [0][-]{chapter.2}{TINJAUAN\040PUSTAKA}{}% 18
\BOOKMARK [1][-]{section.2.1}{Daftar\040Simbol}{chapter.2}% 19
\BOOKMARK [1][-]{section.2.2}{Data}{chapter.2}% 20
\BOOKMARK [2][-]{subsection.2.2.1}{Data\040Multidimensi}{section.2.2}% 21
\BOOKMARK [2][-]{subsection.2.2.2}{Data\040Serial\040Waktu}{section.2.2}% 22
\BOOKMARK [2][-]{subsection.2.2.3}{Data\040Multidimensi\040dengan\040Serial\040Waktu}{section.2.2}% 23
\BOOKMARK [1][-]{section.2.3}{Skyline}{chapter.2}% 24
\BOOKMARK [1][-]{section.2.4}{Dominansi\040Dinamis}{chapter.2}% 25
\BOOKMARK [1][-]{section.2.5}{Dynamic\040Skyline}{chapter.2}% 26
\BOOKMARK [1][-]{section.2.6}{Kueri\040k-Most\040Promising\040Products\040\(k-MPP\)}{chapter.2}% 27
\BOOKMARK [2][-]{subsection.2.6.1}{Uniform\040Product\040Adoption\040\(UPA\)}{section.2.6}% 28
\BOOKMARK [2][-]{subsection.2.6.2}{Strategi\040Pemilihan\040Produk}{section.2.6}% 29
\BOOKMARK [1][-]{section.2.7}{Interval\040Waktu\040Kueri}{chapter.2}% 30
\BOOKMARK [1][-]{section.2.8}{Python}{chapter.2}% 31
\BOOKMARK [1][-]{section.2.9}{Flask}{chapter.2}% 32
\BOOKMARK [0][-]{chapter.3}{ANALISIS\040DAN\040PERANCANGAN\040SISTEM}{}% 33
\BOOKMARK [1][-]{section.3.1}{Daftar\040Istilah}{chapter.3}% 34
\BOOKMARK [1][-]{section.3.2}{Analisis\040Sistem}{chapter.3}% 35
\BOOKMARK [2][-]{subsection.3.2.1}{Analisis\040Permasalahan}{section.3.2}% 36
\BOOKMARK [2][-]{subsection.3.2.2}{Deskripsi\040Umum\040Sistem}{section.3.2}% 37
\BOOKMARK [1][-]{section.3.3}{Perancangan\040Sistem}{chapter.3}% 38
\BOOKMARK [2][-]{subsection.3.3.1}{Data\040Preprocessing}{section.3.3}% 39
\BOOKMARK [2][-]{subsection.3.3.2}{Proses\040Utama}{section.3.3}% 40
\BOOKMARK [0][-]{chapter.4}{IMPLEMENTASI}{}% 41
\BOOKMARK [1][-]{section.4.1}{Lingkungan\040Implementasi}{chapter.4}% 42
\BOOKMARK [1][-]{section.4.2}{Rancangan\040Data}{chapter.4}% 43
\BOOKMARK [2][-]{subsection.4.2.1}{Data\040Masukan}{section.4.2}% 44
\BOOKMARK [2][-]{subsection.4.2.2}{Data\040Keluaran}{section.4.2}% 45
\BOOKMARK [1][-]{section.4.3}{Implementasi\040Algoritma}{chapter.4}% 46
\BOOKMARK [2][-]{subsection.4.3.1}{Header\040yang\040Diperlukan}{section.4.3}% 47
\BOOKMARK [2][-]{subsection.4.3.2}{Variabel\040Global}{section.4.3}% 48
\BOOKMARK [2][-]{subsection.4.3.3}{Implementasi\040Fungsi\040Main}{section.4.3}% 49
\BOOKMARK [2][-]{subsection.4.3.4}{Implementasi\040Struct\040Node}{section.4.3}% 50
\BOOKMARK [2][-]{subsection.4.3.5}{Implementasi\040Fungsi\040Newnode}{section.4.3}% 51
\BOOKMARK [2][-]{subsection.4.3.6}{Implementasi\040Fungsi\040Build}{section.4.3}% 52
\BOOKMARK [2][-]{subsection.4.3.7}{Implementasi\040Fungsi\040Getsize}{section.4.3}% 53
\BOOKMARK [2][-]{subsection.4.3.8}{Implementasi\040Fungsi\040Split}{section.4.3}% 54
\BOOKMARK [2][-]{subsection.4.3.9}{Implementasi\040Fungsi\040Random}{section.4.3}% 55
\BOOKMARK [2][-]{subsection.4.3.10}{Implementasi\040Fungsi\040Concate}{section.4.3}% 56
\BOOKMARK [2][-]{subsection.4.3.11}{Implementasi\040Fungsi\040Insert}{section.4.3}% 57
\BOOKMARK [2][-]{subsection.4.3.12}{Implementasi\040Fungsi\040Mutable\040Begin}{section.4.3}% 58
\BOOKMARK [2][-]{subsection.4.3.13}{Implementasi\040Fungsi\040Mutable\040End}{section.4.3}% 59
\BOOKMARK [2][-]{subsection.4.3.14}{Implementasi\040Fungsi\040Print}{section.4.3}% 60
\BOOKMARK [0][-]{chapter.5}{UJI\040COBA\040DAN\040EVALUASI}{}% 61
\BOOKMARK [1][-]{section.5.1}{Lingkungan\040Uji\040Coba}{chapter.5}% 62
\BOOKMARK [1][-]{section.5.2}{Uji\040Coba\040Kebenaran}{chapter.5}% 63
\BOOKMARK [1][-]{section.5.3}{Uji\040Coba\040Kinerja}{chapter.5}% 64
\BOOKMARK [2][-]{subsection.5.3.1}{Operasi\0401\040Menggabungkan\040Rope\040pada\040Posisi\040Awal}{section.5.3}% 65
\BOOKMARK [2][-]{subsection.5.3.2}{Operasi\0402\040Menggabungkan\040Rope\040pada\040Posisi\040Akhir}{section.5.3}% 66
\BOOKMARK [2][-]{subsection.5.3.3}{Operasi\0403\040Mencetak\040Karakter\040pada\040Indeks\040ke-Y}{section.5.3}% 67
\BOOKMARK [1][-]{section.5.4}{Analisis\040Hasil\040Uji\040Coba}{chapter.5}% 68
\BOOKMARK [0][-]{chapter.6}{KESIMPULAN}{}% 69
\BOOKMARK [1][-]{section.6.1}{Kesimpulan}{chapter.6}% 70
\BOOKMARK [1][-]{section.6.2}{Saran}{chapter.6}% 71
\BOOKMARK [0][-]{appendix*.28}{DAFTAR\040PUSTAKA}{}% 72
\BOOKMARK [0][-]{appendix*.29}{BIODATA\040PENULIS}{}% 73
